16-Jul-2024 02:00:49.842 INFO [Thread-1] org.apache.coyote.AbstractProtocol.pause Pausing ProtocolHandler ["http-nio-8080"]
16-Jul-2024 02:00:50.139 INFO [Thread-1] org.apache.catalina.core.StandardService.stopInternal Stopping service [Catalina]
16-Jul-2024 02:00:50.196 INFO [Thread-1] org.apache.coyote.AbstractProtocol.stop Stopping ProtocolHandler ["http-nio-8080"]
16-Jul-2024 02:00:50.218 INFO [Thread-1] org.apache.coyote.AbstractProtocol.destroy Destroying ProtocolHandler ["http-nio-8080"]
16-Jul-2024 02:01:05.285 INFO [main] org.apache.catalina.startup.VersionLoggerListener.log Имя версии сервера:    Apache Tomcat/9.0.91
16-Jul-2024 02:01:05.290 INFO [main] org.apache.catalina.startup.VersionLoggerListener.log Сервер собран:         Jul 2 2024 12:35:51 UTC
16-Jul-2024 02:01:05.290 INFO [main] org.apache.catalina.startup.VersionLoggerListener.log Номер версии сервера:  9.0.91.0
16-Jul-2024 02:01:05.290 INFO [main] org.apache.catalina.startup.VersionLoggerListener.log OS Name:               Windows 11
16-Jul-2024 02:01:05.290 INFO [main] org.apache.catalina.startup.VersionLoggerListener.log Версия ОС:             10.0
16-Jul-2024 02:01:05.291 INFO [main] org.apache.catalina.startup.VersionLoggerListener.log Архитектура:           amd64
16-Jul-2024 02:01:05.291 INFO [main] org.apache.catalina.startup.VersionLoggerListener.log Java Home:             C:\Program Files\Java\jdk-20
16-Jul-2024 02:01:05.291 INFO [main] org.apache.catalina.startup.VersionLoggerListener.log Версия JVM:            20.0.1+9-29
16-Jul-2024 02:01:05.291 INFO [main] org.apache.catalina.startup.VersionLoggerListener.log Производитель JVM:     Oracle Corporation
16-Jul-2024 02:01:05.291 INFO [main] org.apache.catalina.startup.VersionLoggerListener.log CATALINA_BASE:         C:\Users\Admin\Desktop\y_lab_homework\homework4\apache-tomcat-9.0.91
16-Jul-2024 02:01:05.291 INFO [main] org.apache.catalina.startup.VersionLoggerListener.log CATALINA_HOME:         C:\Users\Admin\Desktop\y_lab_homework\homework4\apache-tomcat-9.0.91
16-Jul-2024 02:01:05.307 INFO [main] org.apache.catalina.startup.VersionLoggerListener.log Command line argument: --add-opens=java.base/java.lang=ALL-UNNAMED
16-Jul-2024 02:01:05.308 INFO [main] org.apache.catalina.startup.VersionLoggerListener.log Command line argument: --add-opens=java.base/java.io=ALL-UNNAMED
16-Jul-2024 02:01:05.308 INFO [main] org.apache.catalina.startup.VersionLoggerListener.log Command line argument: --add-opens=java.base/java.util=ALL-UNNAMED
16-Jul-2024 02:01:05.308 INFO [main] org.apache.catalina.startup.VersionLoggerListener.log Command line argument: --add-opens=java.base/java.util.concurrent=ALL-UNNAMED
16-Jul-2024 02:01:05.308 INFO [main] org.apache.catalina.startup.VersionLoggerListener.log Command line argument: --add-opens=java.rmi/sun.rmi.transport=ALL-UNNAMED
16-Jul-2024 02:01:05.308 INFO [main] org.apache.catalina.startup.VersionLoggerListener.log Command line argument: -Djava.util.logging.config.file=C:\Users\Admin\Desktop\y_lab_homework\homework4\apache-tomcat-9.0.91\conf\logging.properties
16-Jul-2024 02:01:05.308 INFO [main] org.apache.catalina.startup.VersionLoggerListener.log Command line argument: -Djava.util.logging.manager=org.apache.juli.ClassLoaderLogManager
16-Jul-2024 02:01:05.311 INFO [main] org.apache.catalina.startup.VersionLoggerListener.log Command line argument: -Djdk.tls.ephemeralDHKeySize=2048
16-Jul-2024 02:01:05.312 INFO [main] org.apache.catalina.startup.VersionLoggerListener.log Command line argument: -Djava.protocol.handler.pkgs=org.apache.catalina.webresources
16-Jul-2024 02:01:05.312 INFO [main] org.apache.catalina.startup.VersionLoggerListener.log Command line argument: -Dignore.endorsed.dirs=
16-Jul-2024 02:01:05.312 INFO [main] org.apache.catalina.startup.VersionLoggerListener.log Command line argument: -Dcatalina.base=C:\Users\Admin\Desktop\y_lab_homework\homework4\apache-tomcat-9.0.91
16-Jul-2024 02:01:05.313 INFO [main] org.apache.catalina.startup.VersionLoggerListener.log Command line argument: -Dcatalina.home=C:\Users\Admin\Desktop\y_lab_homework\homework4\apache-tomcat-9.0.91
16-Jul-2024 02:01:05.313 INFO [main] org.apache.catalina.startup.VersionLoggerListener.log Command line argument: -Djava.io.tmpdir=C:\Users\Admin\Desktop\y_lab_homework\homework4\apache-tomcat-9.0.91\temp
16-Jul-2024 02:01:05.323 INFO [main] org.apache.catalina.core.AprLifecycleListener.lifecycleEvent The Apache Tomcat Native library which allows using OpenSSL was not found on the java.library.path: [C:\Program Files\Java\jdk-20\bin;C:\WINDOWS\Sun\Java\bin;C:\WINDOWS\system32;C:\WINDOWS;C:\Program Files (x86)\NVIDIA Corporation\PhysX\Common;C:\Windows\system32;C:\Windows;C:\Windows\System32\Wbem;C:\Windows\System32\WindowsPowerShell\v1.0\;C:\Windows\System32\OpenSSH\;C:\Program Files\apache-maven-3.8.6\bin;C:\Program Files\dotnet\;C:\Program Files\Microsoft SQL Server\150\Tools\Binn\;C:\Program Files\Microsoft\Web Platform Installer\;C:\Program Files (x86)\Microsoft ASP.NET\ASP.NET Web Pages\v1.0\;C:\Program Files\Microsoft SQL Server\110\Tools\Binn\;C:\Program Files\MySQL\MySQL Server 8.0\bin;C:\Program Files\Android\CL\cmdline-tools\bin;C:\Program Files\gradle-7.6\bin;C:\Program Files\nodejs\;C:\Program Files\PuTTY\;C:\WINDOWS\system32;C:\WINDOWS;C:\WINDOWS\System32\Wbem;C:\WINDOWS\System32\WindowsPowerShell\v1.0\;C:\WINDOWS\System32\OpenSSH\;C:\Program Files (x86)\mingw64\bin;C:\Users\Admin\AppData\Local\bin\NASM;C:\Program Files\PostgreSQL\15\pgAdmin 4\runtime\;C:\Users\Admin\AppData\Local\Programs\Python\Python311;C:\Program Files\Git\cmd;C:\Program Files\GitHub CLI\;C:\Program Files\Java\jdk-20\bin;C:\Users\Admin\AppData\Local\Microsoft\WinGet\Packages\Genymobile.scrcpy_Microsoft.Winget.Source_8wekyb3d8bbwe\scrcpy-win64-v2.1.1;C:\Program Files\WireGuard\;C:\masm32\bin;C:\Program Files\NASM;C:\Program Files\Docker\Docker\resources\bin;C:\Program Files\Docker\cli-plugins;C:\Program Files\MySQL\MySQL Shell 8.0\bin\;C:\Users\Admin\AppData\Local\Programs\Python\Python311\Scripts\;C:\Users\Admin\AppData\Local\Programs\Python\Python311\;C:\Users\Admin\AppData\Local\Microsoft\WindowsApps;C:\Program Files\Java\jdk-20\bin;C:\Users\Admin\AppData\Local\Programs\MiKTeX\miktex\bin\x64\;C:\Users\Admin\AppData\Local\Programs\Microsoft VS Code\bin;C:\Users\Admin\.dotnet\tools;C:\Program Files\gcc-12.2.0-no-debug\bin;C:\Users\Admin\AppData\Roaming\npm;C:\Program Files\JetBrains\IntelliJ IDEA Community Edition 2023.1.1\bin;;C:\Users\Admin\AppData\Local\Microsoft\WinGet\Packages\Genymobile.scrcpy_Microsoft.Winget.Source_8wekyb3d8bbwe\scrcpy-win64-v2.1.1;;C:\Program Files\liquibase;.]
16-Jul-2024 02:01:05.694 INFO [main] org.apache.coyote.AbstractProtocol.init Инициализация ProtocolHandler ["http-nio-8080"]
16-Jul-2024 02:01:05.756 INFO [main] org.apache.catalina.startup.Catalina.load Server initialization in [777] milliseconds
16-Jul-2024 02:01:05.835 INFO [main] org.apache.catalina.core.StandardService.startInternal Starting service [Catalina]
16-Jul-2024 02:01:05.836 INFO [main] org.apache.catalina.core.StandardEngine.startInternal Starting Servlet engine: [Apache Tomcat/9.0.91]
16-Jul-2024 02:01:05.845 INFO [main] org.apache.catalina.startup.HostConfig.deployDirectory Установка веб приложения в папку [C:\Users\Admin\Desktop\y_lab_homework\homework4\apache-tomcat-9.0.91\webapps\docs]
16-Jul-2024 02:01:06.165 INFO [main] org.apache.catalina.startup.HostConfig.deployDirectory Deployment of web application directory [C:\Users\Admin\Desktop\y_lab_homework\homework4\apache-tomcat-9.0.91\webapps\docs] has finished in [317] ms
16-Jul-2024 02:01:06.165 INFO [main] org.apache.catalina.startup.HostConfig.deployDirectory Установка веб приложения в папку [C:\Users\Admin\Desktop\y_lab_homework\homework4\apache-tomcat-9.0.91\webapps\examples]
16-Jul-2024 02:01:06.679 INFO [main] org.apache.catalina.startup.HostConfig.deployDirectory Deployment of web application directory [C:\Users\Admin\Desktop\y_lab_homework\homework4\apache-tomcat-9.0.91\webapps\examples] has finished in [514] ms
16-Jul-2024 02:01:06.680 INFO [main] org.apache.catalina.startup.HostConfig.deployDirectory Установка веб приложения в папку [C:\Users\Admin\Desktop\y_lab_homework\homework4\apache-tomcat-9.0.91\webapps\homework4]
16-Jul-2024 02:01:06.844 WARNING [main] org.apache.tomcat.util.descriptor.web.WebXml.setVersion Unknown version string [5.0]. Default version will be used.
16-Jul-2024 02:01:08.641 INFO [main] org.apache.jasper.servlet.TldScanner.scanJars At least one JAR was scanned for TLDs yet contained no TLDs. Enable debug logging for this logger for a complete list of JARs that were scanned but no TLDs were found in them. Skipping unneeded JARs during scanning can improve startup time and JSP compilation time.
16-Jul-2024 02:01:08.722 INFO [main] org.apache.catalina.startup.HostConfig.deployDirectory Deployment of web application directory [C:\Users\Admin\Desktop\y_lab_homework\homework4\apache-tomcat-9.0.91\webapps\homework4] has finished in [2 042] ms
16-Jul-2024 02:01:08.723 INFO [main] org.apache.catalina.startup.HostConfig.deployDirectory Установка веб приложения в папку [C:\Users\Admin\Desktop\y_lab_homework\homework4\apache-tomcat-9.0.91\webapps\host-manager]
16-Jul-2024 02:01:08.788 INFO [main] org.apache.catalina.startup.HostConfig.deployDirectory Deployment of web application directory [C:\Users\Admin\Desktop\y_lab_homework\homework4\apache-tomcat-9.0.91\webapps\host-manager] has finished in [65] ms
16-Jul-2024 02:01:08.788 INFO [main] org.apache.catalina.startup.HostConfig.deployDirectory Установка веб приложения в папку [C:\Users\Admin\Desktop\y_lab_homework\homework4\apache-tomcat-9.0.91\webapps\manager]
16-Jul-2024 02:01:08.838 INFO [main] org.apache.catalina.startup.HostConfig.deployDirectory Deployment of web application directory [C:\Users\Admin\Desktop\y_lab_homework\homework4\apache-tomcat-9.0.91\webapps\manager] has finished in [49] ms
16-Jul-2024 02:01:08.839 INFO [main] org.apache.catalina.startup.HostConfig.deployDirectory Установка веб приложения в папку [C:\Users\Admin\Desktop\y_lab_homework\homework4\apache-tomcat-9.0.91\webapps\ROOT]
16-Jul-2024 02:01:08.874 INFO [main] org.apache.catalina.startup.HostConfig.deployDirectory Deployment of web application directory [C:\Users\Admin\Desktop\y_lab_homework\homework4\apache-tomcat-9.0.91\webapps\ROOT] has finished in [35] ms
16-Jul-2024 02:01:08.880 INFO [main] org.apache.coyote.AbstractProtocol.start Starting ProtocolHandler ["http-nio-8080"]
16-Jul-2024 02:01:08.939 INFO [main] org.apache.catalina.startup.Catalina.start Server startup in [3179] milliseconds
16-Jul-2024 02:12:09.098 INFO [Thread-1] org.apache.coyote.AbstractProtocol.pause Pausing ProtocolHandler ["http-nio-8080"]
16-Jul-2024 02:12:09.378 INFO [Thread-1] org.apache.catalina.core.StandardService.stopInternal Stopping service [Catalina]
16-Jul-2024 02:12:09.414 INFO [Thread-1] org.apache.coyote.AbstractProtocol.stop Stopping ProtocolHandler ["http-nio-8080"]
16-Jul-2024 02:12:09.426 INFO [Thread-1] org.apache.coyote.AbstractProtocol.destroy Destroying ProtocolHandler ["http-nio-8080"]
16-Jul-2024 02:12:21.625 INFO [main] org.apache.catalina.startup.VersionLoggerListener.log Имя версии сервера:    Apache Tomcat/9.0.91
16-Jul-2024 02:12:21.628 INFO [main] org.apache.catalina.startup.VersionLoggerListener.log Сервер собран:         Jul 2 2024 12:35:51 UTC
16-Jul-2024 02:12:21.629 INFO [main] org.apache.catalina.startup.VersionLoggerListener.log Номер версии сервера:  9.0.91.0
16-Jul-2024 02:12:21.629 INFO [main] org.apache.catalina.startup.VersionLoggerListener.log OS Name:               Windows 11
16-Jul-2024 02:12:21.629 INFO [main] org.apache.catalina.startup.VersionLoggerListener.log Версия ОС:             10.0
16-Jul-2024 02:12:21.629 INFO [main] org.apache.catalina.startup.VersionLoggerListener.log Архитектура:           amd64
16-Jul-2024 02:12:21.629 INFO [main] org.apache.catalina.startup.VersionLoggerListener.log Java Home:             C:\Program Files\Java\jdk-20
16-Jul-2024 02:12:21.629 INFO [main] org.apache.catalina.startup.VersionLoggerListener.log Версия JVM:            20.0.1+9-29
16-Jul-2024 02:12:21.630 INFO [main] org.apache.catalina.startup.VersionLoggerListener.log Производитель JVM:     Oracle Corporation
16-Jul-2024 02:12:21.630 INFO [main] org.apache.catalina.startup.VersionLoggerListener.log CATALINA_BASE:         C:\Users\Admin\Desktop\y_lab_homework\homework4\apache-tomcat-9.0.91
16-Jul-2024 02:12:21.630 INFO [main] org.apache.catalina.startup.VersionLoggerListener.log CATALINA_HOME:         C:\Users\Admin\Desktop\y_lab_homework\homework4\apache-tomcat-9.0.91
16-Jul-2024 02:12:21.640 INFO [main] org.apache.catalina.startup.VersionLoggerListener.log Command line argument: --add-opens=java.base/java.lang=ALL-UNNAMED
16-Jul-2024 02:12:21.641 INFO [main] org.apache.catalina.startup.VersionLoggerListener.log Command line argument: --add-opens=java.base/java.io=ALL-UNNAMED
16-Jul-2024 02:12:21.641 INFO [main] org.apache.catalina.startup.VersionLoggerListener.log Command line argument: --add-opens=java.base/java.util=ALL-UNNAMED
16-Jul-2024 02:12:21.641 INFO [main] org.apache.catalina.startup.VersionLoggerListener.log Command line argument: --add-opens=java.base/java.util.concurrent=ALL-UNNAMED
16-Jul-2024 02:12:21.641 INFO [main] org.apache.catalina.startup.VersionLoggerListener.log Command line argument: --add-opens=java.rmi/sun.rmi.transport=ALL-UNNAMED
16-Jul-2024 02:12:21.642 INFO [main] org.apache.catalina.startup.VersionLoggerListener.log Command line argument: -Djava.util.logging.config.file=C:\Users\Admin\Desktop\y_lab_homework\homework4\apache-tomcat-9.0.91\conf\logging.properties
16-Jul-2024 02:12:21.642 INFO [main] org.apache.catalina.startup.VersionLoggerListener.log Command line argument: -Djava.util.logging.manager=org.apache.juli.ClassLoaderLogManager
16-Jul-2024 02:12:21.642 INFO [main] org.apache.catalina.startup.VersionLoggerListener.log Command line argument: -Djdk.tls.ephemeralDHKeySize=2048
16-Jul-2024 02:12:21.642 INFO [main] org.apache.catalina.startup.VersionLoggerListener.log Command line argument: -Djava.protocol.handler.pkgs=org.apache.catalina.webresources
16-Jul-2024 02:12:21.642 INFO [main] org.apache.catalina.startup.VersionLoggerListener.log Command line argument: -Dignore.endorsed.dirs=
16-Jul-2024 02:12:21.642 INFO [main] org.apache.catalina.startup.VersionLoggerListener.log Command line argument: -Dcatalina.base=C:\Users\Admin\Desktop\y_lab_homework\homework4\apache-tomcat-9.0.91
16-Jul-2024 02:12:21.643 INFO [main] org.apache.catalina.startup.VersionLoggerListener.log Command line argument: -Dcatalina.home=C:\Users\Admin\Desktop\y_lab_homework\homework4\apache-tomcat-9.0.91
16-Jul-2024 02:12:21.643 INFO [main] org.apache.catalina.startup.VersionLoggerListener.log Command line argument: -Djava.io.tmpdir=C:\Users\Admin\Desktop\y_lab_homework\homework4\apache-tomcat-9.0.91\temp
16-Jul-2024 02:12:21.652 INFO [main] org.apache.catalina.core.AprLifecycleListener.lifecycleEvent The Apache Tomcat Native library which allows using OpenSSL was not found on the java.library.path: [C:\Program Files\Java\jdk-20\bin;C:\WINDOWS\Sun\Java\bin;C:\WINDOWS\system32;C:\WINDOWS;C:\Program Files (x86)\NVIDIA Corporation\PhysX\Common;C:\Windows\system32;C:\Windows;C:\Windows\System32\Wbem;C:\Windows\System32\WindowsPowerShell\v1.0\;C:\Windows\System32\OpenSSH\;C:\Program Files\apache-maven-3.8.6\bin;C:\Program Files\dotnet\;C:\Program Files\Microsoft SQL Server\150\Tools\Binn\;C:\Program Files\Microsoft\Web Platform Installer\;C:\Program Files (x86)\Microsoft ASP.NET\ASP.NET Web Pages\v1.0\;C:\Program Files\Microsoft SQL Server\110\Tools\Binn\;C:\Program Files\MySQL\MySQL Server 8.0\bin;C:\Program Files\Android\CL\cmdline-tools\bin;C:\Program Files\gradle-7.6\bin;C:\Program Files\nodejs\;C:\Program Files\PuTTY\;C:\WINDOWS\system32;C:\WINDOWS;C:\WINDOWS\System32\Wbem;C:\WINDOWS\System32\WindowsPowerShell\v1.0\;C:\WINDOWS\System32\OpenSSH\;C:\Program Files (x86)\mingw64\bin;C:\Users\Admin\AppData\Local\bin\NASM;C:\Program Files\PostgreSQL\15\pgAdmin 4\runtime\;C:\Users\Admin\AppData\Local\Programs\Python\Python311;C:\Program Files\Git\cmd;C:\Program Files\GitHub CLI\;C:\Program Files\Java\jdk-20\bin;C:\Users\Admin\AppData\Local\Microsoft\WinGet\Packages\Genymobile.scrcpy_Microsoft.Winget.Source_8wekyb3d8bbwe\scrcpy-win64-v2.1.1;C:\Program Files\WireGuard\;C:\masm32\bin;C:\Program Files\NASM;C:\Program Files\Docker\Docker\resources\bin;C:\Program Files\Docker\cli-plugins;C:\Program Files\MySQL\MySQL Shell 8.0\bin\;C:\Users\Admin\AppData\Local\Programs\Python\Python311\Scripts\;C:\Users\Admin\AppData\Local\Programs\Python\Python311\;C:\Users\Admin\AppData\Local\Microsoft\WindowsApps;C:\Program Files\Java\jdk-20\bin;C:\Users\Admin\AppData\Local\Programs\MiKTeX\miktex\bin\x64\;C:\Users\Admin\AppData\Local\Programs\Microsoft VS Code\bin;C:\Users\Admin\.dotnet\tools;C:\Program Files\gcc-12.2.0-no-debug\bin;C:\Users\Admin\AppData\Roaming\npm;C:\Program Files\JetBrains\IntelliJ IDEA Community Edition 2023.1.1\bin;;C:\Users\Admin\AppData\Local\Microsoft\WinGet\Packages\Genymobile.scrcpy_Microsoft.Winget.Source_8wekyb3d8bbwe\scrcpy-win64-v2.1.1;;C:\Program Files\liquibase;.]
16-Jul-2024 02:12:21.979 INFO [main] org.apache.coyote.AbstractProtocol.init Инициализация ProtocolHandler ["http-nio-8080"]
16-Jul-2024 02:12:22.009 INFO [main] org.apache.catalina.startup.Catalina.load Server initialization in [600] milliseconds
16-Jul-2024 02:12:22.075 INFO [main] org.apache.catalina.core.StandardService.startInternal Starting service [Catalina]
16-Jul-2024 02:12:22.075 INFO [main] org.apache.catalina.core.StandardEngine.startInternal Starting Servlet engine: [Apache Tomcat/9.0.91]
16-Jul-2024 02:12:22.082 INFO [main] org.apache.catalina.startup.HostConfig.deployDirectory Установка веб приложения в папку [C:\Users\Admin\Desktop\y_lab_homework\homework4\apache-tomcat-9.0.91\webapps\docs]
16-Jul-2024 02:12:22.421 INFO [main] org.apache.catalina.startup.HostConfig.deployDirectory Deployment of web application directory [C:\Users\Admin\Desktop\y_lab_homework\homework4\apache-tomcat-9.0.91\webapps\docs] has finished in [335] ms
16-Jul-2024 02:12:22.422 INFO [main] org.apache.catalina.startup.HostConfig.deployDirectory Установка веб приложения в папку [C:\Users\Admin\Desktop\y_lab_homework\homework4\apache-tomcat-9.0.91\webapps\examples]
16-Jul-2024 02:12:22.979 INFO [main] org.apache.catalina.startup.HostConfig.deployDirectory Deployment of web application directory [C:\Users\Admin\Desktop\y_lab_homework\homework4\apache-tomcat-9.0.91\webapps\examples] has finished in [557] ms
16-Jul-2024 02:12:22.982 INFO [main] org.apache.catalina.startup.HostConfig.deployDirectory Установка веб приложения в папку [C:\Users\Admin\Desktop\y_lab_homework\homework4\apache-tomcat-9.0.91\webapps\homework4]
16-Jul-2024 02:12:23.190 WARNING [main] org.apache.tomcat.util.descriptor.web.WebXml.setVersion Unknown version string [5.0]. Default version will be used.
16-Jul-2024 02:12:25.049 INFO [main] org.apache.jasper.servlet.TldScanner.scanJars At least one JAR was scanned for TLDs yet contained no TLDs. Enable debug logging for this logger for a complete list of JARs that were scanned but no TLDs were found in them. Skipping unneeded JARs during scanning can improve startup time and JSP compilation time.
16-Jul-2024 02:12:25.109 INFO [main] org.apache.catalina.startup.HostConfig.deployDirectory Deployment of web application directory [C:\Users\Admin\Desktop\y_lab_homework\homework4\apache-tomcat-9.0.91\webapps\homework4] has finished in [2 126] ms
16-Jul-2024 02:12:25.109 INFO [main] org.apache.catalina.startup.HostConfig.deployDirectory Установка веб приложения в папку [C:\Users\Admin\Desktop\y_lab_homework\homework4\apache-tomcat-9.0.91\webapps\host-manager]
16-Jul-2024 02:12:25.161 INFO [main] org.apache.catalina.startup.HostConfig.deployDirectory Deployment of web application directory [C:\Users\Admin\Desktop\y_lab_homework\homework4\apache-tomcat-9.0.91\webapps\host-manager] has finished in [52] ms
16-Jul-2024 02:12:25.162 INFO [main] org.apache.catalina.startup.HostConfig.deployDirectory Установка веб приложения в папку [C:\Users\Admin\Desktop\y_lab_homework\homework4\apache-tomcat-9.0.91\webapps\manager]
16-Jul-2024 02:12:25.211 INFO [main] org.apache.catalina.startup.HostConfig.deployDirectory Deployment of web application directory [C:\Users\Admin\Desktop\y_lab_homework\homework4\apache-tomcat-9.0.91\webapps\manager] has finished in [49] ms
16-Jul-2024 02:12:25.212 INFO [main] org.apache.catalina.startup.HostConfig.deployDirectory Установка веб приложения в папку [C:\Users\Admin\Desktop\y_lab_homework\homework4\apache-tomcat-9.0.91\webapps\ROOT]
16-Jul-2024 02:12:25.255 INFO [main] org.apache.catalina.startup.HostConfig.deployDirectory Deployment of web application directory [C:\Users\Admin\Desktop\y_lab_homework\homework4\apache-tomcat-9.0.91\webapps\ROOT] has finished in [43] ms
16-Jul-2024 02:12:25.263 INFO [main] org.apache.coyote.AbstractProtocol.start Starting ProtocolHandler ["http-nio-8080"]
16-Jul-2024 02:12:25.338 INFO [main] org.apache.catalina.startup.Catalina.start Server startup in [3327] milliseconds
16-Jul-2024 02:20:56.772 INFO [Thread-1] org.apache.coyote.AbstractProtocol.pause Pausing ProtocolHandler ["http-nio-8080"]
16-Jul-2024 02:20:57.020 INFO [Thread-1] org.apache.catalina.core.StandardService.stopInternal Stopping service [Catalina]
16-Jul-2024 02:20:57.071 INFO [Thread-1] org.apache.coyote.AbstractProtocol.stop Stopping ProtocolHandler ["http-nio-8080"]
16-Jul-2024 02:20:57.087 INFO [Thread-1] org.apache.coyote.AbstractProtocol.destroy Destroying ProtocolHandler ["http-nio-8080"]
16-Jul-2024 02:45:03.289 INFO [main] org.apache.catalina.startup.VersionLoggerListener.log Имя версии сервера:    Apache Tomcat/9.0.91
16-Jul-2024 02:45:03.293 INFO [main] org.apache.catalina.startup.VersionLoggerListener.log Сервер собран:         Jul 2 2024 12:35:51 UTC
16-Jul-2024 02:45:03.294 INFO [main] org.apache.catalina.startup.VersionLoggerListener.log Номер версии сервера:  9.0.91.0
16-Jul-2024 02:45:03.295 INFO [main] org.apache.catalina.startup.VersionLoggerListener.log OS Name:               Windows 11
16-Jul-2024 02:45:03.295 INFO [main] org.apache.catalina.startup.VersionLoggerListener.log Версия ОС:             10.0
16-Jul-2024 02:45:03.295 INFO [main] org.apache.catalina.startup.VersionLoggerListener.log Архитектура:           amd64
16-Jul-2024 02:45:03.295 INFO [main] org.apache.catalina.startup.VersionLoggerListener.log Java Home:             C:\Program Files\Java\jdk-20
16-Jul-2024 02:45:03.295 INFO [main] org.apache.catalina.startup.VersionLoggerListener.log Версия JVM:            20.0.1+9-29
16-Jul-2024 02:45:03.295 INFO [main] org.apache.catalina.startup.VersionLoggerListener.log Производитель JVM:     Oracle Corporation
16-Jul-2024 02:45:03.295 INFO [main] org.apache.catalina.startup.VersionLoggerListener.log CATALINA_BASE:         C:\Users\Admin\Desktop\y_lab_homework\homework4\apache-tomcat-9.0.91
16-Jul-2024 02:45:03.296 INFO [main] org.apache.catalina.startup.VersionLoggerListener.log CATALINA_HOME:         C:\Users\Admin\Desktop\y_lab_homework\homework4\apache-tomcat-9.0.91
16-Jul-2024 02:45:03.307 INFO [main] org.apache.catalina.startup.VersionLoggerListener.log Command line argument: --add-opens=java.base/java.lang=ALL-UNNAMED
16-Jul-2024 02:45:03.307 INFO [main] org.apache.catalina.startup.VersionLoggerListener.log Command line argument: --add-opens=java.base/java.io=ALL-UNNAMED
16-Jul-2024 02:45:03.307 INFO [main] org.apache.catalina.startup.VersionLoggerListener.log Command line argument: --add-opens=java.base/java.util=ALL-UNNAMED
16-Jul-2024 02:45:03.307 INFO [main] org.apache.catalina.startup.VersionLoggerListener.log Command line argument: --add-opens=java.base/java.util.concurrent=ALL-UNNAMED
16-Jul-2024 02:45:03.307 INFO [main] org.apache.catalina.startup.VersionLoggerListener.log Command line argument: --add-opens=java.rmi/sun.rmi.transport=ALL-UNNAMED
16-Jul-2024 02:45:03.308 INFO [main] org.apache.catalina.startup.VersionLoggerListener.log Command line argument: -Djava.util.logging.config.file=C:\Users\Admin\Desktop\y_lab_homework\homework4\apache-tomcat-9.0.91\conf\logging.properties
16-Jul-2024 02:45:03.308 INFO [main] org.apache.catalina.startup.VersionLoggerListener.log Command line argument: -Djava.util.logging.manager=org.apache.juli.ClassLoaderLogManager
16-Jul-2024 02:45:03.308 INFO [main] org.apache.catalina.startup.VersionLoggerListener.log Command line argument: -Djdk.tls.ephemeralDHKeySize=2048
16-Jul-2024 02:45:03.308 INFO [main] org.apache.catalina.startup.VersionLoggerListener.log Command line argument: -Djava.protocol.handler.pkgs=org.apache.catalina.webresources
16-Jul-2024 02:45:03.308 INFO [main] org.apache.catalina.startup.VersionLoggerListener.log Command line argument: -Dignore.endorsed.dirs=
16-Jul-2024 02:45:03.309 INFO [main] org.apache.catalina.startup.VersionLoggerListener.log Command line argument: -Dcatalina.base=C:\Users\Admin\Desktop\y_lab_homework\homework4\apache-tomcat-9.0.91
16-Jul-2024 02:45:03.309 INFO [main] org.apache.catalina.startup.VersionLoggerListener.log Command line argument: -Dcatalina.home=C:\Users\Admin\Desktop\y_lab_homework\homework4\apache-tomcat-9.0.91
16-Jul-2024 02:45:03.309 INFO [main] org.apache.catalina.startup.VersionLoggerListener.log Command line argument: -Djava.io.tmpdir=C:\Users\Admin\Desktop\y_lab_homework\homework4\apache-tomcat-9.0.91\temp
16-Jul-2024 02:45:03.318 INFO [main] org.apache.catalina.core.AprLifecycleListener.lifecycleEvent The Apache Tomcat Native library which allows using OpenSSL was not found on the java.library.path: [C:\Program Files\Java\jdk-20\bin;C:\WINDOWS\Sun\Java\bin;C:\WINDOWS\system32;C:\WINDOWS;C:\Program Files (x86)\NVIDIA Corporation\PhysX\Common;C:\Windows\system32;C:\Windows;C:\Windows\System32\Wbem;C:\Windows\System32\WindowsPowerShell\v1.0\;C:\Windows\System32\OpenSSH\;C:\Program Files\apache-maven-3.8.6\bin;C:\Program Files\dotnet\;C:\Program Files\Microsoft SQL Server\150\Tools\Binn\;C:\Program Files\Microsoft\Web Platform Installer\;C:\Program Files (x86)\Microsoft ASP.NET\ASP.NET Web Pages\v1.0\;C:\Program Files\Microsoft SQL Server\110\Tools\Binn\;C:\Program Files\MySQL\MySQL Server 8.0\bin;C:\Program Files\Android\CL\cmdline-tools\bin;C:\Program Files\gradle-7.6\bin;C:\Program Files\nodejs\;C:\Program Files\PuTTY\;C:\WINDOWS\system32;C:\WINDOWS;C:\WINDOWS\System32\Wbem;C:\WINDOWS\System32\WindowsPowerShell\v1.0\;C:\WINDOWS\System32\OpenSSH\;C:\Program Files (x86)\mingw64\bin;C:\Users\Admin\AppData\Local\bin\NASM;C:\Program Files\PostgreSQL\15\pgAdmin 4\runtime\;C:\Users\Admin\AppData\Local\Programs\Python\Python311;C:\Program Files\Git\cmd;C:\Program Files\GitHub CLI\;C:\Program Files\Java\jdk-20\bin;C:\Users\Admin\AppData\Local\Microsoft\WinGet\Packages\Genymobile.scrcpy_Microsoft.Winget.Source_8wekyb3d8bbwe\scrcpy-win64-v2.1.1;C:\Program Files\WireGuard\;C:\masm32\bin;C:\Program Files\NASM;C:\Program Files\Docker\Docker\resources\bin;C:\Program Files\Docker\cli-plugins;C:\Program Files\MySQL\MySQL Shell 8.0\bin\;C:\Users\Admin\AppData\Local\Programs\Python\Python311\Scripts\;C:\Users\Admin\AppData\Local\Programs\Python\Python311\;C:\Users\Admin\AppData\Local\Microsoft\WindowsApps;C:\Program Files\Java\jdk-20\bin;C:\Users\Admin\AppData\Local\Programs\MiKTeX\miktex\bin\x64\;C:\Users\Admin\AppData\Local\Programs\Microsoft VS Code\bin;C:\Users\Admin\.dotnet\tools;C:\Program Files\gcc-12.2.0-no-debug\bin;C:\Users\Admin\AppData\Roaming\npm;C:\Program Files\JetBrains\IntelliJ IDEA Community Edition 2023.1.1\bin;;C:\Users\Admin\AppData\Local\Microsoft\WinGet\Packages\Genymobile.scrcpy_Microsoft.Winget.Source_8wekyb3d8bbwe\scrcpy-win64-v2.1.1;;C:\Program Files\liquibase;.]
16-Jul-2024 02:45:03.643 INFO [main] org.apache.coyote.AbstractProtocol.init Инициализация ProtocolHandler ["http-nio-8080"]
16-Jul-2024 02:45:03.669 INFO [main] org.apache.catalina.startup.Catalina.load Server initialization in [585] milliseconds
16-Jul-2024 02:45:03.740 INFO [main] org.apache.catalina.core.StandardService.startInternal Starting service [Catalina]
16-Jul-2024 02:45:03.740 INFO [main] org.apache.catalina.core.StandardEngine.startInternal Starting Servlet engine: [Apache Tomcat/9.0.91]
16-Jul-2024 02:45:03.750 INFO [main] org.apache.catalina.startup.HostConfig.deployDirectory Установка веб приложения в папку [C:\Users\Admin\Desktop\y_lab_homework\homework4\apache-tomcat-9.0.91\webapps\docs]
16-Jul-2024 02:45:04.075 INFO [main] org.apache.catalina.startup.HostConfig.deployDirectory Deployment of web application directory [C:\Users\Admin\Desktop\y_lab_homework\homework4\apache-tomcat-9.0.91\webapps\docs] has finished in [322] ms
16-Jul-2024 02:45:04.076 INFO [main] org.apache.catalina.startup.HostConfig.deployDirectory Установка веб приложения в папку [C:\Users\Admin\Desktop\y_lab_homework\homework4\apache-tomcat-9.0.91\webapps\examples]
16-Jul-2024 02:45:04.568 INFO [main] org.apache.catalina.startup.HostConfig.deployDirectory Deployment of web application directory [C:\Users\Admin\Desktop\y_lab_homework\homework4\apache-tomcat-9.0.91\webapps\examples] has finished in [492] ms
16-Jul-2024 02:45:04.569 INFO [main] org.apache.catalina.startup.HostConfig.deployDirectory Установка веб приложения в папку [C:\Users\Admin\Desktop\y_lab_homework\homework4\apache-tomcat-9.0.91\webapps\homework4]
16-Jul-2024 02:45:04.888 WARNING [main] org.apache.tomcat.util.descriptor.web.WebXml.setVersion Unknown version string [5.0]. Default version will be used.
16-Jul-2024 02:45:06.985 INFO [main] org.apache.jasper.servlet.TldScanner.scanJars At least one JAR was scanned for TLDs yet contained no TLDs. Enable debug logging for this logger for a complete list of JARs that were scanned but no TLDs were found in them. Skipping unneeded JARs during scanning can improve startup time and JSP compilation time.
16-Jul-2024 02:45:07.106 INFO [main] org.apache.catalina.startup.HostConfig.deployDirectory Deployment of web application directory [C:\Users\Admin\Desktop\y_lab_homework\homework4\apache-tomcat-9.0.91\webapps\homework4] has finished in [2 537] ms
16-Jul-2024 02:45:07.107 INFO [main] org.apache.catalina.startup.HostConfig.deployDirectory Установка веб приложения в папку [C:\Users\Admin\Desktop\y_lab_homework\homework4\apache-tomcat-9.0.91\webapps\host-manager]
16-Jul-2024 02:45:07.160 INFO [main] org.apache.catalina.startup.HostConfig.deployDirectory Deployment of web application directory [C:\Users\Admin\Desktop\y_lab_homework\homework4\apache-tomcat-9.0.91\webapps\host-manager] has finished in [53] ms
16-Jul-2024 02:45:07.161 INFO [main] org.apache.catalina.startup.HostConfig.deployDirectory Установка веб приложения в папку [C:\Users\Admin\Desktop\y_lab_homework\homework4\apache-tomcat-9.0.91\webapps\manager]
16-Jul-2024 02:45:07.239 INFO [main] org.apache.catalina.startup.HostConfig.deployDirectory Deployment of web application directory [C:\Users\Admin\Desktop\y_lab_homework\homework4\apache-tomcat-9.0.91\webapps\manager] has finished in [76] ms
16-Jul-2024 02:45:07.241 INFO [main] org.apache.catalina.startup.HostConfig.deployDirectory Установка веб приложения в папку [C:\Users\Admin\Desktop\y_lab_homework\homework4\apache-tomcat-9.0.91\webapps\ROOT]
16-Jul-2024 02:45:07.289 INFO [main] org.apache.catalina.startup.HostConfig.deployDirectory Deployment of web application directory [C:\Users\Admin\Desktop\y_lab_homework\homework4\apache-tomcat-9.0.91\webapps\ROOT] has finished in [47] ms
16-Jul-2024 02:45:07.295 INFO [main] org.apache.coyote.AbstractProtocol.start Starting ProtocolHandler ["http-nio-8080"]
16-Jul-2024 02:45:07.355 INFO [main] org.apache.catalina.startup.Catalina.start Server startup in [3683] milliseconds
16-Jul-2024 02:45:17.679 INFO [Thread-1] org.apache.coyote.AbstractProtocol.pause Pausing ProtocolHandler ["http-nio-8080"]
16-Jul-2024 02:45:17.890 INFO [Thread-1] org.apache.catalina.core.StandardService.stopInternal Stopping service [Catalina]
16-Jul-2024 02:45:17.933 INFO [Thread-1] org.apache.coyote.AbstractProtocol.stop Stopping ProtocolHandler ["http-nio-8080"]
16-Jul-2024 02:45:17.939 INFO [Thread-1] org.apache.coyote.AbstractProtocol.destroy Destroying ProtocolHandler ["http-nio-8080"]
16-Jul-2024 10:23:27.936 INFO [main] org.apache.catalina.startup.VersionLoggerListener.log Имя версии сервера:    Apache Tomcat/9.0.91
16-Jul-2024 10:23:27.946 INFO [main] org.apache.catalina.startup.VersionLoggerListener.log Сервер собран:         Jul 2 2024 12:35:51 UTC
16-Jul-2024 10:23:27.946 INFO [main] org.apache.catalina.startup.VersionLoggerListener.log Номер версии сервера:  9.0.91.0
16-Jul-2024 10:23:27.947 INFO [main] org.apache.catalina.startup.VersionLoggerListener.log OS Name:               Windows 11
16-Jul-2024 10:23:27.947 INFO [main] org.apache.catalina.startup.VersionLoggerListener.log Версия ОС:             10.0
16-Jul-2024 10:23:27.947 INFO [main] org.apache.catalina.startup.VersionLoggerListener.log Архитектура:           amd64
16-Jul-2024 10:23:27.947 INFO [main] org.apache.catalina.startup.VersionLoggerListener.log Java Home:             C:\Program Files\Java\jdk-20
16-Jul-2024 10:23:27.947 INFO [main] org.apache.catalina.startup.VersionLoggerListener.log Версия JVM:            20.0.1+9-29
16-Jul-2024 10:23:27.947 INFO [main] org.apache.catalina.startup.VersionLoggerListener.log Производитель JVM:     Oracle Corporation
16-Jul-2024 10:23:27.947 INFO [main] org.apache.catalina.startup.VersionLoggerListener.log CATALINA_BASE:         C:\Users\Admin\Desktop\y_lab_homework\homework4\apache-tomcat-9.0.91
16-Jul-2024 10:23:27.947 INFO [main] org.apache.catalina.startup.VersionLoggerListener.log CATALINA_HOME:         C:\Users\Admin\Desktop\y_lab_homework\homework4\apache-tomcat-9.0.91
16-Jul-2024 10:23:27.962 INFO [main] org.apache.catalina.startup.VersionLoggerListener.log Command line argument: --add-opens=java.base/java.lang=ALL-UNNAMED
16-Jul-2024 10:23:27.962 INFO [main] org.apache.catalina.startup.VersionLoggerListener.log Command line argument: --add-opens=java.base/java.io=ALL-UNNAMED
16-Jul-2024 10:23:27.962 INFO [main] org.apache.catalina.startup.VersionLoggerListener.log Command line argument: --add-opens=java.base/java.util=ALL-UNNAMED
16-Jul-2024 10:23:27.962 INFO [main] org.apache.catalina.startup.VersionLoggerListener.log Command line argument: --add-opens=java.base/java.util.concurrent=ALL-UNNAMED
16-Jul-2024 10:23:27.966 INFO [main] org.apache.catalina.startup.VersionLoggerListener.log Command line argument: --add-opens=java.rmi/sun.rmi.transport=ALL-UNNAMED
16-Jul-2024 10:23:27.966 INFO [main] org.apache.catalina.startup.VersionLoggerListener.log Command line argument: -Djava.util.logging.config.file=C:\Users\Admin\Desktop\y_lab_homework\homework4\apache-tomcat-9.0.91\conf\logging.properties
16-Jul-2024 10:23:27.966 INFO [main] org.apache.catalina.startup.VersionLoggerListener.log Command line argument: -Djava.util.logging.manager=org.apache.juli.ClassLoaderLogManager
16-Jul-2024 10:23:27.966 INFO [main] org.apache.catalina.startup.VersionLoggerListener.log Command line argument: -Djdk.tls.ephemeralDHKeySize=2048
16-Jul-2024 10:23:27.967 INFO [main] org.apache.catalina.startup.VersionLoggerListener.log Command line argument: -Djava.protocol.handler.pkgs=org.apache.catalina.webresources
16-Jul-2024 10:23:27.967 INFO [main] org.apache.catalina.startup.VersionLoggerListener.log Command line argument: -Dignore.endorsed.dirs=
16-Jul-2024 10:23:27.967 INFO [main] org.apache.catalina.startup.VersionLoggerListener.log Command line argument: -Dcatalina.base=C:\Users\Admin\Desktop\y_lab_homework\homework4\apache-tomcat-9.0.91
16-Jul-2024 10:23:27.967 INFO [main] org.apache.catalina.startup.VersionLoggerListener.log Command line argument: -Dcatalina.home=C:\Users\Admin\Desktop\y_lab_homework\homework4\apache-tomcat-9.0.91
16-Jul-2024 10:23:27.967 INFO [main] org.apache.catalina.startup.VersionLoggerListener.log Command line argument: -Djava.io.tmpdir=C:\Users\Admin\Desktop\y_lab_homework\homework4\apache-tomcat-9.0.91\temp
16-Jul-2024 10:23:27.978 INFO [main] org.apache.catalina.core.AprLifecycleListener.lifecycleEvent The Apache Tomcat Native library which allows using OpenSSL was not found on the java.library.path: [C:\Program Files\Java\jdk-20\bin;C:\WINDOWS\Sun\Java\bin;C:\WINDOWS\system32;C:\WINDOWS;C:\Program Files (x86)\NVIDIA Corporation\PhysX\Common;C:\Windows\system32;C:\Windows;C:\Windows\System32\Wbem;C:\Windows\System32\WindowsPowerShell\v1.0\;C:\Windows\System32\OpenSSH\;C:\Program Files\apache-maven-3.8.6\bin;C:\Program Files\dotnet\;C:\Program Files\Microsoft SQL Server\150\Tools\Binn\;C:\Program Files\Microsoft\Web Platform Installer\;C:\Program Files (x86)\Microsoft ASP.NET\ASP.NET Web Pages\v1.0\;C:\Program Files\Microsoft SQL Server\110\Tools\Binn\;C:\Program Files\MySQL\MySQL Server 8.0\bin;C:\Program Files\Android\CL\cmdline-tools\bin;C:\Program Files\gradle-7.6\bin;C:\Program Files\nodejs\;C:\Program Files\PuTTY\;C:\WINDOWS\system32;C:\WINDOWS;C:\WINDOWS\System32\Wbem;C:\WINDOWS\System32\WindowsPowerShell\v1.0\;C:\WINDOWS\System32\OpenSSH\;C:\Program Files (x86)\mingw64\bin;C:\Users\Admin\AppData\Local\bin\NASM;C:\Program Files\PostgreSQL\15\pgAdmin 4\runtime\;C:\Users\Admin\AppData\Local\Programs\Python\Python311;C:\Program Files\Git\cmd;C:\Program Files\GitHub CLI\;C:\Program Files\Java\jdk-20\bin;C:\Users\Admin\AppData\Local\Microsoft\WinGet\Packages\Genymobile.scrcpy_Microsoft.Winget.Source_8wekyb3d8bbwe\scrcpy-win64-v2.1.1;C:\Program Files\WireGuard\;C:\masm32\bin;C:\Program Files\NASM;C:\Program Files\Docker\Docker\resources\bin;C:\Program Files\Docker\cli-plugins;C:\Program Files\MySQL\MySQL Shell 8.0\bin\;C:\Users\Admin\AppData\Local\Programs\Python\Python311\Scripts\;C:\Users\Admin\AppData\Local\Programs\Python\Python311\;C:\Users\Admin\AppData\Local\Microsoft\WindowsApps;C:\Program Files\Java\jdk-20\bin;C:\Users\Admin\AppData\Local\Programs\MiKTeX\miktex\bin\x64\;C:\Users\Admin\AppData\Local\Programs\Microsoft VS Code\bin;C:\Users\Admin\.dotnet\tools;C:\Program Files\gcc-12.2.0-no-debug\bin;C:\Users\Admin\AppData\Roaming\npm;C:\Program Files\JetBrains\IntelliJ IDEA Community Edition 2023.1.1\bin;;C:\Users\Admin\AppData\Local\Microsoft\WinGet\Packages\Genymobile.scrcpy_Microsoft.Winget.Source_8wekyb3d8bbwe\scrcpy-win64-v2.1.1;;C:\Program Files\liquibase;.]
16-Jul-2024 10:23:28.455 INFO [main] org.apache.coyote.AbstractProtocol.init Инициализация ProtocolHandler ["http-nio-8080"]
16-Jul-2024 10:23:28.513 INFO [main] org.apache.catalina.startup.Catalina.load Server initialization in [922] milliseconds
16-Jul-2024 10:23:28.606 INFO [main] org.apache.catalina.core.StandardService.startInternal Starting service [Catalina]
16-Jul-2024 10:23:28.614 INFO [main] org.apache.catalina.core.StandardEngine.startInternal Starting Servlet engine: [Apache Tomcat/9.0.91]
16-Jul-2024 10:23:28.625 INFO [main] org.apache.catalina.startup.HostConfig.deployDirectory Установка веб приложения в папку [C:\Users\Admin\Desktop\y_lab_homework\homework4\apache-tomcat-9.0.91\webapps\docs]
16-Jul-2024 10:23:29.079 INFO [main] org.apache.catalina.startup.HostConfig.deployDirectory Deployment of web application directory [C:\Users\Admin\Desktop\y_lab_homework\homework4\apache-tomcat-9.0.91\webapps\docs] has finished in [441] ms
16-Jul-2024 10:23:29.079 INFO [main] org.apache.catalina.startup.HostConfig.deployDirectory Установка веб приложения в папку [C:\Users\Admin\Desktop\y_lab_homework\homework4\apache-tomcat-9.0.91\webapps\examples]
16-Jul-2024 10:23:30.038 INFO [main] org.apache.catalina.startup.HostConfig.deployDirectory Deployment of web application directory [C:\Users\Admin\Desktop\y_lab_homework\homework4\apache-tomcat-9.0.91\webapps\examples] has finished in [959] ms
16-Jul-2024 10:23:30.038 INFO [main] org.apache.catalina.startup.HostConfig.deployDirectory Установка веб приложения в папку [C:\Users\Admin\Desktop\y_lab_homework\homework4\apache-tomcat-9.0.91\webapps\homework4]
16-Jul-2024 10:23:30.264 WARNING [main] org.apache.tomcat.util.descriptor.web.WebXml.setVersion Unknown version string [5.0]. Default version will be used.
16-Jul-2024 10:23:37.575 INFO [main] org.apache.jasper.servlet.TldScanner.scanJars At least one JAR was scanned for TLDs yet contained no TLDs. Enable debug logging for this logger for a complete list of JARs that were scanned but no TLDs were found in them. Skipping unneeded JARs during scanning can improve startup time and JSP compilation time.
16-Jul-2024 10:23:38.185 INFO [main] org.apache.catalina.startup.HostConfig.deployDirectory Deployment of web application directory [C:\Users\Admin\Desktop\y_lab_homework\homework4\apache-tomcat-9.0.91\webapps\homework4] has finished in [8 147] ms
16-Jul-2024 10:23:38.195 INFO [main] org.apache.catalina.startup.HostConfig.deployDirectory Установка веб приложения в папку [C:\Users\Admin\Desktop\y_lab_homework\homework4\apache-tomcat-9.0.91\webapps\host-manager]
16-Jul-2024 10:23:38.476 INFO [main] org.apache.catalina.startup.HostConfig.deployDirectory Deployment of web application directory [C:\Users\Admin\Desktop\y_lab_homework\homework4\apache-tomcat-9.0.91\webapps\host-manager] has finished in [281] ms
16-Jul-2024 10:23:38.478 INFO [main] org.apache.catalina.startup.HostConfig.deployDirectory Установка веб приложения в папку [C:\Users\Admin\Desktop\y_lab_homework\homework4\apache-tomcat-9.0.91\webapps\manager]
16-Jul-2024 10:23:38.680 INFO [main] org.apache.catalina.startup.HostConfig.deployDirectory Deployment of web application directory [C:\Users\Admin\Desktop\y_lab_homework\homework4\apache-tomcat-9.0.91\webapps\manager] has finished in [202] ms
16-Jul-2024 10:23:38.688 INFO [main] org.apache.catalina.startup.HostConfig.deployDirectory Установка веб приложения в папку [C:\Users\Admin\Desktop\y_lab_homework\homework4\apache-tomcat-9.0.91\webapps\ROOT]
16-Jul-2024 10:23:38.831 INFO [main] org.apache.catalina.startup.HostConfig.deployDirectory Deployment of web application directory [C:\Users\Admin\Desktop\y_lab_homework\homework4\apache-tomcat-9.0.91\webapps\ROOT] has finished in [143] ms
16-Jul-2024 10:23:38.847 INFO [main] org.apache.coyote.AbstractProtocol.start Starting ProtocolHandler ["http-nio-8080"]
16-Jul-2024 10:23:38.993 INFO [main] org.apache.catalina.startup.Catalina.start Server startup in [10474] milliseconds
16-Jul-2024 10:27:57.308 INFO [http-nio-8080-exec-3] org.apache.coyote.http11.Http11Processor.service Error parsing HTTP request header
 Note: further occurrences of HTTP request parsing errors will be logged at DEBUG level.
	java.lang.IllegalArgumentException: Invalid character found in method name [0x160x030x010x060xa00x010x000x060x9c0x030x030xe00xfb0xfc0xd60x0dV0xb5Ov0xd70xf40xbe0x1f0x91we0xee~0xcc0x950xfa0x060xa5E0x8c0x890x160xa980xd00xf30xea ]. HTTP method names must be tokens
		at org.apache.coyote.http11.Http11InputBuffer.parseRequestLine(Http11InputBuffer.java:407)
		at org.apache.coyote.http11.Http11Processor.service(Http11Processor.java:261)
		at org.apache.coyote.AbstractProcessorLight.process(AbstractProcessorLight.java:63)
		at org.apache.coyote.AbstractProtocol$ConnectionHandler.process(AbstractProtocol.java:936)
		at org.apache.tomcat.util.net.NioEndpoint$SocketProcessor.doRun(NioEndpoint.java:1791)
		at org.apache.tomcat.util.net.SocketProcessorBase.run(SocketProcessorBase.java:52)
		at org.apache.tomcat.util.threads.ThreadPoolExecutor.runWorker(ThreadPoolExecutor.java:1190)
		at org.apache.tomcat.util.threads.ThreadPoolExecutor$Worker.run(ThreadPoolExecutor.java:659)
		at org.apache.tomcat.util.threads.TaskThread$WrappingRunnable.run(TaskThread.java:63)
		at java.base/java.lang.Thread.run(Thread.java:1623)
16-Jul-2024 10:30:11.561 INFO [Thread-1] org.apache.coyote.AbstractProtocol.pause Pausing ProtocolHandler ["http-nio-8080"]
16-Jul-2024 10:30:12.027 INFO [Thread-1] org.apache.catalina.core.StandardService.stopInternal Stopping service [Catalina]
16-Jul-2024 10:30:12.201 INFO [Thread-1] org.apache.coyote.AbstractProtocol.stop Stopping ProtocolHandler ["http-nio-8080"]
16-Jul-2024 10:30:12.222 INFO [Thread-1] org.apache.coyote.AbstractProtocol.destroy Destroying ProtocolHandler ["http-nio-8080"]
16-Jul-2024 10:30:32.156 INFO [main] org.apache.catalina.startup.VersionLoggerListener.log Имя версии сервера:    Apache Tomcat/9.0.91
16-Jul-2024 10:30:32.160 INFO [main] org.apache.catalina.startup.VersionLoggerListener.log Сервер собран:         Jul 2 2024 12:35:51 UTC
16-Jul-2024 10:30:32.169 INFO [main] org.apache.catalina.startup.VersionLoggerListener.log Номер версии сервера:  9.0.91.0
16-Jul-2024 10:30:32.169 INFO [main] org.apache.catalina.startup.VersionLoggerListener.log OS Name:               Windows 11
16-Jul-2024 10:30:32.169 INFO [main] org.apache.catalina.startup.VersionLoggerListener.log Версия ОС:             10.0
16-Jul-2024 10:30:32.169 INFO [main] org.apache.catalina.startup.VersionLoggerListener.log Архитектура:           amd64
16-Jul-2024 10:30:32.169 INFO [main] org.apache.catalina.startup.VersionLoggerListener.log Java Home:             C:\Program Files\Java\jdk-20
16-Jul-2024 10:30:32.170 INFO [main] org.apache.catalina.startup.VersionLoggerListener.log Версия JVM:            20.0.1+9-29
16-Jul-2024 10:30:32.170 INFO [main] org.apache.catalina.startup.VersionLoggerListener.log Производитель JVM:     Oracle Corporation
16-Jul-2024 10:30:32.172 INFO [main] org.apache.catalina.startup.VersionLoggerListener.log CATALINA_BASE:         C:\Users\Admin\Desktop\y_lab_homework\homework4\apache-tomcat-9.0.91
16-Jul-2024 10:30:32.172 INFO [main] org.apache.catalina.startup.VersionLoggerListener.log CATALINA_HOME:         C:\Users\Admin\Desktop\y_lab_homework\homework4\apache-tomcat-9.0.91
16-Jul-2024 10:30:32.179 INFO [main] org.apache.catalina.startup.VersionLoggerListener.log Command line argument: --add-opens=java.base/java.lang=ALL-UNNAMED
16-Jul-2024 10:30:32.184 INFO [main] org.apache.catalina.startup.VersionLoggerListener.log Command line argument: --add-opens=java.base/java.io=ALL-UNNAMED
16-Jul-2024 10:30:32.185 INFO [main] org.apache.catalina.startup.VersionLoggerListener.log Command line argument: --add-opens=java.base/java.util=ALL-UNNAMED
16-Jul-2024 10:30:32.185 INFO [main] org.apache.catalina.startup.VersionLoggerListener.log Command line argument: --add-opens=java.base/java.util.concurrent=ALL-UNNAMED
16-Jul-2024 10:30:32.185 INFO [main] org.apache.catalina.startup.VersionLoggerListener.log Command line argument: --add-opens=java.rmi/sun.rmi.transport=ALL-UNNAMED
16-Jul-2024 10:30:32.186 INFO [main] org.apache.catalina.startup.VersionLoggerListener.log Command line argument: -Djava.util.logging.config.file=C:\Users\Admin\Desktop\y_lab_homework\homework4\apache-tomcat-9.0.91\conf\logging.properties
16-Jul-2024 10:30:32.186 INFO [main] org.apache.catalina.startup.VersionLoggerListener.log Command line argument: -Djava.util.logging.manager=org.apache.juli.ClassLoaderLogManager
16-Jul-2024 10:30:32.186 INFO [main] org.apache.catalina.startup.VersionLoggerListener.log Command line argument: -Djdk.tls.ephemeralDHKeySize=2048
16-Jul-2024 10:30:32.187 INFO [main] org.apache.catalina.startup.VersionLoggerListener.log Command line argument: -Djava.protocol.handler.pkgs=org.apache.catalina.webresources
16-Jul-2024 10:30:32.187 INFO [main] org.apache.catalina.startup.VersionLoggerListener.log Command line argument: -Dignore.endorsed.dirs=
16-Jul-2024 10:30:32.188 INFO [main] org.apache.catalina.startup.VersionLoggerListener.log Command line argument: -Dcatalina.base=C:\Users\Admin\Desktop\y_lab_homework\homework4\apache-tomcat-9.0.91
16-Jul-2024 10:30:32.188 INFO [main] org.apache.catalina.startup.VersionLoggerListener.log Command line argument: -Dcatalina.home=C:\Users\Admin\Desktop\y_lab_homework\homework4\apache-tomcat-9.0.91
16-Jul-2024 10:30:32.188 INFO [main] org.apache.catalina.startup.VersionLoggerListener.log Command line argument: -Djava.io.tmpdir=C:\Users\Admin\Desktop\y_lab_homework\homework4\apache-tomcat-9.0.91\temp
16-Jul-2024 10:30:32.200 INFO [main] org.apache.catalina.core.AprLifecycleListener.lifecycleEvent The Apache Tomcat Native library which allows using OpenSSL was not found on the java.library.path: [C:\Program Files\Java\jdk-20\bin;C:\WINDOWS\Sun\Java\bin;C:\WINDOWS\system32;C:\WINDOWS;C:\Program Files (x86)\NVIDIA Corporation\PhysX\Common;C:\Windows\system32;C:\Windows;C:\Windows\System32\Wbem;C:\Windows\System32\WindowsPowerShell\v1.0\;C:\Windows\System32\OpenSSH\;C:\Program Files\apache-maven-3.8.6\bin;C:\Program Files\dotnet\;C:\Program Files\Microsoft SQL Server\150\Tools\Binn\;C:\Program Files\Microsoft\Web Platform Installer\;C:\Program Files (x86)\Microsoft ASP.NET\ASP.NET Web Pages\v1.0\;C:\Program Files\Microsoft SQL Server\110\Tools\Binn\;C:\Program Files\MySQL\MySQL Server 8.0\bin;C:\Program Files\Android\CL\cmdline-tools\bin;C:\Program Files\gradle-7.6\bin;C:\Program Files\nodejs\;C:\Program Files\PuTTY\;C:\WINDOWS\system32;C:\WINDOWS;C:\WINDOWS\System32\Wbem;C:\WINDOWS\System32\WindowsPowerShell\v1.0\;C:\WINDOWS\System32\OpenSSH\;C:\Program Files (x86)\mingw64\bin;C:\Users\Admin\AppData\Local\bin\NASM;C:\Program Files\PostgreSQL\15\pgAdmin 4\runtime\;C:\Users\Admin\AppData\Local\Programs\Python\Python311;C:\Program Files\Git\cmd;C:\Program Files\GitHub CLI\;C:\Program Files\Java\jdk-20\bin;C:\Users\Admin\AppData\Local\Microsoft\WinGet\Packages\Genymobile.scrcpy_Microsoft.Winget.Source_8wekyb3d8bbwe\scrcpy-win64-v2.1.1;C:\Program Files\WireGuard\;C:\masm32\bin;C:\Program Files\NASM;C:\Program Files\Docker\Docker\resources\bin;C:\Program Files\Docker\cli-plugins;C:\Program Files\MySQL\MySQL Shell 8.0\bin\;C:\Users\Admin\AppData\Local\Programs\Python\Python311\Scripts\;C:\Users\Admin\AppData\Local\Programs\Python\Python311\;C:\Users\Admin\AppData\Local\Microsoft\WindowsApps;C:\Program Files\Java\jdk-20\bin;C:\Users\Admin\AppData\Local\Programs\MiKTeX\miktex\bin\x64\;C:\Users\Admin\AppData\Local\Programs\Microsoft VS Code\bin;C:\Users\Admin\.dotnet\tools;C:\Program Files\gcc-12.2.0-no-debug\bin;C:\Users\Admin\AppData\Roaming\npm;C:\Program Files\JetBrains\IntelliJ IDEA Community Edition 2023.1.1\bin;;C:\Users\Admin\AppData\Local\Microsoft\WinGet\Packages\Genymobile.scrcpy_Microsoft.Winget.Source_8wekyb3d8bbwe\scrcpy-win64-v2.1.1;;C:\Program Files\liquibase;.]
16-Jul-2024 10:30:32.751 INFO [main] org.apache.coyote.AbstractProtocol.init Инициализация ProtocolHandler ["http-nio-8080"]
16-Jul-2024 10:30:32.813 INFO [main] org.apache.catalina.startup.Catalina.load Server initialization in [1023] milliseconds
16-Jul-2024 10:30:32.915 INFO [main] org.apache.catalina.core.StandardService.startInternal Starting service [Catalina]
16-Jul-2024 10:30:32.915 INFO [main] org.apache.catalina.core.StandardEngine.startInternal Starting Servlet engine: [Apache Tomcat/9.0.91]
16-Jul-2024 10:30:32.924 INFO [main] org.apache.catalina.startup.HostConfig.deployDirectory Установка веб приложения в папку [C:\Users\Admin\Desktop\y_lab_homework\homework4\apache-tomcat-9.0.91\webapps\docs]
16-Jul-2024 10:30:33.624 INFO [main] org.apache.catalina.startup.HostConfig.deployDirectory Deployment of web application directory [C:\Users\Admin\Desktop\y_lab_homework\homework4\apache-tomcat-9.0.91\webapps\docs] has finished in [697] ms
16-Jul-2024 10:30:33.625 INFO [main] org.apache.catalina.startup.HostConfig.deployDirectory Установка веб приложения в папку [C:\Users\Admin\Desktop\y_lab_homework\homework4\apache-tomcat-9.0.91\webapps\examples]
16-Jul-2024 10:30:34.238 INFO [main] org.apache.catalina.startup.HostConfig.deployDirectory Deployment of web application directory [C:\Users\Admin\Desktop\y_lab_homework\homework4\apache-tomcat-9.0.91\webapps\examples] has finished in [612] ms
16-Jul-2024 10:30:34.238 INFO [main] org.apache.catalina.startup.HostConfig.deployDirectory Установка веб приложения в папку [C:\Users\Admin\Desktop\y_lab_homework\homework4\apache-tomcat-9.0.91\webapps\homework4]
16-Jul-2024 10:30:34.499 WARNING [main] org.apache.tomcat.util.descriptor.web.WebXml.setVersion Unknown version string [5.0]. Default version will be used.
16-Jul-2024 10:30:37.032 INFO [main] org.apache.jasper.servlet.TldScanner.scanJars At least one JAR was scanned for TLDs yet contained no TLDs. Enable debug logging for this logger for a complete list of JARs that were scanned but no TLDs were found in them. Skipping unneeded JARs during scanning can improve startup time and JSP compilation time.
16-Jul-2024 10:30:37.184 INFO [main] org.apache.catalina.startup.HostConfig.deployDirectory Deployment of web application directory [C:\Users\Admin\Desktop\y_lab_homework\homework4\apache-tomcat-9.0.91\webapps\homework4] has finished in [2 946] ms
16-Jul-2024 10:30:37.185 INFO [main] org.apache.catalina.startup.HostConfig.deployDirectory Установка веб приложения в папку [C:\Users\Admin\Desktop\y_lab_homework\homework4\apache-tomcat-9.0.91\webapps\host-manager]
16-Jul-2024 10:30:37.264 INFO [main] org.apache.catalina.startup.HostConfig.deployDirectory Deployment of web application directory [C:\Users\Admin\Desktop\y_lab_homework\homework4\apache-tomcat-9.0.91\webapps\host-manager] has finished in [79] ms
16-Jul-2024 10:30:37.264 INFO [main] org.apache.catalina.startup.HostConfig.deployDirectory Установка веб приложения в папку [C:\Users\Admin\Desktop\y_lab_homework\homework4\apache-tomcat-9.0.91\webapps\manager]
16-Jul-2024 10:30:37.356 INFO [main] org.apache.catalina.startup.HostConfig.deployDirectory Deployment of web application directory [C:\Users\Admin\Desktop\y_lab_homework\homework4\apache-tomcat-9.0.91\webapps\manager] has finished in [92] ms
16-Jul-2024 10:30:37.356 INFO [main] org.apache.catalina.startup.HostConfig.deployDirectory Установка веб приложения в папку [C:\Users\Admin\Desktop\y_lab_homework\homework4\apache-tomcat-9.0.91\webapps\ROOT]
16-Jul-2024 10:30:37.404 INFO [main] org.apache.catalina.startup.HostConfig.deployDirectory Deployment of web application directory [C:\Users\Admin\Desktop\y_lab_homework\homework4\apache-tomcat-9.0.91\webapps\ROOT] has finished in [48] ms
16-Jul-2024 10:30:37.428 INFO [main] org.apache.coyote.AbstractProtocol.start Starting ProtocolHandler ["http-nio-8080"]
16-Jul-2024 10:30:37.503 INFO [main] org.apache.catalina.startup.Catalina.start Server startup in [4682] milliseconds
16-Jul-2024 10:31:39.941 INFO [http-nio-8080-exec-7] org.apache.catalina.core.StandardContext.reload Reloading Context with name [/homework4] has started
16-Jul-2024 10:31:40.478 WARNING [http-nio-8080-exec-7] org.apache.tomcat.util.descriptor.web.WebXml.setVersion Unknown version string [5.0]. Default version will be used.
16-Jul-2024 10:31:46.805 INFO [http-nio-8080-exec-7] org.apache.jasper.servlet.TldScanner.scanJars At least one JAR was scanned for TLDs yet contained no TLDs. Enable debug logging for this logger for a complete list of JARs that were scanned but no TLDs were found in them. Skipping unneeded JARs during scanning can improve startup time and JSP compilation time.
16-Jul-2024 10:31:47.430 INFO [http-nio-8080-exec-7] org.apache.catalina.core.StandardContext.reload Reloading Context with name [/homework4] is completed
16-Jul-2024 10:34:56.629 INFO [Thread-1] org.apache.coyote.AbstractProtocol.pause Pausing ProtocolHandler ["http-nio-8080"]
16-Jul-2024 10:34:57.127 INFO [Thread-1] org.apache.catalina.core.StandardService.stopInternal Stopping service [Catalina]
16-Jul-2024 10:34:57.205 INFO [Thread-1] org.apache.coyote.AbstractProtocol.stop Stopping ProtocolHandler ["http-nio-8080"]
16-Jul-2024 10:34:57.227 INFO [Thread-1] org.apache.coyote.AbstractProtocol.destroy Destroying ProtocolHandler ["http-nio-8080"]
16-Jul-2024 10:35:14.531 INFO [main] org.apache.catalina.startup.VersionLoggerListener.log Имя версии сервера:    Apache Tomcat/9.0.91
16-Jul-2024 10:35:14.536 INFO [main] org.apache.catalina.startup.VersionLoggerListener.log Сервер собран:         Jul 2 2024 12:35:51 UTC
16-Jul-2024 10:35:14.536 INFO [main] org.apache.catalina.startup.VersionLoggerListener.log Номер версии сервера:  9.0.91.0
16-Jul-2024 10:35:14.536 INFO [main] org.apache.catalina.startup.VersionLoggerListener.log OS Name:               Windows 11
16-Jul-2024 10:35:14.536 INFO [main] org.apache.catalina.startup.VersionLoggerListener.log Версия ОС:             10.0
16-Jul-2024 10:35:14.537 INFO [main] org.apache.catalina.startup.VersionLoggerListener.log Архитектура:           amd64
16-Jul-2024 10:35:14.537 INFO [main] org.apache.catalina.startup.VersionLoggerListener.log Java Home:             C:\Program Files\Java\jdk-20
16-Jul-2024 10:35:14.537 INFO [main] org.apache.catalina.startup.VersionLoggerListener.log Версия JVM:            20.0.1+9-29
16-Jul-2024 10:35:14.537 INFO [main] org.apache.catalina.startup.VersionLoggerListener.log Производитель JVM:     Oracle Corporation
16-Jul-2024 10:35:14.537 INFO [main] org.apache.catalina.startup.VersionLoggerListener.log CATALINA_BASE:         C:\Users\Admin\Desktop\y_lab_homework\homework4\apache-tomcat-9.0.91
16-Jul-2024 10:35:14.538 INFO [main] org.apache.catalina.startup.VersionLoggerListener.log CATALINA_HOME:         C:\Users\Admin\Desktop\y_lab_homework\homework4\apache-tomcat-9.0.91
16-Jul-2024 10:35:14.552 INFO [main] org.apache.catalina.startup.VersionLoggerListener.log Command line argument: --add-opens=java.base/java.lang=ALL-UNNAMED
16-Jul-2024 10:35:14.552 INFO [main] org.apache.catalina.startup.VersionLoggerListener.log Command line argument: --add-opens=java.base/java.io=ALL-UNNAMED
16-Jul-2024 10:35:14.552 INFO [main] org.apache.catalina.startup.VersionLoggerListener.log Command line argument: --add-opens=java.base/java.util=ALL-UNNAMED
16-Jul-2024 10:35:14.553 INFO [main] org.apache.catalina.startup.VersionLoggerListener.log Command line argument: --add-opens=java.base/java.util.concurrent=ALL-UNNAMED
16-Jul-2024 10:35:14.553 INFO [main] org.apache.catalina.startup.VersionLoggerListener.log Command line argument: --add-opens=java.rmi/sun.rmi.transport=ALL-UNNAMED
16-Jul-2024 10:35:14.553 INFO [main] org.apache.catalina.startup.VersionLoggerListener.log Command line argument: -Djava.util.logging.config.file=C:\Users\Admin\Desktop\y_lab_homework\homework4\apache-tomcat-9.0.91\conf\logging.properties
16-Jul-2024 10:35:14.553 INFO [main] org.apache.catalina.startup.VersionLoggerListener.log Command line argument: -Djava.util.logging.manager=org.apache.juli.ClassLoaderLogManager
16-Jul-2024 10:35:14.555 INFO [main] org.apache.catalina.startup.VersionLoggerListener.log Command line argument: -Djdk.tls.ephemeralDHKeySize=2048
16-Jul-2024 10:35:14.556 INFO [main] org.apache.catalina.startup.VersionLoggerListener.log Command line argument: -Djava.protocol.handler.pkgs=org.apache.catalina.webresources
16-Jul-2024 10:35:14.556 INFO [main] org.apache.catalina.startup.VersionLoggerListener.log Command line argument: -Dignore.endorsed.dirs=
16-Jul-2024 10:35:14.556 INFO [main] org.apache.catalina.startup.VersionLoggerListener.log Command line argument: -Dcatalina.base=C:\Users\Admin\Desktop\y_lab_homework\homework4\apache-tomcat-9.0.91
16-Jul-2024 10:35:14.557 INFO [main] org.apache.catalina.startup.VersionLoggerListener.log Command line argument: -Dcatalina.home=C:\Users\Admin\Desktop\y_lab_homework\homework4\apache-tomcat-9.0.91
16-Jul-2024 10:35:14.557 INFO [main] org.apache.catalina.startup.VersionLoggerListener.log Command line argument: -Djava.io.tmpdir=C:\Users\Admin\Desktop\y_lab_homework\homework4\apache-tomcat-9.0.91\temp
16-Jul-2024 10:35:14.572 INFO [main] org.apache.catalina.core.AprLifecycleListener.lifecycleEvent The Apache Tomcat Native library which allows using OpenSSL was not found on the java.library.path: [C:\Program Files\Java\jdk-20\bin;C:\WINDOWS\Sun\Java\bin;C:\WINDOWS\system32;C:\WINDOWS;C:\Program Files (x86)\NVIDIA Corporation\PhysX\Common;C:\Windows\system32;C:\Windows;C:\Windows\System32\Wbem;C:\Windows\System32\WindowsPowerShell\v1.0\;C:\Windows\System32\OpenSSH\;C:\Program Files\apache-maven-3.8.6\bin;C:\Program Files\dotnet\;C:\Program Files\Microsoft SQL Server\150\Tools\Binn\;C:\Program Files\Microsoft\Web Platform Installer\;C:\Program Files (x86)\Microsoft ASP.NET\ASP.NET Web Pages\v1.0\;C:\Program Files\Microsoft SQL Server\110\Tools\Binn\;C:\Program Files\MySQL\MySQL Server 8.0\bin;C:\Program Files\Android\CL\cmdline-tools\bin;C:\Program Files\gradle-7.6\bin;C:\Program Files\nodejs\;C:\Program Files\PuTTY\;C:\WINDOWS\system32;C:\WINDOWS;C:\WINDOWS\System32\Wbem;C:\WINDOWS\System32\WindowsPowerShell\v1.0\;C:\WINDOWS\System32\OpenSSH\;C:\Program Files (x86)\mingw64\bin;C:\Users\Admin\AppData\Local\bin\NASM;C:\Program Files\PostgreSQL\15\pgAdmin 4\runtime\;C:\Users\Admin\AppData\Local\Programs\Python\Python311;C:\Program Files\Git\cmd;C:\Program Files\GitHub CLI\;C:\Program Files\Java\jdk-20\bin;C:\Users\Admin\AppData\Local\Microsoft\WinGet\Packages\Genymobile.scrcpy_Microsoft.Winget.Source_8wekyb3d8bbwe\scrcpy-win64-v2.1.1;C:\Program Files\WireGuard\;C:\masm32\bin;C:\Program Files\NASM;C:\Program Files\Docker\Docker\resources\bin;C:\Program Files\Docker\cli-plugins;C:\Program Files\MySQL\MySQL Shell 8.0\bin\;C:\Users\Admin\AppData\Local\Programs\Python\Python311\Scripts\;C:\Users\Admin\AppData\Local\Programs\Python\Python311\;C:\Users\Admin\AppData\Local\Microsoft\WindowsApps;C:\Program Files\Java\jdk-20\bin;C:\Users\Admin\AppData\Local\Programs\MiKTeX\miktex\bin\x64\;C:\Users\Admin\AppData\Local\Programs\Microsoft VS Code\bin;C:\Users\Admin\.dotnet\tools;C:\Program Files\gcc-12.2.0-no-debug\bin;C:\Users\Admin\AppData\Roaming\npm;C:\Program Files\JetBrains\IntelliJ IDEA Community Edition 2023.1.1\bin;;C:\Users\Admin\AppData\Local\Microsoft\WinGet\Packages\Genymobile.scrcpy_Microsoft.Winget.Source_8wekyb3d8bbwe\scrcpy-win64-v2.1.1;;C:\Program Files\liquibase;.]
16-Jul-2024 10:35:15.018 INFO [main] org.apache.coyote.AbstractProtocol.init Инициализация ProtocolHandler ["http-nio-8080"]
16-Jul-2024 10:35:15.054 INFO [main] org.apache.catalina.startup.Catalina.load Server initialization in [829] milliseconds
16-Jul-2024 10:35:15.142 INFO [main] org.apache.catalina.core.StandardService.startInternal Starting service [Catalina]
16-Jul-2024 10:35:15.143 INFO [main] org.apache.catalina.core.StandardEngine.startInternal Starting Servlet engine: [Apache Tomcat/9.0.91]
16-Jul-2024 10:35:15.151 INFO [main] org.apache.catalina.startup.HostConfig.deployDirectory Установка веб приложения в папку [C:\Users\Admin\Desktop\y_lab_homework\homework4\apache-tomcat-9.0.91\webapps\docs]
16-Jul-2024 10:35:15.532 INFO [main] org.apache.catalina.startup.HostConfig.deployDirectory Deployment of web application directory [C:\Users\Admin\Desktop\y_lab_homework\homework4\apache-tomcat-9.0.91\webapps\docs] has finished in [379] ms
16-Jul-2024 10:35:15.532 INFO [main] org.apache.catalina.startup.HostConfig.deployDirectory Установка веб приложения в папку [C:\Users\Admin\Desktop\y_lab_homework\homework4\apache-tomcat-9.0.91\webapps\examples]
16-Jul-2024 10:35:16.131 INFO [main] org.apache.catalina.startup.HostConfig.deployDirectory Deployment of web application directory [C:\Users\Admin\Desktop\y_lab_homework\homework4\apache-tomcat-9.0.91\webapps\examples] has finished in [599] ms
16-Jul-2024 10:35:16.131 INFO [main] org.apache.catalina.startup.HostConfig.deployDirectory Установка веб приложения в папку [C:\Users\Admin\Desktop\y_lab_homework\homework4\apache-tomcat-9.0.91\webapps\homework4]
16-Jul-2024 10:35:16.348 WARNING [main] org.apache.tomcat.util.descriptor.web.WebXml.setVersion Unknown version string [5.0]. Default version will be used.
16-Jul-2024 10:35:18.758 INFO [main] org.apache.jasper.servlet.TldScanner.scanJars At least one JAR was scanned for TLDs yet contained no TLDs. Enable debug logging for this logger for a complete list of JARs that were scanned but no TLDs were found in them. Skipping unneeded JARs during scanning can improve startup time and JSP compilation time.
16-Jul-2024 10:35:18.897 INFO [main] org.apache.catalina.startup.HostConfig.deployDirectory Deployment of web application directory [C:\Users\Admin\Desktop\y_lab_homework\homework4\apache-tomcat-9.0.91\webapps\homework4] has finished in [2 765] ms
16-Jul-2024 10:35:18.897 INFO [main] org.apache.catalina.startup.HostConfig.deployDirectory Установка веб приложения в папку [C:\Users\Admin\Desktop\y_lab_homework\homework4\apache-tomcat-9.0.91\webapps\host-manager]
16-Jul-2024 10:35:18.978 INFO [main] org.apache.catalina.startup.HostConfig.deployDirectory Deployment of web application directory [C:\Users\Admin\Desktop\y_lab_homework\homework4\apache-tomcat-9.0.91\webapps\host-manager] has finished in [80] ms
16-Jul-2024 10:35:18.979 INFO [main] org.apache.catalina.startup.HostConfig.deployDirectory Установка веб приложения в папку [C:\Users\Admin\Desktop\y_lab_homework\homework4\apache-tomcat-9.0.91\webapps\manager]
16-Jul-2024 10:35:19.076 INFO [main] org.apache.catalina.startup.HostConfig.deployDirectory Deployment of web application directory [C:\Users\Admin\Desktop\y_lab_homework\homework4\apache-tomcat-9.0.91\webapps\manager] has finished in [96] ms
16-Jul-2024 10:35:19.079 INFO [main] org.apache.catalina.startup.HostConfig.deployDirectory Установка веб приложения в папку [C:\Users\Admin\Desktop\y_lab_homework\homework4\apache-tomcat-9.0.91\webapps\ROOT]
16-Jul-2024 10:35:19.129 INFO [main] org.apache.catalina.startup.HostConfig.deployDirectory Deployment of web application directory [C:\Users\Admin\Desktop\y_lab_homework\homework4\apache-tomcat-9.0.91\webapps\ROOT] has finished in [50] ms
16-Jul-2024 10:35:19.134 INFO [main] org.apache.coyote.AbstractProtocol.start Starting ProtocolHandler ["http-nio-8080"]
16-Jul-2024 10:35:19.195 INFO [main] org.apache.catalina.startup.Catalina.start Server startup in [4133] milliseconds
16-Jul-2024 10:35:52.098 INFO [Thread-1] org.apache.coyote.AbstractProtocol.pause Pausing ProtocolHandler ["http-nio-8080"]
16-Jul-2024 10:35:52.608 INFO [Thread-1] org.apache.catalina.core.StandardService.stopInternal Stopping service [Catalina]
16-Jul-2024 10:35:52.713 INFO [Thread-1] org.apache.coyote.AbstractProtocol.stop Stopping ProtocolHandler ["http-nio-8080"]
16-Jul-2024 10:35:52.735 INFO [Thread-1] org.apache.coyote.AbstractProtocol.destroy Destroying ProtocolHandler ["http-nio-8080"]
16-Jul-2024 10:44:37.135 INFO [main] org.apache.catalina.startup.VersionLoggerListener.log Имя версии сервера:    Apache Tomcat/9.0.91
16-Jul-2024 10:44:37.143 INFO [main] org.apache.catalina.startup.VersionLoggerListener.log Сервер собран:         Jul 2 2024 12:35:51 UTC
16-Jul-2024 10:44:37.143 INFO [main] org.apache.catalina.startup.VersionLoggerListener.log Номер версии сервера:  9.0.91.0
16-Jul-2024 10:44:37.144 INFO [main] org.apache.catalina.startup.VersionLoggerListener.log OS Name:               Windows 11
16-Jul-2024 10:44:37.144 INFO [main] org.apache.catalina.startup.VersionLoggerListener.log Версия ОС:             10.0
16-Jul-2024 10:44:37.144 INFO [main] org.apache.catalina.startup.VersionLoggerListener.log Архитектура:           amd64
16-Jul-2024 10:44:37.144 INFO [main] org.apache.catalina.startup.VersionLoggerListener.log Java Home:             C:\Program Files\Java\jdk-20
16-Jul-2024 10:44:37.145 INFO [main] org.apache.catalina.startup.VersionLoggerListener.log Версия JVM:            20.0.1+9-29
16-Jul-2024 10:44:37.145 INFO [main] org.apache.catalina.startup.VersionLoggerListener.log Производитель JVM:     Oracle Corporation
16-Jul-2024 10:44:37.145 INFO [main] org.apache.catalina.startup.VersionLoggerListener.log CATALINA_BASE:         C:\Users\Admin\Desktop\y_lab_homework\homework4\apache-tomcat-9.0.91
16-Jul-2024 10:44:37.145 INFO [main] org.apache.catalina.startup.VersionLoggerListener.log CATALINA_HOME:         C:\Users\Admin\Desktop\y_lab_homework\homework4\apache-tomcat-9.0.91
16-Jul-2024 10:44:37.155 INFO [main] org.apache.catalina.startup.VersionLoggerListener.log Command line argument: --add-opens=java.base/java.lang=ALL-UNNAMED
16-Jul-2024 10:44:37.156 INFO [main] org.apache.catalina.startup.VersionLoggerListener.log Command line argument: --add-opens=java.base/java.io=ALL-UNNAMED
16-Jul-2024 10:44:37.156 INFO [main] org.apache.catalina.startup.VersionLoggerListener.log Command line argument: --add-opens=java.base/java.util=ALL-UNNAMED
16-Jul-2024 10:44:37.156 INFO [main] org.apache.catalina.startup.VersionLoggerListener.log Command line argument: --add-opens=java.base/java.util.concurrent=ALL-UNNAMED
16-Jul-2024 10:44:37.156 INFO [main] org.apache.catalina.startup.VersionLoggerListener.log Command line argument: --add-opens=java.rmi/sun.rmi.transport=ALL-UNNAMED
16-Jul-2024 10:44:37.157 INFO [main] org.apache.catalina.startup.VersionLoggerListener.log Command line argument: -Djava.util.logging.config.file=C:\Users\Admin\Desktop\y_lab_homework\homework4\apache-tomcat-9.0.91\conf\logging.properties
16-Jul-2024 10:44:37.158 INFO [main] org.apache.catalina.startup.VersionLoggerListener.log Command line argument: -Djava.util.logging.manager=org.apache.juli.ClassLoaderLogManager
16-Jul-2024 10:44:37.160 INFO [main] org.apache.catalina.startup.VersionLoggerListener.log Command line argument: -Djdk.tls.ephemeralDHKeySize=2048
16-Jul-2024 10:44:37.160 INFO [main] org.apache.catalina.startup.VersionLoggerListener.log Command line argument: -Djava.protocol.handler.pkgs=org.apache.catalina.webresources
16-Jul-2024 10:44:37.160 INFO [main] org.apache.catalina.startup.VersionLoggerListener.log Command line argument: -Dignore.endorsed.dirs=
16-Jul-2024 10:44:37.161 INFO [main] org.apache.catalina.startup.VersionLoggerListener.log Command line argument: -Dcatalina.base=C:\Users\Admin\Desktop\y_lab_homework\homework4\apache-tomcat-9.0.91
16-Jul-2024 10:44:37.161 INFO [main] org.apache.catalina.startup.VersionLoggerListener.log Command line argument: -Dcatalina.home=C:\Users\Admin\Desktop\y_lab_homework\homework4\apache-tomcat-9.0.91
16-Jul-2024 10:44:37.161 INFO [main] org.apache.catalina.startup.VersionLoggerListener.log Command line argument: -Djava.io.tmpdir=C:\Users\Admin\Desktop\y_lab_homework\homework4\apache-tomcat-9.0.91\temp
16-Jul-2024 10:44:37.172 INFO [main] org.apache.catalina.core.AprLifecycleListener.lifecycleEvent The Apache Tomcat Native library which allows using OpenSSL was not found on the java.library.path: [C:\Program Files\Java\jdk-20\bin;C:\WINDOWS\Sun\Java\bin;C:\WINDOWS\system32;C:\WINDOWS;C:\Program Files (x86)\NVIDIA Corporation\PhysX\Common;C:\Windows\system32;C:\Windows;C:\Windows\System32\Wbem;C:\Windows\System32\WindowsPowerShell\v1.0\;C:\Windows\System32\OpenSSH\;C:\Program Files\apache-maven-3.8.6\bin;C:\Program Files\dotnet\;C:\Program Files\Microsoft SQL Server\150\Tools\Binn\;C:\Program Files\Microsoft\Web Platform Installer\;C:\Program Files (x86)\Microsoft ASP.NET\ASP.NET Web Pages\v1.0\;C:\Program Files\Microsoft SQL Server\110\Tools\Binn\;C:\Program Files\MySQL\MySQL Server 8.0\bin;C:\Program Files\Android\CL\cmdline-tools\bin;C:\Program Files\gradle-7.6\bin;C:\Program Files\nodejs\;C:\Program Files\PuTTY\;C:\WINDOWS\system32;C:\WINDOWS;C:\WINDOWS\System32\Wbem;C:\WINDOWS\System32\WindowsPowerShell\v1.0\;C:\WINDOWS\System32\OpenSSH\;C:\Program Files (x86)\mingw64\bin;C:\Users\Admin\AppData\Local\bin\NASM;C:\Program Files\PostgreSQL\15\pgAdmin 4\runtime\;C:\Users\Admin\AppData\Local\Programs\Python\Python311;C:\Program Files\Git\cmd;C:\Program Files\GitHub CLI\;C:\Program Files\Java\jdk-20\bin;C:\Users\Admin\AppData\Local\Microsoft\WinGet\Packages\Genymobile.scrcpy_Microsoft.Winget.Source_8wekyb3d8bbwe\scrcpy-win64-v2.1.1;C:\Program Files\WireGuard\;C:\masm32\bin;C:\Program Files\NASM;C:\Program Files\Docker\Docker\resources\bin;C:\Program Files\Docker\cli-plugins;C:\Program Files\MySQL\MySQL Shell 8.0\bin\;C:\Users\Admin\AppData\Local\Programs\Python\Python311\Scripts\;C:\Users\Admin\AppData\Local\Programs\Python\Python311\;C:\Users\Admin\AppData\Local\Microsoft\WindowsApps;C:\Program Files\Java\jdk-20\bin;C:\Users\Admin\AppData\Local\Programs\MiKTeX\miktex\bin\x64\;C:\Users\Admin\AppData\Local\Programs\Microsoft VS Code\bin;C:\Users\Admin\.dotnet\tools;C:\Program Files\gcc-12.2.0-no-debug\bin;C:\Users\Admin\AppData\Roaming\npm;C:\Program Files\JetBrains\IntelliJ IDEA Community Edition 2023.1.1\bin;;C:\Users\Admin\AppData\Local\Microsoft\WinGet\Packages\Genymobile.scrcpy_Microsoft.Winget.Source_8wekyb3d8bbwe\scrcpy-win64-v2.1.1;;C:\Program Files\liquibase;.]
16-Jul-2024 10:44:37.581 INFO [main] org.apache.coyote.AbstractProtocol.init Инициализация ProtocolHandler ["http-nio-8080"]
16-Jul-2024 10:44:37.623 INFO [main] org.apache.catalina.startup.Catalina.load Server initialization in [759] milliseconds
16-Jul-2024 10:44:37.703 INFO [main] org.apache.catalina.core.StandardService.startInternal Starting service [Catalina]
16-Jul-2024 10:44:37.707 INFO [main] org.apache.catalina.core.StandardEngine.startInternal Starting Servlet engine: [Apache Tomcat/9.0.91]
16-Jul-2024 10:44:37.728 INFO [main] org.apache.catalina.startup.HostConfig.deployDirectory Установка веб приложения в папку [C:\Users\Admin\Desktop\y_lab_homework\homework4\apache-tomcat-9.0.91\webapps\docs]
16-Jul-2024 10:44:38.095 INFO [main] org.apache.catalina.startup.HostConfig.deployDirectory Deployment of web application directory [C:\Users\Admin\Desktop\y_lab_homework\homework4\apache-tomcat-9.0.91\webapps\docs] has finished in [364] ms
16-Jul-2024 10:44:38.096 INFO [main] org.apache.catalina.startup.HostConfig.deployDirectory Установка веб приложения в папку [C:\Users\Admin\Desktop\y_lab_homework\homework4\apache-tomcat-9.0.91\webapps\examples]
16-Jul-2024 10:44:38.647 INFO [main] org.apache.catalina.startup.HostConfig.deployDirectory Deployment of web application directory [C:\Users\Admin\Desktop\y_lab_homework\homework4\apache-tomcat-9.0.91\webapps\examples] has finished in [550] ms
16-Jul-2024 10:44:38.647 INFO [main] org.apache.catalina.startup.HostConfig.deployDirectory Установка веб приложения в папку [C:\Users\Admin\Desktop\y_lab_homework\homework4\apache-tomcat-9.0.91\webapps\homework4]
16-Jul-2024 10:44:41.319 INFO [main] org.apache.jasper.servlet.TldScanner.scanJars At least one JAR was scanned for TLDs yet contained no TLDs. Enable debug logging for this logger for a complete list of JARs that were scanned but no TLDs were found in them. Skipping unneeded JARs during scanning can improve startup time and JSP compilation time.
16-Jul-2024 10:44:43.650 INFO [main] org.apache.catalina.startup.HostConfig.deployDirectory Deployment of web application directory [C:\Users\Admin\Desktop\y_lab_homework\homework4\apache-tomcat-9.0.91\webapps\homework4] has finished in [5 003] ms
16-Jul-2024 10:44:43.652 INFO [main] org.apache.catalina.startup.HostConfig.deployDirectory Установка веб приложения в папку [C:\Users\Admin\Desktop\y_lab_homework\homework4\apache-tomcat-9.0.91\webapps\host-manager]
16-Jul-2024 10:44:43.711 INFO [main] org.apache.catalina.startup.HostConfig.deployDirectory Deployment of web application directory [C:\Users\Admin\Desktop\y_lab_homework\homework4\apache-tomcat-9.0.91\webapps\host-manager] has finished in [59] ms
16-Jul-2024 10:44:43.712 INFO [main] org.apache.catalina.startup.HostConfig.deployDirectory Установка веб приложения в папку [C:\Users\Admin\Desktop\y_lab_homework\homework4\apache-tomcat-9.0.91\webapps\manager]
16-Jul-2024 10:44:43.767 INFO [main] org.apache.catalina.startup.HostConfig.deployDirectory Deployment of web application directory [C:\Users\Admin\Desktop\y_lab_homework\homework4\apache-tomcat-9.0.91\webapps\manager] has finished in [54] ms
16-Jul-2024 10:44:43.767 INFO [main] org.apache.catalina.startup.HostConfig.deployDirectory Установка веб приложения в папку [C:\Users\Admin\Desktop\y_lab_homework\homework4\apache-tomcat-9.0.91\webapps\ROOT]
16-Jul-2024 10:44:43.813 INFO [main] org.apache.catalina.startup.HostConfig.deployDirectory Deployment of web application directory [C:\Users\Admin\Desktop\y_lab_homework\homework4\apache-tomcat-9.0.91\webapps\ROOT] has finished in [45] ms
16-Jul-2024 10:44:43.819 INFO [main] org.apache.coyote.AbstractProtocol.start Starting ProtocolHandler ["http-nio-8080"]
16-Jul-2024 10:44:43.870 INFO [main] org.apache.catalina.startup.Catalina.start Server startup in [6241] milliseconds
16-Jul-2024 10:46:50.953 INFO [http-nio-8080-exec-7] org.apache.catalina.core.StandardContext.reload Reloading Context with name [/homework4] has started
16-Jul-2024 10:46:51.036 WARNING [http-nio-8080-exec-7] org.apache.catalina.loader.WebappClassLoaderBase.clearReferencesJdbc The web application [homework4] registered the JDBC driver [org.postgresql.Driver] but failed to unregister it when the web application was stopped. To prevent a memory leak, the JDBC Driver has been forcibly unregistered.
16-Jul-2024 10:46:51.051 SEVERE [http-nio-8080-exec-7] org.apache.catalina.loader.WebappClassLoaderBase.checkThreadLocalMapForLeaks The web application [homework4] created a ThreadLocal with key of type [java.lang.ThreadLocal] (value [java.lang.ThreadLocal@d6bc064]) and a value of type [org.postgresql.jdbc.PgConnection] (value [org.postgresql.jdbc.PgConnection@5ff25e26]) but failed to remove it when the web application was stopped. Threads are going to be renewed over time to try and avoid a probable memory leak.
16-Jul-2024 10:46:51.053 SEVERE [http-nio-8080-exec-7] org.apache.catalina.loader.WebappClassLoaderBase.checkThreadLocalMapForLeaks The web application [homework4] created a ThreadLocal with key of type [java.lang.ThreadLocal] (value [java.lang.ThreadLocal@d6bc064]) and a value of type [org.postgresql.jdbc.PgConnection] (value [org.postgresql.jdbc.PgConnection@324922b5]) but failed to remove it when the web application was stopped. Threads are going to be renewed over time to try and avoid a probable memory leak.
16-Jul-2024 10:46:57.264 INFO [http-nio-8080-exec-7] org.apache.jasper.servlet.TldScanner.scanJars At least one JAR was scanned for TLDs yet contained no TLDs. Enable debug logging for this logger for a complete list of JARs that were scanned but no TLDs were found in them. Skipping unneeded JARs during scanning can improve startup time and JSP compilation time.
16-Jul-2024 10:47:02.473 INFO [http-nio-8080-exec-7] org.apache.catalina.core.StandardContext.reload Reloading Context with name [/homework4] is completed
16-Jul-2024 10:48:18.329 INFO [http-nio-8080-exec-11] org.apache.coyote.http11.Http11Processor.service Error parsing HTTP request header
 Note: further occurrences of HTTP request parsing errors will be logged at DEBUG level.
	java.lang.IllegalArgumentException: Invalid character found in method name [0x160x030x010x060xa00x010x000x060x9c0x030x030xf30xfc0xdc,0x07p0xa50xd30xb60x9f!0x8e0xcez0x190xf50xeef"n0x1e0x1e0x850xfe*0xcdR0x9b0xa00xbc0xa10xad ]. HTTP method names must be tokens
		at org.apache.coyote.http11.Http11InputBuffer.parseRequestLine(Http11InputBuffer.java:407)
		at org.apache.coyote.http11.Http11Processor.service(Http11Processor.java:261)
		at org.apache.coyote.AbstractProcessorLight.process(AbstractProcessorLight.java:63)
		at org.apache.coyote.AbstractProtocol$ConnectionHandler.process(AbstractProtocol.java:936)
		at org.apache.tomcat.util.net.NioEndpoint$SocketProcessor.doRun(NioEndpoint.java:1791)
		at org.apache.tomcat.util.net.SocketProcessorBase.run(SocketProcessorBase.java:52)
		at org.apache.tomcat.util.threads.ThreadPoolExecutor.runWorker(ThreadPoolExecutor.java:1190)
		at org.apache.tomcat.util.threads.ThreadPoolExecutor$Worker.run(ThreadPoolExecutor.java:659)
		at org.apache.tomcat.util.threads.TaskThread$WrappingRunnable.run(TaskThread.java:63)
		at java.base/java.lang.Thread.run(Thread.java:1623)
16-Jul-2024 10:55:34.662 INFO [Thread-1] org.apache.coyote.AbstractProtocol.pause Pausing ProtocolHandler ["http-nio-8080"]
16-Jul-2024 10:55:35.614 INFO [Thread-1] org.apache.catalina.core.StandardService.stopInternal Stopping service [Catalina]
16-Jul-2024 10:55:35.709 INFO [Thread-1] org.apache.coyote.AbstractProtocol.stop Stopping ProtocolHandler ["http-nio-8080"]
16-Jul-2024 10:55:35.718 INFO [Thread-1] org.apache.coyote.AbstractProtocol.destroy Destroying ProtocolHandler ["http-nio-8080"]
16-Jul-2024 13:44:21.424 INFO [main] org.apache.catalina.startup.VersionLoggerListener.log Имя версии сервера:    Apache Tomcat/9.0.91
16-Jul-2024 13:44:21.433 INFO [main] org.apache.catalina.startup.VersionLoggerListener.log Сервер собран:         Jul 2 2024 12:35:51 UTC
16-Jul-2024 13:44:21.434 INFO [main] org.apache.catalina.startup.VersionLoggerListener.log Номер версии сервера:  9.0.91.0
16-Jul-2024 13:44:21.434 INFO [main] org.apache.catalina.startup.VersionLoggerListener.log OS Name:               Windows 11
16-Jul-2024 13:44:21.434 INFO [main] org.apache.catalina.startup.VersionLoggerListener.log Версия ОС:             10.0
16-Jul-2024 13:44:21.435 INFO [main] org.apache.catalina.startup.VersionLoggerListener.log Архитектура:           amd64
16-Jul-2024 13:44:21.435 INFO [main] org.apache.catalina.startup.VersionLoggerListener.log Java Home:             C:\Program Files\Java\jdk-20
16-Jul-2024 13:44:21.435 INFO [main] org.apache.catalina.startup.VersionLoggerListener.log Версия JVM:            20.0.1+9-29
16-Jul-2024 13:44:21.435 INFO [main] org.apache.catalina.startup.VersionLoggerListener.log Производитель JVM:     Oracle Corporation
16-Jul-2024 13:44:21.435 INFO [main] org.apache.catalina.startup.VersionLoggerListener.log CATALINA_BASE:         C:\Users\Admin\Desktop\y_lab_homework\homework4\apache-tomcat-9.0.91
16-Jul-2024 13:44:21.436 INFO [main] org.apache.catalina.startup.VersionLoggerListener.log CATALINA_HOME:         C:\Users\Admin\Desktop\y_lab_homework\homework4\apache-tomcat-9.0.91
16-Jul-2024 13:44:21.452 INFO [main] org.apache.catalina.startup.VersionLoggerListener.log Command line argument: --add-opens=java.base/java.lang=ALL-UNNAMED
16-Jul-2024 13:44:21.452 INFO [main] org.apache.catalina.startup.VersionLoggerListener.log Command line argument: --add-opens=java.base/java.io=ALL-UNNAMED
16-Jul-2024 13:44:21.453 INFO [main] org.apache.catalina.startup.VersionLoggerListener.log Command line argument: --add-opens=java.base/java.util=ALL-UNNAMED
16-Jul-2024 13:44:21.453 INFO [main] org.apache.catalina.startup.VersionLoggerListener.log Command line argument: --add-opens=java.base/java.util.concurrent=ALL-UNNAMED
16-Jul-2024 13:44:21.453 INFO [main] org.apache.catalina.startup.VersionLoggerListener.log Command line argument: --add-opens=java.rmi/sun.rmi.transport=ALL-UNNAMED
16-Jul-2024 13:44:21.453 INFO [main] org.apache.catalina.startup.VersionLoggerListener.log Command line argument: -Djava.util.logging.config.file=C:\Users\Admin\Desktop\y_lab_homework\homework4\apache-tomcat-9.0.91\conf\logging.properties
16-Jul-2024 13:44:21.453 INFO [main] org.apache.catalina.startup.VersionLoggerListener.log Command line argument: -Djava.util.logging.manager=org.apache.juli.ClassLoaderLogManager
16-Jul-2024 13:44:21.453 INFO [main] org.apache.catalina.startup.VersionLoggerListener.log Command line argument: -Djdk.tls.ephemeralDHKeySize=2048
16-Jul-2024 13:44:21.453 INFO [main] org.apache.catalina.startup.VersionLoggerListener.log Command line argument: -Djava.protocol.handler.pkgs=org.apache.catalina.webresources
16-Jul-2024 13:44:21.453 INFO [main] org.apache.catalina.startup.VersionLoggerListener.log Command line argument: -Dignore.endorsed.dirs=
16-Jul-2024 13:44:21.454 INFO [main] org.apache.catalina.startup.VersionLoggerListener.log Command line argument: -Dcatalina.base=C:\Users\Admin\Desktop\y_lab_homework\homework4\apache-tomcat-9.0.91
16-Jul-2024 13:44:21.454 INFO [main] org.apache.catalina.startup.VersionLoggerListener.log Command line argument: -Dcatalina.home=C:\Users\Admin\Desktop\y_lab_homework\homework4\apache-tomcat-9.0.91
16-Jul-2024 13:44:21.454 INFO [main] org.apache.catalina.startup.VersionLoggerListener.log Command line argument: -Djava.io.tmpdir=C:\Users\Admin\Desktop\y_lab_homework\homework4\apache-tomcat-9.0.91\temp
16-Jul-2024 13:44:21.465 INFO [main] org.apache.catalina.core.AprLifecycleListener.lifecycleEvent The Apache Tomcat Native library which allows using OpenSSL was not found on the java.library.path: [C:\Program Files\Java\jdk-20\bin;C:\WINDOWS\Sun\Java\bin;C:\WINDOWS\system32;C:\WINDOWS;C:\Program Files (x86)\NVIDIA Corporation\PhysX\Common;C:\Windows\system32;C:\Windows;C:\Windows\System32\Wbem;C:\Windows\System32\WindowsPowerShell\v1.0\;C:\Windows\System32\OpenSSH\;C:\Program Files\apache-maven-3.8.6\bin;C:\Program Files\dotnet\;C:\Program Files\Microsoft SQL Server\150\Tools\Binn\;C:\Program Files\Microsoft\Web Platform Installer\;C:\Program Files (x86)\Microsoft ASP.NET\ASP.NET Web Pages\v1.0\;C:\Program Files\Microsoft SQL Server\110\Tools\Binn\;C:\Program Files\MySQL\MySQL Server 8.0\bin;C:\Program Files\Android\CL\cmdline-tools\bin;C:\Program Files\gradle-7.6\bin;C:\Program Files\nodejs\;C:\Program Files\PuTTY\;C:\WINDOWS\system32;C:\WINDOWS;C:\WINDOWS\System32\Wbem;C:\WINDOWS\System32\WindowsPowerShell\v1.0\;C:\WINDOWS\System32\OpenSSH\;C:\Program Files (x86)\mingw64\bin;C:\Users\Admin\AppData\Local\bin\NASM;C:\Program Files\PostgreSQL\15\pgAdmin 4\runtime\;C:\Users\Admin\AppData\Local\Programs\Python\Python311;C:\Program Files\Git\cmd;C:\Program Files\GitHub CLI\;C:\Program Files\Java\jdk-20\bin;C:\Users\Admin\AppData\Local\Microsoft\WinGet\Packages\Genymobile.scrcpy_Microsoft.Winget.Source_8wekyb3d8bbwe\scrcpy-win64-v2.1.1;C:\Program Files\WireGuard\;C:\masm32\bin;C:\Program Files\NASM;C:\Program Files\Docker\Docker\resources\bin;C:\Program Files\Docker\cli-plugins;C:\Program Files\MySQL\MySQL Shell 8.0\bin\;C:\Users\Admin\AppData\Local\Programs\Python\Python311\Scripts\;C:\Users\Admin\AppData\Local\Programs\Python\Python311\;C:\Users\Admin\AppData\Local\Microsoft\WindowsApps;C:\Program Files\Java\jdk-20\bin;C:\Users\Admin\AppData\Local\Programs\MiKTeX\miktex\bin\x64\;C:\Users\Admin\AppData\Local\Programs\Microsoft VS Code\bin;C:\Users\Admin\.dotnet\tools;C:\Program Files\gcc-12.2.0-no-debug\bin;C:\Users\Admin\AppData\Roaming\npm;C:\Program Files\JetBrains\IntelliJ IDEA Community Edition 2023.1.1\bin;;C:\Users\Admin\AppData\Local\Microsoft\WinGet\Packages\Genymobile.scrcpy_Microsoft.Winget.Source_8wekyb3d8bbwe\scrcpy-win64-v2.1.1;;C:\Program Files\liquibase;.]
16-Jul-2024 13:44:21.896 INFO [main] org.apache.coyote.AbstractProtocol.init Инициализация ProtocolHandler ["http-nio-8080"]
16-Jul-2024 13:44:21.951 INFO [main] org.apache.catalina.startup.Catalina.load Server initialization in [769] milliseconds
16-Jul-2024 13:44:22.039 INFO [main] org.apache.catalina.core.StandardService.startInternal Starting service [Catalina]
16-Jul-2024 13:44:22.040 INFO [main] org.apache.catalina.core.StandardEngine.startInternal Starting Servlet engine: [Apache Tomcat/9.0.91]
16-Jul-2024 13:44:22.047 INFO [main] org.apache.catalina.startup.HostConfig.deployDirectory Установка веб приложения в папку [C:\Users\Admin\Desktop\y_lab_homework\homework4\apache-tomcat-9.0.91\webapps\docs]
16-Jul-2024 13:44:22.379 INFO [main] org.apache.catalina.startup.HostConfig.deployDirectory Deployment of web application directory [C:\Users\Admin\Desktop\y_lab_homework\homework4\apache-tomcat-9.0.91\webapps\docs] has finished in [327] ms
16-Jul-2024 13:44:22.380 INFO [main] org.apache.catalina.startup.HostConfig.deployDirectory Установка веб приложения в папку [C:\Users\Admin\Desktop\y_lab_homework\homework4\apache-tomcat-9.0.91\webapps\examples]
16-Jul-2024 13:44:22.855 INFO [main] org.apache.catalina.startup.HostConfig.deployDirectory Deployment of web application directory [C:\Users\Admin\Desktop\y_lab_homework\homework4\apache-tomcat-9.0.91\webapps\examples] has finished in [475] ms
16-Jul-2024 13:44:22.856 INFO [main] org.apache.catalina.startup.HostConfig.deployDirectory Установка веб приложения в папку [C:\Users\Admin\Desktop\y_lab_homework\homework4\apache-tomcat-9.0.91\webapps\homework4]
16-Jul-2024 13:44:24.783 INFO [main] org.apache.jasper.servlet.TldScanner.scanJars At least one JAR was scanned for TLDs yet contained no TLDs. Enable debug logging for this logger for a complete list of JARs that were scanned but no TLDs were found in them. Skipping unneeded JARs during scanning can improve startup time and JSP compilation time.
16-Jul-2024 13:44:26.665 INFO [main] org.apache.catalina.startup.HostConfig.deployDirectory Deployment of web application directory [C:\Users\Admin\Desktop\y_lab_homework\homework4\apache-tomcat-9.0.91\webapps\homework4] has finished in [3 809] ms
16-Jul-2024 13:44:26.666 INFO [main] org.apache.catalina.startup.HostConfig.deployDirectory Установка веб приложения в папку [C:\Users\Admin\Desktop\y_lab_homework\homework4\apache-tomcat-9.0.91\webapps\host-manager]
16-Jul-2024 13:44:26.728 INFO [main] org.apache.catalina.startup.HostConfig.deployDirectory Deployment of web application directory [C:\Users\Admin\Desktop\y_lab_homework\homework4\apache-tomcat-9.0.91\webapps\host-manager] has finished in [62] ms
16-Jul-2024 13:44:26.729 INFO [main] org.apache.catalina.startup.HostConfig.deployDirectory Установка веб приложения в папку [C:\Users\Admin\Desktop\y_lab_homework\homework4\apache-tomcat-9.0.91\webapps\manager]
16-Jul-2024 13:44:26.790 INFO [main] org.apache.catalina.startup.HostConfig.deployDirectory Deployment of web application directory [C:\Users\Admin\Desktop\y_lab_homework\homework4\apache-tomcat-9.0.91\webapps\manager] has finished in [61] ms
16-Jul-2024 13:44:26.792 INFO [main] org.apache.catalina.startup.HostConfig.deployDirectory Установка веб приложения в папку [C:\Users\Admin\Desktop\y_lab_homework\homework4\apache-tomcat-9.0.91\webapps\ROOT]
16-Jul-2024 13:44:26.833 INFO [main] org.apache.catalina.startup.HostConfig.deployDirectory Deployment of web application directory [C:\Users\Admin\Desktop\y_lab_homework\homework4\apache-tomcat-9.0.91\webapps\ROOT] has finished in [37] ms
16-Jul-2024 13:44:26.837 INFO [main] org.apache.coyote.AbstractProtocol.start Starting ProtocolHandler ["http-nio-8080"]
16-Jul-2024 13:44:26.893 INFO [main] org.apache.catalina.startup.Catalina.start Server startup in [4934] milliseconds
16-Jul-2024 13:45:54.572 INFO [Thread-1] org.apache.coyote.AbstractProtocol.pause Pausing ProtocolHandler ["http-nio-8080"]
16-Jul-2024 13:45:54.793 INFO [Thread-1] org.apache.catalina.core.StandardService.stopInternal Stopping service [Catalina]
16-Jul-2024 13:45:54.846 WARNING [Thread-1] org.apache.catalina.loader.WebappClassLoaderBase.clearReferencesJdbc The web application [homework4] registered the JDBC driver [org.postgresql.Driver] but failed to unregister it when the web application was stopped. To prevent a memory leak, the JDBC Driver has been forcibly unregistered.
16-Jul-2024 13:45:54.848 SEVERE [Thread-1] org.apache.catalina.loader.WebappClassLoaderBase.checkThreadLocalMapForLeaks The web application [homework4] created a ThreadLocal with key of type [java.lang.ThreadLocal] (value [java.lang.ThreadLocal@ffabc48]) and a value of type [org.postgresql.jdbc.PgConnection] (value [org.postgresql.jdbc.PgConnection@54f0a003]) but failed to remove it when the web application was stopped. Threads are going to be renewed over time to try and avoid a probable memory leak.
16-Jul-2024 13:45:54.848 SEVERE [Thread-1] org.apache.catalina.loader.WebappClassLoaderBase.checkThreadLocalMapForLeaks The web application [homework4] created a ThreadLocal with key of type [java.lang.ThreadLocal] (value [java.lang.ThreadLocal@ffabc48]) and a value of type [org.postgresql.jdbc.PgConnection] (value [org.postgresql.jdbc.PgConnection@3735e78f]) but failed to remove it when the web application was stopped. Threads are going to be renewed over time to try and avoid a probable memory leak.
16-Jul-2024 13:45:54.856 INFO [Thread-1] org.apache.coyote.AbstractProtocol.stop Stopping ProtocolHandler ["http-nio-8080"]
16-Jul-2024 13:45:54.874 INFO [Thread-1] org.apache.coyote.AbstractProtocol.destroy Destroying ProtocolHandler ["http-nio-8080"]
