15-Jul-2024 16:53:40.602 INFO [main] org.apache.catalina.startup.VersionLoggerListener.log Имя версии сервера:    Apache Tomcat/9.0.91
15-Jul-2024 16:53:40.605 INFO [main] org.apache.catalina.startup.VersionLoggerListener.log Сервер собран:         Jul 2 2024 12:35:51 UTC
15-Jul-2024 16:53:40.605 INFO [main] org.apache.catalina.startup.VersionLoggerListener.log Номер версии сервера:  9.0.91.0
15-Jul-2024 16:53:40.605 INFO [main] org.apache.catalina.startup.VersionLoggerListener.log OS Name:               Windows 11
15-Jul-2024 16:53:40.606 INFO [main] org.apache.catalina.startup.VersionLoggerListener.log Версия ОС:             10.0
15-Jul-2024 16:53:40.606 INFO [main] org.apache.catalina.startup.VersionLoggerListener.log Архитектура:           amd64
15-Jul-2024 16:53:40.606 INFO [main] org.apache.catalina.startup.VersionLoggerListener.log Java Home:             C:\Program Files\Java\jdk-20
15-Jul-2024 16:53:40.606 INFO [main] org.apache.catalina.startup.VersionLoggerListener.log Версия JVM:            20.0.1+9-29
15-Jul-2024 16:53:40.606 INFO [main] org.apache.catalina.startup.VersionLoggerListener.log Производитель JVM:     Oracle Corporation
15-Jul-2024 16:53:40.606 INFO [main] org.apache.catalina.startup.VersionLoggerListener.log CATALINA_BASE:         C:\Users\Admin\Desktop\y_lab_homework\homework4\apache-tomcat-9.0.91
15-Jul-2024 16:53:40.606 INFO [main] org.apache.catalina.startup.VersionLoggerListener.log CATALINA_HOME:         C:\Users\Admin\Desktop\y_lab_homework\homework4\apache-tomcat-9.0.91
15-Jul-2024 16:53:40.615 INFO [main] org.apache.catalina.startup.VersionLoggerListener.log Command line argument: --add-opens=java.base/java.lang=ALL-UNNAMED
15-Jul-2024 16:53:40.615 INFO [main] org.apache.catalina.startup.VersionLoggerListener.log Command line argument: --add-opens=java.base/java.io=ALL-UNNAMED
15-Jul-2024 16:53:40.615 INFO [main] org.apache.catalina.startup.VersionLoggerListener.log Command line argument: --add-opens=java.base/java.util=ALL-UNNAMED
15-Jul-2024 16:53:40.615 INFO [main] org.apache.catalina.startup.VersionLoggerListener.log Command line argument: --add-opens=java.base/java.util.concurrent=ALL-UNNAMED
15-Jul-2024 16:53:40.615 INFO [main] org.apache.catalina.startup.VersionLoggerListener.log Command line argument: --add-opens=java.rmi/sun.rmi.transport=ALL-UNNAMED
15-Jul-2024 16:53:40.616 INFO [main] org.apache.catalina.startup.VersionLoggerListener.log Command line argument: -Djava.util.logging.config.file=C:\Users\Admin\Desktop\y_lab_homework\homework4\apache-tomcat-9.0.91\conf\logging.properties
15-Jul-2024 16:53:40.616 INFO [main] org.apache.catalina.startup.VersionLoggerListener.log Command line argument: -Djava.util.logging.manager=org.apache.juli.ClassLoaderLogManager
15-Jul-2024 16:53:40.616 INFO [main] org.apache.catalina.startup.VersionLoggerListener.log Command line argument: -Djdk.tls.ephemeralDHKeySize=2048
15-Jul-2024 16:53:40.616 INFO [main] org.apache.catalina.startup.VersionLoggerListener.log Command line argument: -Djava.protocol.handler.pkgs=org.apache.catalina.webresources
15-Jul-2024 16:53:40.616 INFO [main] org.apache.catalina.startup.VersionLoggerListener.log Command line argument: -Dignore.endorsed.dirs=
15-Jul-2024 16:53:40.616 INFO [main] org.apache.catalina.startup.VersionLoggerListener.log Command line argument: -Dcatalina.base=C:\Users\Admin\Desktop\y_lab_homework\homework4\apache-tomcat-9.0.91
15-Jul-2024 16:53:40.617 INFO [main] org.apache.catalina.startup.VersionLoggerListener.log Command line argument: -Dcatalina.home=C:\Users\Admin\Desktop\y_lab_homework\homework4\apache-tomcat-9.0.91
15-Jul-2024 16:53:40.617 INFO [main] org.apache.catalina.startup.VersionLoggerListener.log Command line argument: -Djava.io.tmpdir=C:\Users\Admin\Desktop\y_lab_homework\homework4\apache-tomcat-9.0.91\temp
15-Jul-2024 16:53:40.626 INFO [main] org.apache.catalina.core.AprLifecycleListener.lifecycleEvent The Apache Tomcat Native library which allows using OpenSSL was not found on the java.library.path: [C:\Program Files\Java\jdk-20\bin;C:\WINDOWS\Sun\Java\bin;C:\WINDOWS\system32;C:\WINDOWS;C:\Program Files (x86)\NVIDIA Corporation\PhysX\Common;C:\Windows\system32;C:\Windows;C:\Windows\System32\Wbem;C:\Windows\System32\WindowsPowerShell\v1.0\;C:\Windows\System32\OpenSSH\;C:\Program Files\apache-maven-3.8.6\bin;C:\Program Files\dotnet\;C:\Program Files\Microsoft SQL Server\150\Tools\Binn\;C:\Program Files\Microsoft\Web Platform Installer\;C:\Program Files (x86)\Microsoft ASP.NET\ASP.NET Web Pages\v1.0\;C:\Program Files\Microsoft SQL Server\110\Tools\Binn\;C:\Program Files\MySQL\MySQL Server 8.0\bin;C:\Program Files\Android\CL\cmdline-tools\bin;C:\Program Files\gradle-7.6\bin;C:\Program Files\nodejs\;C:\Program Files\PuTTY\;C:\WINDOWS\system32;C:\WINDOWS;C:\WINDOWS\System32\Wbem;C:\WINDOWS\System32\WindowsPowerShell\v1.0\;C:\WINDOWS\System32\OpenSSH\;C:\Program Files (x86)\mingw64\bin;C:\Users\Admin\AppData\Local\bin\NASM;C:\Program Files\PostgreSQL\15\pgAdmin 4\runtime\;C:\Users\Admin\AppData\Local\Programs\Python\Python311;C:\Program Files\Git\cmd;C:\Program Files\GitHub CLI\;C:\Program Files\Java\jdk-20\bin;C:\Users\Admin\AppData\Local\Microsoft\WinGet\Packages\Genymobile.scrcpy_Microsoft.Winget.Source_8wekyb3d8bbwe\scrcpy-win64-v2.1.1;C:\Program Files\WireGuard\;C:\masm32\bin;C:\Program Files\NASM;C:\Program Files\Docker\Docker\resources\bin;C:\Program Files\Docker\cli-plugins;C:\Program Files\MySQL\MySQL Shell 8.0\bin\;C:\Users\Admin\AppData\Local\Programs\Python\Python311\Scripts\;C:\Users\Admin\AppData\Local\Programs\Python\Python311\;C:\Users\Admin\AppData\Local\Microsoft\WindowsApps;C:\Program Files\Java\jdk-20\bin;C:\Users\Admin\AppData\Local\Programs\MiKTeX\miktex\bin\x64\;C:\Users\Admin\AppData\Local\Programs\Microsoft VS Code\bin;C:\Users\Admin\.dotnet\tools;C:\Program Files\gcc-12.2.0-no-debug\bin;C:\Users\Admin\AppData\Roaming\npm;C:\Program Files\JetBrains\IntelliJ IDEA Community Edition 2023.1.1\bin;;C:\Users\Admin\AppData\Local\Microsoft\WinGet\Packages\Genymobile.scrcpy_Microsoft.Winget.Source_8wekyb3d8bbwe\scrcpy-win64-v2.1.1;;C:\Program Files\liquibase;.]
15-Jul-2024 16:53:40.971 INFO [main] org.apache.coyote.AbstractProtocol.init Инициализация ProtocolHandler ["http-nio-8080"]
15-Jul-2024 16:53:41.008 INFO [main] org.apache.catalina.startup.Catalina.load Server initialization in [675] milliseconds
15-Jul-2024 16:53:41.072 INFO [main] org.apache.catalina.core.StandardService.startInternal Starting service [Catalina]
15-Jul-2024 16:53:41.073 INFO [main] org.apache.catalina.core.StandardEngine.startInternal Starting Servlet engine: [Apache Tomcat/9.0.91]
15-Jul-2024 16:53:41.084 INFO [main] org.apache.catalina.startup.HostConfig.deployDirectory Установка веб приложения в папку [C:\Users\Admin\Desktop\y_lab_homework\homework4\apache-tomcat-9.0.91\webapps\docs]
15-Jul-2024 16:53:41.409 INFO [main] org.apache.catalina.startup.HostConfig.deployDirectory Deployment of web application directory [C:\Users\Admin\Desktop\y_lab_homework\homework4\apache-tomcat-9.0.91\webapps\docs] has finished in [322] ms
15-Jul-2024 16:53:41.409 INFO [main] org.apache.catalina.startup.HostConfig.deployDirectory Установка веб приложения в папку [C:\Users\Admin\Desktop\y_lab_homework\homework4\apache-tomcat-9.0.91\webapps\examples]
15-Jul-2024 16:53:41.865 INFO [main] org.apache.catalina.startup.HostConfig.deployDirectory Deployment of web application directory [C:\Users\Admin\Desktop\y_lab_homework\homework4\apache-tomcat-9.0.91\webapps\examples] has finished in [456] ms
15-Jul-2024 16:53:41.865 INFO [main] org.apache.catalina.startup.HostConfig.deployDirectory Установка веб приложения в папку [C:\Users\Admin\Desktop\y_lab_homework\homework4\apache-tomcat-9.0.91\webapps\homework4]
15-Jul-2024 16:53:42.028 WARNING [main] org.apache.tomcat.util.descriptor.web.WebXml.setVersion Unknown version string [5.0]. Default version will be used.
15-Jul-2024 16:53:43.796 INFO [main] org.apache.jasper.servlet.TldScanner.scanJars At least one JAR was scanned for TLDs yet contained no TLDs. Enable debug logging for this logger for a complete list of JARs that were scanned but no TLDs were found in them. Skipping unneeded JARs during scanning can improve startup time and JSP compilation time.
15-Jul-2024 16:53:43.875 INFO [main] org.apache.catalina.startup.HostConfig.deployDirectory Deployment of web application directory [C:\Users\Admin\Desktop\y_lab_homework\homework4\apache-tomcat-9.0.91\webapps\homework4] has finished in [2 010] ms
15-Jul-2024 16:53:43.876 INFO [main] org.apache.catalina.startup.HostConfig.deployDirectory Установка веб приложения в папку [C:\Users\Admin\Desktop\y_lab_homework\homework4\apache-tomcat-9.0.91\webapps\host-manager]
15-Jul-2024 16:53:43.927 INFO [main] org.apache.catalina.startup.HostConfig.deployDirectory Deployment of web application directory [C:\Users\Admin\Desktop\y_lab_homework\homework4\apache-tomcat-9.0.91\webapps\host-manager] has finished in [52] ms
15-Jul-2024 16:53:43.928 INFO [main] org.apache.catalina.startup.HostConfig.deployDirectory Установка веб приложения в папку [C:\Users\Admin\Desktop\y_lab_homework\homework4\apache-tomcat-9.0.91\webapps\manager]
15-Jul-2024 16:53:43.983 INFO [main] org.apache.catalina.startup.HostConfig.deployDirectory Deployment of web application directory [C:\Users\Admin\Desktop\y_lab_homework\homework4\apache-tomcat-9.0.91\webapps\manager] has finished in [54] ms
15-Jul-2024 16:53:43.985 INFO [main] org.apache.catalina.startup.HostConfig.deployDirectory Установка веб приложения в папку [C:\Users\Admin\Desktop\y_lab_homework\homework4\apache-tomcat-9.0.91\webapps\ROOT]
15-Jul-2024 16:53:44.023 INFO [main] org.apache.catalina.startup.HostConfig.deployDirectory Deployment of web application directory [C:\Users\Admin\Desktop\y_lab_homework\homework4\apache-tomcat-9.0.91\webapps\ROOT] has finished in [38] ms
15-Jul-2024 16:53:44.029 INFO [main] org.apache.coyote.AbstractProtocol.start Starting ProtocolHandler ["http-nio-8080"]
15-Jul-2024 16:53:44.093 INFO [main] org.apache.catalina.startup.Catalina.start Server startup in [3082] milliseconds
15-Jul-2024 16:54:18.136 INFO [Thread-1] org.apache.coyote.AbstractProtocol.pause Pausing ProtocolHandler ["http-nio-8080"]
15-Jul-2024 16:54:18.363 INFO [Thread-1] org.apache.catalina.core.StandardService.stopInternal Stopping service [Catalina]
15-Jul-2024 16:54:18.406 INFO [Thread-1] org.apache.coyote.AbstractProtocol.stop Stopping ProtocolHandler ["http-nio-8080"]
15-Jul-2024 16:54:18.416 INFO [Thread-1] org.apache.coyote.AbstractProtocol.destroy Destroying ProtocolHandler ["http-nio-8080"]
15-Jul-2024 16:54:51.469 INFO [main] org.apache.catalina.startup.VersionLoggerListener.log Имя версии сервера:    Apache Tomcat/9.0.91
15-Jul-2024 16:54:51.474 INFO [main] org.apache.catalina.startup.VersionLoggerListener.log Сервер собран:         Jul 2 2024 12:35:51 UTC
15-Jul-2024 16:54:51.476 INFO [main] org.apache.catalina.startup.VersionLoggerListener.log Номер версии сервера:  9.0.91.0
15-Jul-2024 16:54:51.477 INFO [main] org.apache.catalina.startup.VersionLoggerListener.log OS Name:               Windows 11
15-Jul-2024 16:54:51.477 INFO [main] org.apache.catalina.startup.VersionLoggerListener.log Версия ОС:             10.0
15-Jul-2024 16:54:51.477 INFO [main] org.apache.catalina.startup.VersionLoggerListener.log Архитектура:           amd64
15-Jul-2024 16:54:51.478 INFO [main] org.apache.catalina.startup.VersionLoggerListener.log Java Home:             C:\Program Files\Java\jdk-20
15-Jul-2024 16:54:51.478 INFO [main] org.apache.catalina.startup.VersionLoggerListener.log Версия JVM:            20.0.1+9-29
15-Jul-2024 16:54:51.478 INFO [main] org.apache.catalina.startup.VersionLoggerListener.log Производитель JVM:     Oracle Corporation
15-Jul-2024 16:54:51.478 INFO [main] org.apache.catalina.startup.VersionLoggerListener.log CATALINA_BASE:         C:\Users\Admin\Desktop\y_lab_homework\homework4\apache-tomcat-9.0.91
15-Jul-2024 16:54:51.478 INFO [main] org.apache.catalina.startup.VersionLoggerListener.log CATALINA_HOME:         C:\Users\Admin\Desktop\y_lab_homework\homework4\apache-tomcat-9.0.91
15-Jul-2024 16:54:51.488 INFO [main] org.apache.catalina.startup.VersionLoggerListener.log Command line argument: --add-opens=java.base/java.lang=ALL-UNNAMED
15-Jul-2024 16:54:51.489 INFO [main] org.apache.catalina.startup.VersionLoggerListener.log Command line argument: --add-opens=java.base/java.io=ALL-UNNAMED
15-Jul-2024 16:54:51.489 INFO [main] org.apache.catalina.startup.VersionLoggerListener.log Command line argument: --add-opens=java.base/java.util=ALL-UNNAMED
15-Jul-2024 16:54:51.489 INFO [main] org.apache.catalina.startup.VersionLoggerListener.log Command line argument: --add-opens=java.base/java.util.concurrent=ALL-UNNAMED
15-Jul-2024 16:54:51.489 INFO [main] org.apache.catalina.startup.VersionLoggerListener.log Command line argument: --add-opens=java.rmi/sun.rmi.transport=ALL-UNNAMED
15-Jul-2024 16:54:51.489 INFO [main] org.apache.catalina.startup.VersionLoggerListener.log Command line argument: -Djava.util.logging.config.file=C:\Users\Admin\Desktop\y_lab_homework\homework4\apache-tomcat-9.0.91\conf\logging.properties
15-Jul-2024 16:54:51.490 INFO [main] org.apache.catalina.startup.VersionLoggerListener.log Command line argument: -Djava.util.logging.manager=org.apache.juli.ClassLoaderLogManager
15-Jul-2024 16:54:51.490 INFO [main] org.apache.catalina.startup.VersionLoggerListener.log Command line argument: -Djdk.tls.ephemeralDHKeySize=2048
15-Jul-2024 16:54:51.490 INFO [main] org.apache.catalina.startup.VersionLoggerListener.log Command line argument: -Djava.protocol.handler.pkgs=org.apache.catalina.webresources
15-Jul-2024 16:54:51.490 INFO [main] org.apache.catalina.startup.VersionLoggerListener.log Command line argument: -Dignore.endorsed.dirs=
15-Jul-2024 16:54:51.491 INFO [main] org.apache.catalina.startup.VersionLoggerListener.log Command line argument: -Dcatalina.base=C:\Users\Admin\Desktop\y_lab_homework\homework4\apache-tomcat-9.0.91
15-Jul-2024 16:54:51.491 INFO [main] org.apache.catalina.startup.VersionLoggerListener.log Command line argument: -Dcatalina.home=C:\Users\Admin\Desktop\y_lab_homework\homework4\apache-tomcat-9.0.91
15-Jul-2024 16:54:51.491 INFO [main] org.apache.catalina.startup.VersionLoggerListener.log Command line argument: -Djava.io.tmpdir=C:\Users\Admin\Desktop\y_lab_homework\homework4\apache-tomcat-9.0.91\temp
15-Jul-2024 16:54:51.502 INFO [main] org.apache.catalina.core.AprLifecycleListener.lifecycleEvent The Apache Tomcat Native library which allows using OpenSSL was not found on the java.library.path: [C:\Program Files\Java\jdk-20\bin;C:\WINDOWS\Sun\Java\bin;C:\WINDOWS\system32;C:\WINDOWS;C:\Program Files (x86)\NVIDIA Corporation\PhysX\Common;C:\Windows\system32;C:\Windows;C:\Windows\System32\Wbem;C:\Windows\System32\WindowsPowerShell\v1.0\;C:\Windows\System32\OpenSSH\;C:\Program Files\apache-maven-3.8.6\bin;C:\Program Files\dotnet\;C:\Program Files\Microsoft SQL Server\150\Tools\Binn\;C:\Program Files\Microsoft\Web Platform Installer\;C:\Program Files (x86)\Microsoft ASP.NET\ASP.NET Web Pages\v1.0\;C:\Program Files\Microsoft SQL Server\110\Tools\Binn\;C:\Program Files\MySQL\MySQL Server 8.0\bin;C:\Program Files\Android\CL\cmdline-tools\bin;C:\Program Files\gradle-7.6\bin;C:\Program Files\nodejs\;C:\Program Files\PuTTY\;C:\WINDOWS\system32;C:\WINDOWS;C:\WINDOWS\System32\Wbem;C:\WINDOWS\System32\WindowsPowerShell\v1.0\;C:\WINDOWS\System32\OpenSSH\;C:\Program Files (x86)\mingw64\bin;C:\Users\Admin\AppData\Local\bin\NASM;C:\Program Files\PostgreSQL\15\pgAdmin 4\runtime\;C:\Users\Admin\AppData\Local\Programs\Python\Python311;C:\Program Files\Git\cmd;C:\Program Files\GitHub CLI\;C:\Program Files\Java\jdk-20\bin;C:\Users\Admin\AppData\Local\Microsoft\WinGet\Packages\Genymobile.scrcpy_Microsoft.Winget.Source_8wekyb3d8bbwe\scrcpy-win64-v2.1.1;C:\Program Files\WireGuard\;C:\masm32\bin;C:\Program Files\NASM;C:\Program Files\Docker\Docker\resources\bin;C:\Program Files\Docker\cli-plugins;C:\Program Files\MySQL\MySQL Shell 8.0\bin\;C:\Users\Admin\AppData\Local\Programs\Python\Python311\Scripts\;C:\Users\Admin\AppData\Local\Programs\Python\Python311\;C:\Users\Admin\AppData\Local\Microsoft\WindowsApps;C:\Program Files\Java\jdk-20\bin;C:\Users\Admin\AppData\Local\Programs\MiKTeX\miktex\bin\x64\;C:\Users\Admin\AppData\Local\Programs\Microsoft VS Code\bin;C:\Users\Admin\.dotnet\tools;C:\Program Files\gcc-12.2.0-no-debug\bin;C:\Users\Admin\AppData\Roaming\npm;C:\Program Files\JetBrains\IntelliJ IDEA Community Edition 2023.1.1\bin;;C:\Users\Admin\AppData\Local\Microsoft\WinGet\Packages\Genymobile.scrcpy_Microsoft.Winget.Source_8wekyb3d8bbwe\scrcpy-win64-v2.1.1;;C:\Program Files\liquibase;.]
15-Jul-2024 16:54:51.860 INFO [main] org.apache.coyote.AbstractProtocol.init Инициализация ProtocolHandler ["http-nio-8080"]
15-Jul-2024 16:54:51.898 INFO [main] org.apache.catalina.startup.Catalina.load Server initialization in [665] milliseconds
15-Jul-2024 16:54:51.963 INFO [main] org.apache.catalina.core.StandardService.startInternal Starting service [Catalina]
15-Jul-2024 16:54:51.964 INFO [main] org.apache.catalina.core.StandardEngine.startInternal Starting Servlet engine: [Apache Tomcat/9.0.91]
15-Jul-2024 16:54:51.974 INFO [main] org.apache.catalina.startup.HostConfig.deployDirectory Установка веб приложения в папку [C:\Users\Admin\Desktop\y_lab_homework\homework4\apache-tomcat-9.0.91\webapps\docs]
15-Jul-2024 16:54:52.317 INFO [main] org.apache.catalina.startup.HostConfig.deployDirectory Deployment of web application directory [C:\Users\Admin\Desktop\y_lab_homework\homework4\apache-tomcat-9.0.91\webapps\docs] has finished in [339] ms
15-Jul-2024 16:54:52.317 INFO [main] org.apache.catalina.startup.HostConfig.deployDirectory Установка веб приложения в папку [C:\Users\Admin\Desktop\y_lab_homework\homework4\apache-tomcat-9.0.91\webapps\examples]
15-Jul-2024 16:54:52.779 INFO [main] org.apache.catalina.startup.HostConfig.deployDirectory Deployment of web application directory [C:\Users\Admin\Desktop\y_lab_homework\homework4\apache-tomcat-9.0.91\webapps\examples] has finished in [462] ms
15-Jul-2024 16:54:52.780 INFO [main] org.apache.catalina.startup.HostConfig.deployDirectory Установка веб приложения в папку [C:\Users\Admin\Desktop\y_lab_homework\homework4\apache-tomcat-9.0.91\webapps\homework4]
15-Jul-2024 16:54:52.941 WARNING [main] org.apache.tomcat.util.descriptor.web.WebXml.setVersion Unknown version string [5.0]. Default version will be used.
15-Jul-2024 16:54:54.736 INFO [main] org.apache.jasper.servlet.TldScanner.scanJars At least one JAR was scanned for TLDs yet contained no TLDs. Enable debug logging for this logger for a complete list of JARs that were scanned but no TLDs were found in them. Skipping unneeded JARs during scanning can improve startup time and JSP compilation time.
15-Jul-2024 16:54:54.793 INFO [main] org.apache.catalina.startup.HostConfig.deployDirectory Deployment of web application directory [C:\Users\Admin\Desktop\y_lab_homework\homework4\apache-tomcat-9.0.91\webapps\homework4] has finished in [2 014] ms
15-Jul-2024 16:54:54.793 INFO [main] org.apache.catalina.startup.HostConfig.deployDirectory Установка веб приложения в папку [C:\Users\Admin\Desktop\y_lab_homework\homework4\apache-tomcat-9.0.91\webapps\host-manager]
15-Jul-2024 16:54:54.842 INFO [main] org.apache.catalina.startup.HostConfig.deployDirectory Deployment of web application directory [C:\Users\Admin\Desktop\y_lab_homework\homework4\apache-tomcat-9.0.91\webapps\host-manager] has finished in [48] ms
15-Jul-2024 16:54:54.842 INFO [main] org.apache.catalina.startup.HostConfig.deployDirectory Установка веб приложения в папку [C:\Users\Admin\Desktop\y_lab_homework\homework4\apache-tomcat-9.0.91\webapps\manager]
15-Jul-2024 16:54:54.891 INFO [main] org.apache.catalina.startup.HostConfig.deployDirectory Deployment of web application directory [C:\Users\Admin\Desktop\y_lab_homework\homework4\apache-tomcat-9.0.91\webapps\manager] has finished in [49] ms
15-Jul-2024 16:54:54.892 INFO [main] org.apache.catalina.startup.HostConfig.deployDirectory Установка веб приложения в папку [C:\Users\Admin\Desktop\y_lab_homework\homework4\apache-tomcat-9.0.91\webapps\ROOT]
15-Jul-2024 16:54:54.924 INFO [main] org.apache.catalina.startup.HostConfig.deployDirectory Deployment of web application directory [C:\Users\Admin\Desktop\y_lab_homework\homework4\apache-tomcat-9.0.91\webapps\ROOT] has finished in [33] ms
15-Jul-2024 16:54:54.930 INFO [main] org.apache.coyote.AbstractProtocol.start Starting ProtocolHandler ["http-nio-8080"]
15-Jul-2024 16:54:54.987 INFO [main] org.apache.catalina.startup.Catalina.start Server startup in [3087] milliseconds
15-Jul-2024 16:56:38.874 INFO [Thread-1] org.apache.coyote.AbstractProtocol.pause Pausing ProtocolHandler ["http-nio-8080"]
15-Jul-2024 16:56:39.028 INFO [Thread-1] org.apache.catalina.core.StandardService.stopInternal Stopping service [Catalina]
15-Jul-2024 16:56:39.075 INFO [Thread-1] org.apache.coyote.AbstractProtocol.stop Stopping ProtocolHandler ["http-nio-8080"]
15-Jul-2024 16:56:39.086 INFO [Thread-1] org.apache.coyote.AbstractProtocol.destroy Destroying ProtocolHandler ["http-nio-8080"]
15-Jul-2024 16:56:51.099 INFO [main] org.apache.catalina.startup.VersionLoggerListener.log Имя версии сервера:    Apache Tomcat/9.0.91
15-Jul-2024 16:56:51.102 INFO [main] org.apache.catalina.startup.VersionLoggerListener.log Сервер собран:         Jul 2 2024 12:35:51 UTC
15-Jul-2024 16:56:51.103 INFO [main] org.apache.catalina.startup.VersionLoggerListener.log Номер версии сервера:  9.0.91.0
15-Jul-2024 16:56:51.103 INFO [main] org.apache.catalina.startup.VersionLoggerListener.log OS Name:               Windows 11
15-Jul-2024 16:56:51.103 INFO [main] org.apache.catalina.startup.VersionLoggerListener.log Версия ОС:             10.0
15-Jul-2024 16:56:51.104 INFO [main] org.apache.catalina.startup.VersionLoggerListener.log Архитектура:           amd64
15-Jul-2024 16:56:51.104 INFO [main] org.apache.catalina.startup.VersionLoggerListener.log Java Home:             C:\Program Files\Java\jdk-20
15-Jul-2024 16:56:51.104 INFO [main] org.apache.catalina.startup.VersionLoggerListener.log Версия JVM:            20.0.1+9-29
15-Jul-2024 16:56:51.104 INFO [main] org.apache.catalina.startup.VersionLoggerListener.log Производитель JVM:     Oracle Corporation
15-Jul-2024 16:56:51.104 INFO [main] org.apache.catalina.startup.VersionLoggerListener.log CATALINA_BASE:         C:\Users\Admin\Desktop\y_lab_homework\homework4\apache-tomcat-9.0.91
15-Jul-2024 16:56:51.104 INFO [main] org.apache.catalina.startup.VersionLoggerListener.log CATALINA_HOME:         C:\Users\Admin\Desktop\y_lab_homework\homework4\apache-tomcat-9.0.91
15-Jul-2024 16:56:51.117 INFO [main] org.apache.catalina.startup.VersionLoggerListener.log Command line argument: --add-opens=java.base/java.lang=ALL-UNNAMED
15-Jul-2024 16:56:51.117 INFO [main] org.apache.catalina.startup.VersionLoggerListener.log Command line argument: --add-opens=java.base/java.io=ALL-UNNAMED
15-Jul-2024 16:56:51.118 INFO [main] org.apache.catalina.startup.VersionLoggerListener.log Command line argument: --add-opens=java.base/java.util=ALL-UNNAMED
15-Jul-2024 16:56:51.118 INFO [main] org.apache.catalina.startup.VersionLoggerListener.log Command line argument: --add-opens=java.base/java.util.concurrent=ALL-UNNAMED
15-Jul-2024 16:56:51.118 INFO [main] org.apache.catalina.startup.VersionLoggerListener.log Command line argument: --add-opens=java.rmi/sun.rmi.transport=ALL-UNNAMED
15-Jul-2024 16:56:51.118 INFO [main] org.apache.catalina.startup.VersionLoggerListener.log Command line argument: -Djava.util.logging.config.file=C:\Users\Admin\Desktop\y_lab_homework\homework4\apache-tomcat-9.0.91\conf\logging.properties
15-Jul-2024 16:56:51.118 INFO [main] org.apache.catalina.startup.VersionLoggerListener.log Command line argument: -Djava.util.logging.manager=org.apache.juli.ClassLoaderLogManager
15-Jul-2024 16:56:51.119 INFO [main] org.apache.catalina.startup.VersionLoggerListener.log Command line argument: -Djdk.tls.ephemeralDHKeySize=2048
15-Jul-2024 16:56:51.119 INFO [main] org.apache.catalina.startup.VersionLoggerListener.log Command line argument: -Djava.protocol.handler.pkgs=org.apache.catalina.webresources
15-Jul-2024 16:56:51.119 INFO [main] org.apache.catalina.startup.VersionLoggerListener.log Command line argument: -Dignore.endorsed.dirs=
15-Jul-2024 16:56:51.119 INFO [main] org.apache.catalina.startup.VersionLoggerListener.log Command line argument: -Dcatalina.base=C:\Users\Admin\Desktop\y_lab_homework\homework4\apache-tomcat-9.0.91
15-Jul-2024 16:56:51.119 INFO [main] org.apache.catalina.startup.VersionLoggerListener.log Command line argument: -Dcatalina.home=C:\Users\Admin\Desktop\y_lab_homework\homework4\apache-tomcat-9.0.91
15-Jul-2024 16:56:51.120 INFO [main] org.apache.catalina.startup.VersionLoggerListener.log Command line argument: -Djava.io.tmpdir=C:\Users\Admin\Desktop\y_lab_homework\homework4\apache-tomcat-9.0.91\temp
15-Jul-2024 16:56:51.128 INFO [main] org.apache.catalina.core.AprLifecycleListener.lifecycleEvent The Apache Tomcat Native library which allows using OpenSSL was not found on the java.library.path: [C:\Program Files\Java\jdk-20\bin;C:\WINDOWS\Sun\Java\bin;C:\WINDOWS\system32;C:\WINDOWS;C:\Program Files (x86)\NVIDIA Corporation\PhysX\Common;C:\Windows\system32;C:\Windows;C:\Windows\System32\Wbem;C:\Windows\System32\WindowsPowerShell\v1.0\;C:\Windows\System32\OpenSSH\;C:\Program Files\apache-maven-3.8.6\bin;C:\Program Files\dotnet\;C:\Program Files\Microsoft SQL Server\150\Tools\Binn\;C:\Program Files\Microsoft\Web Platform Installer\;C:\Program Files (x86)\Microsoft ASP.NET\ASP.NET Web Pages\v1.0\;C:\Program Files\Microsoft SQL Server\110\Tools\Binn\;C:\Program Files\MySQL\MySQL Server 8.0\bin;C:\Program Files\Android\CL\cmdline-tools\bin;C:\Program Files\gradle-7.6\bin;C:\Program Files\nodejs\;C:\Program Files\PuTTY\;C:\WINDOWS\system32;C:\WINDOWS;C:\WINDOWS\System32\Wbem;C:\WINDOWS\System32\WindowsPowerShell\v1.0\;C:\WINDOWS\System32\OpenSSH\;C:\Program Files (x86)\mingw64\bin;C:\Users\Admin\AppData\Local\bin\NASM;C:\Program Files\PostgreSQL\15\pgAdmin 4\runtime\;C:\Users\Admin\AppData\Local\Programs\Python\Python311;C:\Program Files\Git\cmd;C:\Program Files\GitHub CLI\;C:\Program Files\Java\jdk-20\bin;C:\Users\Admin\AppData\Local\Microsoft\WinGet\Packages\Genymobile.scrcpy_Microsoft.Winget.Source_8wekyb3d8bbwe\scrcpy-win64-v2.1.1;C:\Program Files\WireGuard\;C:\masm32\bin;C:\Program Files\NASM;C:\Program Files\Docker\Docker\resources\bin;C:\Program Files\Docker\cli-plugins;C:\Program Files\MySQL\MySQL Shell 8.0\bin\;C:\Users\Admin\AppData\Local\Programs\Python\Python311\Scripts\;C:\Users\Admin\AppData\Local\Programs\Python\Python311\;C:\Users\Admin\AppData\Local\Microsoft\WindowsApps;C:\Program Files\Java\jdk-20\bin;C:\Users\Admin\AppData\Local\Programs\MiKTeX\miktex\bin\x64\;C:\Users\Admin\AppData\Local\Programs\Microsoft VS Code\bin;C:\Users\Admin\.dotnet\tools;C:\Program Files\gcc-12.2.0-no-debug\bin;C:\Users\Admin\AppData\Roaming\npm;C:\Program Files\JetBrains\IntelliJ IDEA Community Edition 2023.1.1\bin;;C:\Users\Admin\AppData\Local\Microsoft\WinGet\Packages\Genymobile.scrcpy_Microsoft.Winget.Source_8wekyb3d8bbwe\scrcpy-win64-v2.1.1;;C:\Program Files\liquibase;.]
15-Jul-2024 16:56:51.546 INFO [main] org.apache.coyote.AbstractProtocol.init Инициализация ProtocolHandler ["http-nio-8080"]
15-Jul-2024 16:56:51.573 INFO [main] org.apache.catalina.startup.Catalina.load Server initialization in [751] milliseconds
15-Jul-2024 16:56:51.625 INFO [main] org.apache.catalina.core.StandardService.startInternal Starting service [Catalina]
15-Jul-2024 16:56:51.625 INFO [main] org.apache.catalina.core.StandardEngine.startInternal Starting Servlet engine: [Apache Tomcat/9.0.91]
15-Jul-2024 16:56:51.634 INFO [main] org.apache.catalina.startup.HostConfig.deployDirectory Установка веб приложения в папку [C:\Users\Admin\Desktop\y_lab_homework\homework4\apache-tomcat-9.0.91\webapps\docs]
15-Jul-2024 16:56:51.933 INFO [main] org.apache.catalina.startup.HostConfig.deployDirectory Deployment of web application directory [C:\Users\Admin\Desktop\y_lab_homework\homework4\apache-tomcat-9.0.91\webapps\docs] has finished in [296] ms
15-Jul-2024 16:56:51.933 INFO [main] org.apache.catalina.startup.HostConfig.deployDirectory Установка веб приложения в папку [C:\Users\Admin\Desktop\y_lab_homework\homework4\apache-tomcat-9.0.91\webapps\examples]
15-Jul-2024 16:56:52.373 INFO [main] org.apache.catalina.startup.HostConfig.deployDirectory Deployment of web application directory [C:\Users\Admin\Desktop\y_lab_homework\homework4\apache-tomcat-9.0.91\webapps\examples] has finished in [440] ms
15-Jul-2024 16:56:52.373 INFO [main] org.apache.catalina.startup.HostConfig.deployDirectory Установка веб приложения в папку [C:\Users\Admin\Desktop\y_lab_homework\homework4\apache-tomcat-9.0.91\webapps\homework4]
15-Jul-2024 16:56:52.525 WARNING [main] org.apache.tomcat.util.descriptor.web.WebXml.setVersion Unknown version string [5.0]. Default version will be used.
15-Jul-2024 16:56:54.250 INFO [main] org.apache.jasper.servlet.TldScanner.scanJars At least one JAR was scanned for TLDs yet contained no TLDs. Enable debug logging for this logger for a complete list of JARs that were scanned but no TLDs were found in them. Skipping unneeded JARs during scanning can improve startup time and JSP compilation time.
15-Jul-2024 16:56:54.314 INFO [main] org.apache.catalina.startup.HostConfig.deployDirectory Deployment of web application directory [C:\Users\Admin\Desktop\y_lab_homework\homework4\apache-tomcat-9.0.91\webapps\homework4] has finished in [1 941] ms
15-Jul-2024 16:56:54.315 INFO [main] org.apache.catalina.startup.HostConfig.deployDirectory Установка веб приложения в папку [C:\Users\Admin\Desktop\y_lab_homework\homework4\apache-tomcat-9.0.91\webapps\host-manager]
15-Jul-2024 16:56:54.371 INFO [main] org.apache.catalina.startup.HostConfig.deployDirectory Deployment of web application directory [C:\Users\Admin\Desktop\y_lab_homework\homework4\apache-tomcat-9.0.91\webapps\host-manager] has finished in [57] ms
15-Jul-2024 16:56:54.372 INFO [main] org.apache.catalina.startup.HostConfig.deployDirectory Установка веб приложения в папку [C:\Users\Admin\Desktop\y_lab_homework\homework4\apache-tomcat-9.0.91\webapps\manager]
15-Jul-2024 16:56:54.437 INFO [main] org.apache.catalina.startup.HostConfig.deployDirectory Deployment of web application directory [C:\Users\Admin\Desktop\y_lab_homework\homework4\apache-tomcat-9.0.91\webapps\manager] has finished in [65] ms
15-Jul-2024 16:56:54.438 INFO [main] org.apache.catalina.startup.HostConfig.deployDirectory Установка веб приложения в папку [C:\Users\Admin\Desktop\y_lab_homework\homework4\apache-tomcat-9.0.91\webapps\ROOT]
15-Jul-2024 16:56:54.469 INFO [main] org.apache.catalina.startup.HostConfig.deployDirectory Deployment of web application directory [C:\Users\Admin\Desktop\y_lab_homework\homework4\apache-tomcat-9.0.91\webapps\ROOT] has finished in [31] ms
15-Jul-2024 16:56:54.473 INFO [main] org.apache.coyote.AbstractProtocol.start Starting ProtocolHandler ["http-nio-8080"]
15-Jul-2024 16:56:54.526 INFO [main] org.apache.catalina.startup.Catalina.start Server startup in [2952] milliseconds
15-Jul-2024 16:59:16.888 INFO [Thread-1] org.apache.coyote.AbstractProtocol.pause Pausing ProtocolHandler ["http-nio-8080"]
15-Jul-2024 16:59:17.050 INFO [Thread-1] org.apache.catalina.core.StandardService.stopInternal Stopping service [Catalina]
15-Jul-2024 16:59:17.089 INFO [Thread-1] org.apache.coyote.AbstractProtocol.stop Stopping ProtocolHandler ["http-nio-8080"]
15-Jul-2024 16:59:17.096 INFO [Thread-1] org.apache.coyote.AbstractProtocol.destroy Destroying ProtocolHandler ["http-nio-8080"]
15-Jul-2024 16:59:27.468 INFO [main] org.apache.catalina.startup.VersionLoggerListener.log Имя версии сервера:    Apache Tomcat/9.0.91
15-Jul-2024 16:59:27.471 INFO [main] org.apache.catalina.startup.VersionLoggerListener.log Сервер собран:         Jul 2 2024 12:35:51 UTC
15-Jul-2024 16:59:27.472 INFO [main] org.apache.catalina.startup.VersionLoggerListener.log Номер версии сервера:  9.0.91.0
15-Jul-2024 16:59:27.472 INFO [main] org.apache.catalina.startup.VersionLoggerListener.log OS Name:               Windows 11
15-Jul-2024 16:59:27.472 INFO [main] org.apache.catalina.startup.VersionLoggerListener.log Версия ОС:             10.0
15-Jul-2024 16:59:27.472 INFO [main] org.apache.catalina.startup.VersionLoggerListener.log Архитектура:           amd64
15-Jul-2024 16:59:27.472 INFO [main] org.apache.catalina.startup.VersionLoggerListener.log Java Home:             C:\Program Files\Java\jdk-20
15-Jul-2024 16:59:27.473 INFO [main] org.apache.catalina.startup.VersionLoggerListener.log Версия JVM:            20.0.1+9-29
15-Jul-2024 16:59:27.473 INFO [main] org.apache.catalina.startup.VersionLoggerListener.log Производитель JVM:     Oracle Corporation
15-Jul-2024 16:59:27.473 INFO [main] org.apache.catalina.startup.VersionLoggerListener.log CATALINA_BASE:         C:\Users\Admin\Desktop\y_lab_homework\homework4\apache-tomcat-9.0.91
15-Jul-2024 16:59:27.473 INFO [main] org.apache.catalina.startup.VersionLoggerListener.log CATALINA_HOME:         C:\Users\Admin\Desktop\y_lab_homework\homework4\apache-tomcat-9.0.91
15-Jul-2024 16:59:27.482 INFO [main] org.apache.catalina.startup.VersionLoggerListener.log Command line argument: --add-opens=java.base/java.lang=ALL-UNNAMED
15-Jul-2024 16:59:27.482 INFO [main] org.apache.catalina.startup.VersionLoggerListener.log Command line argument: --add-opens=java.base/java.io=ALL-UNNAMED
15-Jul-2024 16:59:27.482 INFO [main] org.apache.catalina.startup.VersionLoggerListener.log Command line argument: --add-opens=java.base/java.util=ALL-UNNAMED
15-Jul-2024 16:59:27.483 INFO [main] org.apache.catalina.startup.VersionLoggerListener.log Command line argument: --add-opens=java.base/java.util.concurrent=ALL-UNNAMED
15-Jul-2024 16:59:27.483 INFO [main] org.apache.catalina.startup.VersionLoggerListener.log Command line argument: --add-opens=java.rmi/sun.rmi.transport=ALL-UNNAMED
15-Jul-2024 16:59:27.483 INFO [main] org.apache.catalina.startup.VersionLoggerListener.log Command line argument: -Djava.util.logging.config.file=C:\Users\Admin\Desktop\y_lab_homework\homework4\apache-tomcat-9.0.91\conf\logging.properties
15-Jul-2024 16:59:27.483 INFO [main] org.apache.catalina.startup.VersionLoggerListener.log Command line argument: -Djava.util.logging.manager=org.apache.juli.ClassLoaderLogManager
15-Jul-2024 16:59:27.484 INFO [main] org.apache.catalina.startup.VersionLoggerListener.log Command line argument: -Djdk.tls.ephemeralDHKeySize=2048
15-Jul-2024 16:59:27.485 INFO [main] org.apache.catalina.startup.VersionLoggerListener.log Command line argument: -Djava.protocol.handler.pkgs=org.apache.catalina.webresources
15-Jul-2024 16:59:27.485 INFO [main] org.apache.catalina.startup.VersionLoggerListener.log Command line argument: -Dignore.endorsed.dirs=
15-Jul-2024 16:59:27.485 INFO [main] org.apache.catalina.startup.VersionLoggerListener.log Command line argument: -Dcatalina.base=C:\Users\Admin\Desktop\y_lab_homework\homework4\apache-tomcat-9.0.91
15-Jul-2024 16:59:27.485 INFO [main] org.apache.catalina.startup.VersionLoggerListener.log Command line argument: -Dcatalina.home=C:\Users\Admin\Desktop\y_lab_homework\homework4\apache-tomcat-9.0.91
15-Jul-2024 16:59:27.485 INFO [main] org.apache.catalina.startup.VersionLoggerListener.log Command line argument: -Djava.io.tmpdir=C:\Users\Admin\Desktop\y_lab_homework\homework4\apache-tomcat-9.0.91\temp
15-Jul-2024 16:59:27.494 INFO [main] org.apache.catalina.core.AprLifecycleListener.lifecycleEvent The Apache Tomcat Native library which allows using OpenSSL was not found on the java.library.path: [C:\Program Files\Java\jdk-20\bin;C:\WINDOWS\Sun\Java\bin;C:\WINDOWS\system32;C:\WINDOWS;C:\Program Files (x86)\NVIDIA Corporation\PhysX\Common;C:\Windows\system32;C:\Windows;C:\Windows\System32\Wbem;C:\Windows\System32\WindowsPowerShell\v1.0\;C:\Windows\System32\OpenSSH\;C:\Program Files\apache-maven-3.8.6\bin;C:\Program Files\dotnet\;C:\Program Files\Microsoft SQL Server\150\Tools\Binn\;C:\Program Files\Microsoft\Web Platform Installer\;C:\Program Files (x86)\Microsoft ASP.NET\ASP.NET Web Pages\v1.0\;C:\Program Files\Microsoft SQL Server\110\Tools\Binn\;C:\Program Files\MySQL\MySQL Server 8.0\bin;C:\Program Files\Android\CL\cmdline-tools\bin;C:\Program Files\gradle-7.6\bin;C:\Program Files\nodejs\;C:\Program Files\PuTTY\;C:\WINDOWS\system32;C:\WINDOWS;C:\WINDOWS\System32\Wbem;C:\WINDOWS\System32\WindowsPowerShell\v1.0\;C:\WINDOWS\System32\OpenSSH\;C:\Program Files (x86)\mingw64\bin;C:\Users\Admin\AppData\Local\bin\NASM;C:\Program Files\PostgreSQL\15\pgAdmin 4\runtime\;C:\Users\Admin\AppData\Local\Programs\Python\Python311;C:\Program Files\Git\cmd;C:\Program Files\GitHub CLI\;C:\Program Files\Java\jdk-20\bin;C:\Users\Admin\AppData\Local\Microsoft\WinGet\Packages\Genymobile.scrcpy_Microsoft.Winget.Source_8wekyb3d8bbwe\scrcpy-win64-v2.1.1;C:\Program Files\WireGuard\;C:\masm32\bin;C:\Program Files\NASM;C:\Program Files\Docker\Docker\resources\bin;C:\Program Files\Docker\cli-plugins;C:\Program Files\MySQL\MySQL Shell 8.0\bin\;C:\Users\Admin\AppData\Local\Programs\Python\Python311\Scripts\;C:\Users\Admin\AppData\Local\Programs\Python\Python311\;C:\Users\Admin\AppData\Local\Microsoft\WindowsApps;C:\Program Files\Java\jdk-20\bin;C:\Users\Admin\AppData\Local\Programs\MiKTeX\miktex\bin\x64\;C:\Users\Admin\AppData\Local\Programs\Microsoft VS Code\bin;C:\Users\Admin\.dotnet\tools;C:\Program Files\gcc-12.2.0-no-debug\bin;C:\Users\Admin\AppData\Roaming\npm;C:\Program Files\JetBrains\IntelliJ IDEA Community Edition 2023.1.1\bin;;C:\Users\Admin\AppData\Local\Microsoft\WinGet\Packages\Genymobile.scrcpy_Microsoft.Winget.Source_8wekyb3d8bbwe\scrcpy-win64-v2.1.1;;C:\Program Files\liquibase;.]
15-Jul-2024 16:59:27.832 INFO [main] org.apache.coyote.AbstractProtocol.init Инициализация ProtocolHandler ["http-nio-8080"]
15-Jul-2024 16:59:27.865 INFO [main] org.apache.catalina.startup.Catalina.load Server initialization in [641] milliseconds
15-Jul-2024 16:59:27.935 INFO [main] org.apache.catalina.core.StandardService.startInternal Starting service [Catalina]
15-Jul-2024 16:59:27.935 INFO [main] org.apache.catalina.core.StandardEngine.startInternal Starting Servlet engine: [Apache Tomcat/9.0.91]
15-Jul-2024 16:59:27.945 INFO [main] org.apache.catalina.startup.HostConfig.deployDirectory Установка веб приложения в папку [C:\Users\Admin\Desktop\y_lab_homework\homework4\apache-tomcat-9.0.91\webapps\docs]
15-Jul-2024 16:59:28.259 INFO [main] org.apache.catalina.startup.HostConfig.deployDirectory Deployment of web application directory [C:\Users\Admin\Desktop\y_lab_homework\homework4\apache-tomcat-9.0.91\webapps\docs] has finished in [310] ms
15-Jul-2024 16:59:28.260 INFO [main] org.apache.catalina.startup.HostConfig.deployDirectory Установка веб приложения в папку [C:\Users\Admin\Desktop\y_lab_homework\homework4\apache-tomcat-9.0.91\webapps\examples]
15-Jul-2024 16:59:28.685 INFO [main] org.apache.catalina.startup.HostConfig.deployDirectory Deployment of web application directory [C:\Users\Admin\Desktop\y_lab_homework\homework4\apache-tomcat-9.0.91\webapps\examples] has finished in [425] ms
15-Jul-2024 16:59:28.685 INFO [main] org.apache.catalina.startup.HostConfig.deployDirectory Установка веб приложения в папку [C:\Users\Admin\Desktop\y_lab_homework\homework4\apache-tomcat-9.0.91\webapps\homework4]
15-Jul-2024 16:59:28.843 WARNING [main] org.apache.tomcat.util.descriptor.web.WebXml.setVersion Unknown version string [5.0]. Default version will be used.
15-Jul-2024 16:59:30.612 INFO [main] org.apache.jasper.servlet.TldScanner.scanJars At least one JAR was scanned for TLDs yet contained no TLDs. Enable debug logging for this logger for a complete list of JARs that were scanned but no TLDs were found in them. Skipping unneeded JARs during scanning can improve startup time and JSP compilation time.
15-Jul-2024 16:59:30.712 INFO [main] org.apache.catalina.startup.HostConfig.deployDirectory Deployment of web application directory [C:\Users\Admin\Desktop\y_lab_homework\homework4\apache-tomcat-9.0.91\webapps\homework4] has finished in [2 027] ms
15-Jul-2024 16:59:30.713 INFO [main] org.apache.catalina.startup.HostConfig.deployDirectory Установка веб приложения в папку [C:\Users\Admin\Desktop\y_lab_homework\homework4\apache-tomcat-9.0.91\webapps\host-manager]
15-Jul-2024 16:59:30.803 INFO [main] org.apache.catalina.startup.HostConfig.deployDirectory Deployment of web application directory [C:\Users\Admin\Desktop\y_lab_homework\homework4\apache-tomcat-9.0.91\webapps\host-manager] has finished in [89] ms
15-Jul-2024 16:59:30.803 INFO [main] org.apache.catalina.startup.HostConfig.deployDirectory Установка веб приложения в папку [C:\Users\Admin\Desktop\y_lab_homework\homework4\apache-tomcat-9.0.91\webapps\manager]
15-Jul-2024 16:59:30.861 INFO [main] org.apache.catalina.startup.HostConfig.deployDirectory Deployment of web application directory [C:\Users\Admin\Desktop\y_lab_homework\homework4\apache-tomcat-9.0.91\webapps\manager] has finished in [58] ms
15-Jul-2024 16:59:30.863 INFO [main] org.apache.catalina.startup.HostConfig.deployDirectory Установка веб приложения в папку [C:\Users\Admin\Desktop\y_lab_homework\homework4\apache-tomcat-9.0.91\webapps\ROOT]
15-Jul-2024 16:59:30.895 INFO [main] org.apache.catalina.startup.HostConfig.deployDirectory Deployment of web application directory [C:\Users\Admin\Desktop\y_lab_homework\homework4\apache-tomcat-9.0.91\webapps\ROOT] has finished in [32] ms
15-Jul-2024 16:59:30.901 INFO [main] org.apache.coyote.AbstractProtocol.start Starting ProtocolHandler ["http-nio-8080"]
15-Jul-2024 16:59:30.954 INFO [main] org.apache.catalina.startup.Catalina.start Server startup in [3086] milliseconds
15-Jul-2024 16:59:55.354 INFO [http-nio-8080-exec-1] org.apache.coyote.http11.Http11Processor.service Error parsing HTTP request header
 Note: further occurrences of HTTP request parsing errors will be logged at DEBUG level.
	java.lang.IllegalArgumentException: Invalid character found in method name [0x160x030x010x070x000x010x000x060xfc0x030x03 ]. HTTP method names must be tokens
		at org.apache.coyote.http11.Http11InputBuffer.parseRequestLine(Http11InputBuffer.java:407)
		at org.apache.coyote.http11.Http11Processor.service(Http11Processor.java:261)
		at org.apache.coyote.AbstractProcessorLight.process(AbstractProcessorLight.java:63)
		at org.apache.coyote.AbstractProtocol$ConnectionHandler.process(AbstractProtocol.java:936)
		at org.apache.tomcat.util.net.NioEndpoint$SocketProcessor.doRun(NioEndpoint.java:1791)
		at org.apache.tomcat.util.net.SocketProcessorBase.run(SocketProcessorBase.java:52)
		at org.apache.tomcat.util.threads.ThreadPoolExecutor.runWorker(ThreadPoolExecutor.java:1190)
		at org.apache.tomcat.util.threads.ThreadPoolExecutor$Worker.run(ThreadPoolExecutor.java:659)
		at org.apache.tomcat.util.threads.TaskThread$WrappingRunnable.run(TaskThread.java:63)
		at java.base/java.lang.Thread.run(Thread.java:1623)
15-Jul-2024 16:59:55.404 INFO [http-nio-8080-exec-2] org.apache.coyote.http11.Http11Processor.service Error parsing HTTP request header
 Note: further occurrences of HTTP request parsing errors will be logged at DEBUG level.
	java.lang.IllegalArgumentException: Invalid character found in method name [0x160x030x010x060xe00x010x000x060xdc0x030x030x970xf7x0xd20x1aDW0x1dh0x93"ze9A0xc8j0xc50xf0W0x0e0xfb<0xf60x17L0xf97s0xc8@0x7f ]. HTTP method names must be tokens
		at org.apache.coyote.http11.Http11InputBuffer.parseRequestLine(Http11InputBuffer.java:407)
		at org.apache.coyote.http11.Http11Processor.service(Http11Processor.java:261)
		at org.apache.coyote.AbstractProcessorLight.process(AbstractProcessorLight.java:63)
		at org.apache.coyote.AbstractProtocol$ConnectionHandler.process(AbstractProtocol.java:936)
		at org.apache.tomcat.util.net.NioEndpoint$SocketProcessor.doRun(NioEndpoint.java:1791)
		at org.apache.tomcat.util.net.SocketProcessorBase.run(SocketProcessorBase.java:52)
		at org.apache.tomcat.util.threads.ThreadPoolExecutor.runWorker(ThreadPoolExecutor.java:1190)
		at org.apache.tomcat.util.threads.ThreadPoolExecutor$Worker.run(ThreadPoolExecutor.java:659)
		at org.apache.tomcat.util.threads.TaskThread$WrappingRunnable.run(TaskThread.java:63)
		at java.base/java.lang.Thread.run(Thread.java:1623)
15-Jul-2024 17:03:20.292 INFO [Thread-1] org.apache.coyote.AbstractProtocol.pause Pausing ProtocolHandler ["http-nio-8080"]
15-Jul-2024 17:03:20.557 INFO [Thread-1] org.apache.catalina.core.StandardService.stopInternal Stopping service [Catalina]
15-Jul-2024 17:03:20.595 INFO [Thread-1] org.apache.coyote.AbstractProtocol.stop Stopping ProtocolHandler ["http-nio-8080"]
15-Jul-2024 17:03:20.612 INFO [Thread-1] org.apache.coyote.AbstractProtocol.destroy Destroying ProtocolHandler ["http-nio-8080"]
15-Jul-2024 17:03:33.819 INFO [main] org.apache.catalina.startup.VersionLoggerListener.log Имя версии сервера:    Apache Tomcat/9.0.91
15-Jul-2024 17:03:33.823 INFO [main] org.apache.catalina.startup.VersionLoggerListener.log Сервер собран:         Jul 2 2024 12:35:51 UTC
15-Jul-2024 17:03:33.823 INFO [main] org.apache.catalina.startup.VersionLoggerListener.log Номер версии сервера:  9.0.91.0
15-Jul-2024 17:03:33.825 INFO [main] org.apache.catalina.startup.VersionLoggerListener.log OS Name:               Windows 11
15-Jul-2024 17:03:33.825 INFO [main] org.apache.catalina.startup.VersionLoggerListener.log Версия ОС:             10.0
15-Jul-2024 17:03:33.825 INFO [main] org.apache.catalina.startup.VersionLoggerListener.log Архитектура:           amd64
15-Jul-2024 17:03:33.825 INFO [main] org.apache.catalina.startup.VersionLoggerListener.log Java Home:             C:\Program Files\Java\jdk-20
15-Jul-2024 17:03:33.825 INFO [main] org.apache.catalina.startup.VersionLoggerListener.log Версия JVM:            20.0.1+9-29
15-Jul-2024 17:03:33.825 INFO [main] org.apache.catalina.startup.VersionLoggerListener.log Производитель JVM:     Oracle Corporation
15-Jul-2024 17:03:33.825 INFO [main] org.apache.catalina.startup.VersionLoggerListener.log CATALINA_BASE:         C:\Users\Admin\Desktop\y_lab_homework\homework4\apache-tomcat-9.0.91
15-Jul-2024 17:03:33.826 INFO [main] org.apache.catalina.startup.VersionLoggerListener.log CATALINA_HOME:         C:\Users\Admin\Desktop\y_lab_homework\homework4\apache-tomcat-9.0.91
15-Jul-2024 17:03:33.835 INFO [main] org.apache.catalina.startup.VersionLoggerListener.log Command line argument: --add-opens=java.base/java.lang=ALL-UNNAMED
15-Jul-2024 17:03:33.837 INFO [main] org.apache.catalina.startup.VersionLoggerListener.log Command line argument: --add-opens=java.base/java.io=ALL-UNNAMED
15-Jul-2024 17:03:33.837 INFO [main] org.apache.catalina.startup.VersionLoggerListener.log Command line argument: --add-opens=java.base/java.util=ALL-UNNAMED
15-Jul-2024 17:03:33.837 INFO [main] org.apache.catalina.startup.VersionLoggerListener.log Command line argument: --add-opens=java.base/java.util.concurrent=ALL-UNNAMED
15-Jul-2024 17:03:33.837 INFO [main] org.apache.catalina.startup.VersionLoggerListener.log Command line argument: --add-opens=java.rmi/sun.rmi.transport=ALL-UNNAMED
15-Jul-2024 17:03:33.837 INFO [main] org.apache.catalina.startup.VersionLoggerListener.log Command line argument: -Djava.util.logging.config.file=C:\Users\Admin\Desktop\y_lab_homework\homework4\apache-tomcat-9.0.91\conf\logging.properties
15-Jul-2024 17:03:33.838 INFO [main] org.apache.catalina.startup.VersionLoggerListener.log Command line argument: -Djava.util.logging.manager=org.apache.juli.ClassLoaderLogManager
15-Jul-2024 17:03:33.839 INFO [main] org.apache.catalina.startup.VersionLoggerListener.log Command line argument: -Djdk.tls.ephemeralDHKeySize=2048
15-Jul-2024 17:03:33.839 INFO [main] org.apache.catalina.startup.VersionLoggerListener.log Command line argument: -Djava.protocol.handler.pkgs=org.apache.catalina.webresources
15-Jul-2024 17:03:33.839 INFO [main] org.apache.catalina.startup.VersionLoggerListener.log Command line argument: -Dignore.endorsed.dirs=
15-Jul-2024 17:03:33.840 INFO [main] org.apache.catalina.startup.VersionLoggerListener.log Command line argument: -Dcatalina.base=C:\Users\Admin\Desktop\y_lab_homework\homework4\apache-tomcat-9.0.91
15-Jul-2024 17:03:33.840 INFO [main] org.apache.catalina.startup.VersionLoggerListener.log Command line argument: -Dcatalina.home=C:\Users\Admin\Desktop\y_lab_homework\homework4\apache-tomcat-9.0.91
15-Jul-2024 17:03:33.840 INFO [main] org.apache.catalina.startup.VersionLoggerListener.log Command line argument: -Djava.io.tmpdir=C:\Users\Admin\Desktop\y_lab_homework\homework4\apache-tomcat-9.0.91\temp
15-Jul-2024 17:03:33.854 INFO [main] org.apache.catalina.core.AprLifecycleListener.lifecycleEvent The Apache Tomcat Native library which allows using OpenSSL was not found on the java.library.path: [C:\Program Files\Java\jdk-20\bin;C:\WINDOWS\Sun\Java\bin;C:\WINDOWS\system32;C:\WINDOWS;C:\Program Files (x86)\NVIDIA Corporation\PhysX\Common;C:\Windows\system32;C:\Windows;C:\Windows\System32\Wbem;C:\Windows\System32\WindowsPowerShell\v1.0\;C:\Windows\System32\OpenSSH\;C:\Program Files\apache-maven-3.8.6\bin;C:\Program Files\dotnet\;C:\Program Files\Microsoft SQL Server\150\Tools\Binn\;C:\Program Files\Microsoft\Web Platform Installer\;C:\Program Files (x86)\Microsoft ASP.NET\ASP.NET Web Pages\v1.0\;C:\Program Files\Microsoft SQL Server\110\Tools\Binn\;C:\Program Files\MySQL\MySQL Server 8.0\bin;C:\Program Files\Android\CL\cmdline-tools\bin;C:\Program Files\gradle-7.6\bin;C:\Program Files\nodejs\;C:\Program Files\PuTTY\;C:\WINDOWS\system32;C:\WINDOWS;C:\WINDOWS\System32\Wbem;C:\WINDOWS\System32\WindowsPowerShell\v1.0\;C:\WINDOWS\System32\OpenSSH\;C:\Program Files (x86)\mingw64\bin;C:\Users\Admin\AppData\Local\bin\NASM;C:\Program Files\PostgreSQL\15\pgAdmin 4\runtime\;C:\Users\Admin\AppData\Local\Programs\Python\Python311;C:\Program Files\Git\cmd;C:\Program Files\GitHub CLI\;C:\Program Files\Java\jdk-20\bin;C:\Users\Admin\AppData\Local\Microsoft\WinGet\Packages\Genymobile.scrcpy_Microsoft.Winget.Source_8wekyb3d8bbwe\scrcpy-win64-v2.1.1;C:\Program Files\WireGuard\;C:\masm32\bin;C:\Program Files\NASM;C:\Program Files\Docker\Docker\resources\bin;C:\Program Files\Docker\cli-plugins;C:\Program Files\MySQL\MySQL Shell 8.0\bin\;C:\Users\Admin\AppData\Local\Programs\Python\Python311\Scripts\;C:\Users\Admin\AppData\Local\Programs\Python\Python311\;C:\Users\Admin\AppData\Local\Microsoft\WindowsApps;C:\Program Files\Java\jdk-20\bin;C:\Users\Admin\AppData\Local\Programs\MiKTeX\miktex\bin\x64\;C:\Users\Admin\AppData\Local\Programs\Microsoft VS Code\bin;C:\Users\Admin\.dotnet\tools;C:\Program Files\gcc-12.2.0-no-debug\bin;C:\Users\Admin\AppData\Roaming\npm;C:\Program Files\JetBrains\IntelliJ IDEA Community Edition 2023.1.1\bin;;C:\Users\Admin\AppData\Local\Microsoft\WinGet\Packages\Genymobile.scrcpy_Microsoft.Winget.Source_8wekyb3d8bbwe\scrcpy-win64-v2.1.1;;C:\Program Files\liquibase;.]
15-Jul-2024 17:03:34.197 INFO [main] org.apache.coyote.AbstractProtocol.init Инициализация ProtocolHandler ["http-nio-8080"]
15-Jul-2024 17:03:34.226 INFO [main] org.apache.catalina.startup.Catalina.load Server initialization in [659] milliseconds
15-Jul-2024 17:03:34.297 INFO [main] org.apache.catalina.core.StandardService.startInternal Starting service [Catalina]
15-Jul-2024 17:03:34.298 INFO [main] org.apache.catalina.core.StandardEngine.startInternal Starting Servlet engine: [Apache Tomcat/9.0.91]
15-Jul-2024 17:03:34.308 INFO [main] org.apache.catalina.startup.HostConfig.deployDirectory Установка веб приложения в папку [C:\Users\Admin\Desktop\y_lab_homework\homework4\apache-tomcat-9.0.91\webapps\docs]
15-Jul-2024 17:03:34.636 INFO [main] org.apache.catalina.startup.HostConfig.deployDirectory Deployment of web application directory [C:\Users\Admin\Desktop\y_lab_homework\homework4\apache-tomcat-9.0.91\webapps\docs] has finished in [324] ms
15-Jul-2024 17:03:34.638 INFO [main] org.apache.catalina.startup.HostConfig.deployDirectory Установка веб приложения в папку [C:\Users\Admin\Desktop\y_lab_homework\homework4\apache-tomcat-9.0.91\webapps\examples]
15-Jul-2024 17:03:35.139 INFO [main] org.apache.catalina.startup.HostConfig.deployDirectory Deployment of web application directory [C:\Users\Admin\Desktop\y_lab_homework\homework4\apache-tomcat-9.0.91\webapps\examples] has finished in [501] ms
15-Jul-2024 17:03:35.140 INFO [main] org.apache.catalina.startup.HostConfig.deployDirectory Установка веб приложения в папку [C:\Users\Admin\Desktop\y_lab_homework\homework4\apache-tomcat-9.0.91\webapps\homework4]
15-Jul-2024 17:03:35.316 WARNING [main] org.apache.tomcat.util.descriptor.web.WebXml.setVersion Unknown version string [5.0]. Default version will be used.
15-Jul-2024 17:03:37.240 INFO [main] org.apache.jasper.servlet.TldScanner.scanJars At least one JAR was scanned for TLDs yet contained no TLDs. Enable debug logging for this logger for a complete list of JARs that were scanned but no TLDs were found in them. Skipping unneeded JARs during scanning can improve startup time and JSP compilation time.
15-Jul-2024 17:03:37.322 INFO [main] org.apache.catalina.startup.HostConfig.deployDirectory Deployment of web application directory [C:\Users\Admin\Desktop\y_lab_homework\homework4\apache-tomcat-9.0.91\webapps\homework4] has finished in [2 182] ms
15-Jul-2024 17:03:37.323 INFO [main] org.apache.catalina.startup.HostConfig.deployDirectory Установка веб приложения в папку [C:\Users\Admin\Desktop\y_lab_homework\homework4\apache-tomcat-9.0.91\webapps\host-manager]
15-Jul-2024 17:03:37.380 INFO [main] org.apache.catalina.startup.HostConfig.deployDirectory Deployment of web application directory [C:\Users\Admin\Desktop\y_lab_homework\homework4\apache-tomcat-9.0.91\webapps\host-manager] has finished in [57] ms
15-Jul-2024 17:03:37.381 INFO [main] org.apache.catalina.startup.HostConfig.deployDirectory Установка веб приложения в папку [C:\Users\Admin\Desktop\y_lab_homework\homework4\apache-tomcat-9.0.91\webapps\manager]
15-Jul-2024 17:03:37.452 INFO [main] org.apache.catalina.startup.HostConfig.deployDirectory Deployment of web application directory [C:\Users\Admin\Desktop\y_lab_homework\homework4\apache-tomcat-9.0.91\webapps\manager] has finished in [70] ms
15-Jul-2024 17:03:37.454 INFO [main] org.apache.catalina.startup.HostConfig.deployDirectory Установка веб приложения в папку [C:\Users\Admin\Desktop\y_lab_homework\homework4\apache-tomcat-9.0.91\webapps\ROOT]
15-Jul-2024 17:03:37.494 INFO [main] org.apache.catalina.startup.HostConfig.deployDirectory Deployment of web application directory [C:\Users\Admin\Desktop\y_lab_homework\homework4\apache-tomcat-9.0.91\webapps\ROOT] has finished in [41] ms
15-Jul-2024 17:03:37.500 INFO [main] org.apache.coyote.AbstractProtocol.start Starting ProtocolHandler ["http-nio-8080"]
15-Jul-2024 17:03:37.550 INFO [main] org.apache.catalina.startup.Catalina.start Server startup in [3323] milliseconds
15-Jul-2024 17:04:00.977 INFO [Thread-1] org.apache.coyote.AbstractProtocol.pause Pausing ProtocolHandler ["http-nio-8080"]
15-Jul-2024 17:04:01.154 INFO [Thread-1] org.apache.catalina.core.StandardService.stopInternal Stopping service [Catalina]
15-Jul-2024 17:04:01.189 INFO [Thread-1] org.apache.coyote.AbstractProtocol.stop Stopping ProtocolHandler ["http-nio-8080"]
15-Jul-2024 17:04:01.204 INFO [Thread-1] org.apache.coyote.AbstractProtocol.destroy Destroying ProtocolHandler ["http-nio-8080"]
15-Jul-2024 17:04:12.524 INFO [main] org.apache.catalina.startup.VersionLoggerListener.log Имя версии сервера:    Apache Tomcat/9.0.91
15-Jul-2024 17:04:12.527 INFO [main] org.apache.catalina.startup.VersionLoggerListener.log Сервер собран:         Jul 2 2024 12:35:51 UTC
15-Jul-2024 17:04:12.528 INFO [main] org.apache.catalina.startup.VersionLoggerListener.log Номер версии сервера:  9.0.91.0
15-Jul-2024 17:04:12.528 INFO [main] org.apache.catalina.startup.VersionLoggerListener.log OS Name:               Windows 11
15-Jul-2024 17:04:12.528 INFO [main] org.apache.catalina.startup.VersionLoggerListener.log Версия ОС:             10.0
15-Jul-2024 17:04:12.528 INFO [main] org.apache.catalina.startup.VersionLoggerListener.log Архитектура:           amd64
15-Jul-2024 17:04:12.528 INFO [main] org.apache.catalina.startup.VersionLoggerListener.log Java Home:             C:\Program Files\Java\jdk-20
15-Jul-2024 17:04:12.529 INFO [main] org.apache.catalina.startup.VersionLoggerListener.log Версия JVM:            20.0.1+9-29
15-Jul-2024 17:04:12.529 INFO [main] org.apache.catalina.startup.VersionLoggerListener.log Производитель JVM:     Oracle Corporation
15-Jul-2024 17:04:12.529 INFO [main] org.apache.catalina.startup.VersionLoggerListener.log CATALINA_BASE:         C:\Users\Admin\Desktop\y_lab_homework\homework4\apache-tomcat-9.0.91
15-Jul-2024 17:04:12.529 INFO [main] org.apache.catalina.startup.VersionLoggerListener.log CATALINA_HOME:         C:\Users\Admin\Desktop\y_lab_homework\homework4\apache-tomcat-9.0.91
15-Jul-2024 17:04:12.541 INFO [main] org.apache.catalina.startup.VersionLoggerListener.log Command line argument: --add-opens=java.base/java.lang=ALL-UNNAMED
15-Jul-2024 17:04:12.541 INFO [main] org.apache.catalina.startup.VersionLoggerListener.log Command line argument: --add-opens=java.base/java.io=ALL-UNNAMED
15-Jul-2024 17:04:12.542 INFO [main] org.apache.catalina.startup.VersionLoggerListener.log Command line argument: --add-opens=java.base/java.util=ALL-UNNAMED
15-Jul-2024 17:04:12.542 INFO [main] org.apache.catalina.startup.VersionLoggerListener.log Command line argument: --add-opens=java.base/java.util.concurrent=ALL-UNNAMED
15-Jul-2024 17:04:12.542 INFO [main] org.apache.catalina.startup.VersionLoggerListener.log Command line argument: --add-opens=java.rmi/sun.rmi.transport=ALL-UNNAMED
15-Jul-2024 17:04:12.542 INFO [main] org.apache.catalina.startup.VersionLoggerListener.log Command line argument: -Djava.util.logging.config.file=C:\Users\Admin\Desktop\y_lab_homework\homework4\apache-tomcat-9.0.91\conf\logging.properties
15-Jul-2024 17:04:12.543 INFO [main] org.apache.catalina.startup.VersionLoggerListener.log Command line argument: -Djava.util.logging.manager=org.apache.juli.ClassLoaderLogManager
15-Jul-2024 17:04:12.543 INFO [main] org.apache.catalina.startup.VersionLoggerListener.log Command line argument: -Djdk.tls.ephemeralDHKeySize=2048
15-Jul-2024 17:04:12.544 INFO [main] org.apache.catalina.startup.VersionLoggerListener.log Command line argument: -Djava.protocol.handler.pkgs=org.apache.catalina.webresources
15-Jul-2024 17:04:12.544 INFO [main] org.apache.catalina.startup.VersionLoggerListener.log Command line argument: -Dignore.endorsed.dirs=
15-Jul-2024 17:04:12.544 INFO [main] org.apache.catalina.startup.VersionLoggerListener.log Command line argument: -Dcatalina.base=C:\Users\Admin\Desktop\y_lab_homework\homework4\apache-tomcat-9.0.91
15-Jul-2024 17:04:12.545 INFO [main] org.apache.catalina.startup.VersionLoggerListener.log Command line argument: -Dcatalina.home=C:\Users\Admin\Desktop\y_lab_homework\homework4\apache-tomcat-9.0.91
15-Jul-2024 17:04:12.545 INFO [main] org.apache.catalina.startup.VersionLoggerListener.log Command line argument: -Djava.io.tmpdir=C:\Users\Admin\Desktop\y_lab_homework\homework4\apache-tomcat-9.0.91\temp
15-Jul-2024 17:04:12.556 INFO [main] org.apache.catalina.core.AprLifecycleListener.lifecycleEvent The Apache Tomcat Native library which allows using OpenSSL was not found on the java.library.path: [C:\Program Files\Java\jdk-20\bin;C:\WINDOWS\Sun\Java\bin;C:\WINDOWS\system32;C:\WINDOWS;C:\Program Files (x86)\NVIDIA Corporation\PhysX\Common;C:\Windows\system32;C:\Windows;C:\Windows\System32\Wbem;C:\Windows\System32\WindowsPowerShell\v1.0\;C:\Windows\System32\OpenSSH\;C:\Program Files\apache-maven-3.8.6\bin;C:\Program Files\dotnet\;C:\Program Files\Microsoft SQL Server\150\Tools\Binn\;C:\Program Files\Microsoft\Web Platform Installer\;C:\Program Files (x86)\Microsoft ASP.NET\ASP.NET Web Pages\v1.0\;C:\Program Files\Microsoft SQL Server\110\Tools\Binn\;C:\Program Files\MySQL\MySQL Server 8.0\bin;C:\Program Files\Android\CL\cmdline-tools\bin;C:\Program Files\gradle-7.6\bin;C:\Program Files\nodejs\;C:\Program Files\PuTTY\;C:\WINDOWS\system32;C:\WINDOWS;C:\WINDOWS\System32\Wbem;C:\WINDOWS\System32\WindowsPowerShell\v1.0\;C:\WINDOWS\System32\OpenSSH\;C:\Program Files (x86)\mingw64\bin;C:\Users\Admin\AppData\Local\bin\NASM;C:\Program Files\PostgreSQL\15\pgAdmin 4\runtime\;C:\Users\Admin\AppData\Local\Programs\Python\Python311;C:\Program Files\Git\cmd;C:\Program Files\GitHub CLI\;C:\Program Files\Java\jdk-20\bin;C:\Users\Admin\AppData\Local\Microsoft\WinGet\Packages\Genymobile.scrcpy_Microsoft.Winget.Source_8wekyb3d8bbwe\scrcpy-win64-v2.1.1;C:\Program Files\WireGuard\;C:\masm32\bin;C:\Program Files\NASM;C:\Program Files\Docker\Docker\resources\bin;C:\Program Files\Docker\cli-plugins;C:\Program Files\MySQL\MySQL Shell 8.0\bin\;C:\Users\Admin\AppData\Local\Programs\Python\Python311\Scripts\;C:\Users\Admin\AppData\Local\Programs\Python\Python311\;C:\Users\Admin\AppData\Local\Microsoft\WindowsApps;C:\Program Files\Java\jdk-20\bin;C:\Users\Admin\AppData\Local\Programs\MiKTeX\miktex\bin\x64\;C:\Users\Admin\AppData\Local\Programs\Microsoft VS Code\bin;C:\Users\Admin\.dotnet\tools;C:\Program Files\gcc-12.2.0-no-debug\bin;C:\Users\Admin\AppData\Roaming\npm;C:\Program Files\JetBrains\IntelliJ IDEA Community Edition 2023.1.1\bin;;C:\Users\Admin\AppData\Local\Microsoft\WinGet\Packages\Genymobile.scrcpy_Microsoft.Winget.Source_8wekyb3d8bbwe\scrcpy-win64-v2.1.1;;C:\Program Files\liquibase;.]
15-Jul-2024 17:04:12.952 INFO [main] org.apache.coyote.AbstractProtocol.init Инициализация ProtocolHandler ["http-nio-8080"]
15-Jul-2024 17:04:12.989 INFO [main] org.apache.catalina.startup.Catalina.load Server initialization in [720] milliseconds
15-Jul-2024 17:04:13.083 INFO [main] org.apache.catalina.core.StandardService.startInternal Starting service [Catalina]
15-Jul-2024 17:04:13.086 INFO [main] org.apache.catalina.core.StandardEngine.startInternal Starting Servlet engine: [Apache Tomcat/9.0.91]
15-Jul-2024 17:04:13.096 INFO [main] org.apache.catalina.startup.HostConfig.deployDirectory Установка веб приложения в папку [C:\Users\Admin\Desktop\y_lab_homework\homework4\apache-tomcat-9.0.91\webapps\docs]
15-Jul-2024 17:04:13.485 INFO [main] org.apache.catalina.startup.HostConfig.deployDirectory Deployment of web application directory [C:\Users\Admin\Desktop\y_lab_homework\homework4\apache-tomcat-9.0.91\webapps\docs] has finished in [386] ms
15-Jul-2024 17:04:13.485 INFO [main] org.apache.catalina.startup.HostConfig.deployDirectory Установка веб приложения в папку [C:\Users\Admin\Desktop\y_lab_homework\homework4\apache-tomcat-9.0.91\webapps\examples]
15-Jul-2024 17:04:13.927 INFO [main] org.apache.catalina.startup.HostConfig.deployDirectory Deployment of web application directory [C:\Users\Admin\Desktop\y_lab_homework\homework4\apache-tomcat-9.0.91\webapps\examples] has finished in [442] ms
15-Jul-2024 17:04:13.929 INFO [main] org.apache.catalina.startup.HostConfig.deployDirectory Установка веб приложения в папку [C:\Users\Admin\Desktop\y_lab_homework\homework4\apache-tomcat-9.0.91\webapps\homework4]
15-Jul-2024 17:04:14.105 WARNING [main] org.apache.tomcat.util.descriptor.web.WebXml.setVersion Unknown version string [5.0]. Default version will be used.
15-Jul-2024 17:04:16.013 INFO [main] org.apache.jasper.servlet.TldScanner.scanJars At least one JAR was scanned for TLDs yet contained no TLDs. Enable debug logging for this logger for a complete list of JARs that were scanned but no TLDs were found in them. Skipping unneeded JARs during scanning can improve startup time and JSP compilation time.
15-Jul-2024 17:04:16.099 INFO [main] org.apache.catalina.startup.HostConfig.deployDirectory Deployment of web application directory [C:\Users\Admin\Desktop\y_lab_homework\homework4\apache-tomcat-9.0.91\webapps\homework4] has finished in [2 171] ms
15-Jul-2024 17:04:16.100 INFO [main] org.apache.catalina.startup.HostConfig.deployDirectory Установка веб приложения в папку [C:\Users\Admin\Desktop\y_lab_homework\homework4\apache-tomcat-9.0.91\webapps\host-manager]
15-Jul-2024 17:04:16.166 INFO [main] org.apache.catalina.startup.HostConfig.deployDirectory Deployment of web application directory [C:\Users\Admin\Desktop\y_lab_homework\homework4\apache-tomcat-9.0.91\webapps\host-manager] has finished in [65] ms
15-Jul-2024 17:04:16.168 INFO [main] org.apache.catalina.startup.HostConfig.deployDirectory Установка веб приложения в папку [C:\Users\Admin\Desktop\y_lab_homework\homework4\apache-tomcat-9.0.91\webapps\manager]
15-Jul-2024 17:04:16.241 INFO [main] org.apache.catalina.startup.HostConfig.deployDirectory Deployment of web application directory [C:\Users\Admin\Desktop\y_lab_homework\homework4\apache-tomcat-9.0.91\webapps\manager] has finished in [72] ms
15-Jul-2024 17:04:16.244 INFO [main] org.apache.catalina.startup.HostConfig.deployDirectory Установка веб приложения в папку [C:\Users\Admin\Desktop\y_lab_homework\homework4\apache-tomcat-9.0.91\webapps\ROOT]
15-Jul-2024 17:04:16.281 INFO [main] org.apache.catalina.startup.HostConfig.deployDirectory Deployment of web application directory [C:\Users\Admin\Desktop\y_lab_homework\homework4\apache-tomcat-9.0.91\webapps\ROOT] has finished in [38] ms
15-Jul-2024 17:04:16.288 INFO [main] org.apache.coyote.AbstractProtocol.start Starting ProtocolHandler ["http-nio-8080"]
15-Jul-2024 17:04:16.341 INFO [main] org.apache.catalina.startup.Catalina.start Server startup in [3343] milliseconds
15-Jul-2024 17:07:38.382 INFO [Thread-1] org.apache.coyote.AbstractProtocol.pause Pausing ProtocolHandler ["http-nio-8080"]
15-Jul-2024 17:07:38.595 INFO [Thread-1] org.apache.catalina.core.StandardService.stopInternal Stopping service [Catalina]
15-Jul-2024 17:07:38.630 INFO [Thread-1] org.apache.coyote.AbstractProtocol.stop Stopping ProtocolHandler ["http-nio-8080"]
15-Jul-2024 17:07:38.642 INFO [Thread-1] org.apache.coyote.AbstractProtocol.destroy Destroying ProtocolHandler ["http-nio-8080"]
15-Jul-2024 17:07:51.982 INFO [main] org.apache.catalina.startup.VersionLoggerListener.log Имя версии сервера:    Apache Tomcat/9.0.91
15-Jul-2024 17:07:51.987 INFO [main] org.apache.catalina.startup.VersionLoggerListener.log Сервер собран:         Jul 2 2024 12:35:51 UTC
15-Jul-2024 17:07:51.987 INFO [main] org.apache.catalina.startup.VersionLoggerListener.log Номер версии сервера:  9.0.91.0
15-Jul-2024 17:07:51.988 INFO [main] org.apache.catalina.startup.VersionLoggerListener.log OS Name:               Windows 11
15-Jul-2024 17:07:51.988 INFO [main] org.apache.catalina.startup.VersionLoggerListener.log Версия ОС:             10.0
15-Jul-2024 17:07:51.988 INFO [main] org.apache.catalina.startup.VersionLoggerListener.log Архитектура:           amd64
15-Jul-2024 17:07:51.989 INFO [main] org.apache.catalina.startup.VersionLoggerListener.log Java Home:             C:\Program Files\Java\jdk-20
15-Jul-2024 17:07:51.989 INFO [main] org.apache.catalina.startup.VersionLoggerListener.log Версия JVM:            20.0.1+9-29
15-Jul-2024 17:07:51.989 INFO [main] org.apache.catalina.startup.VersionLoggerListener.log Производитель JVM:     Oracle Corporation
15-Jul-2024 17:07:51.989 INFO [main] org.apache.catalina.startup.VersionLoggerListener.log CATALINA_BASE:         C:\Users\Admin\Desktop\y_lab_homework\homework4\apache-tomcat-9.0.91
15-Jul-2024 17:07:51.989 INFO [main] org.apache.catalina.startup.VersionLoggerListener.log CATALINA_HOME:         C:\Users\Admin\Desktop\y_lab_homework\homework4\apache-tomcat-9.0.91
15-Jul-2024 17:07:51.999 INFO [main] org.apache.catalina.startup.VersionLoggerListener.log Command line argument: --add-opens=java.base/java.lang=ALL-UNNAMED
15-Jul-2024 17:07:51.999 INFO [main] org.apache.catalina.startup.VersionLoggerListener.log Command line argument: --add-opens=java.base/java.io=ALL-UNNAMED
15-Jul-2024 17:07:52.000 INFO [main] org.apache.catalina.startup.VersionLoggerListener.log Command line argument: --add-opens=java.base/java.util=ALL-UNNAMED
15-Jul-2024 17:07:52.000 INFO [main] org.apache.catalina.startup.VersionLoggerListener.log Command line argument: --add-opens=java.base/java.util.concurrent=ALL-UNNAMED
15-Jul-2024 17:07:52.000 INFO [main] org.apache.catalina.startup.VersionLoggerListener.log Command line argument: --add-opens=java.rmi/sun.rmi.transport=ALL-UNNAMED
15-Jul-2024 17:07:52.000 INFO [main] org.apache.catalina.startup.VersionLoggerListener.log Command line argument: -Djava.util.logging.config.file=C:\Users\Admin\Desktop\y_lab_homework\homework4\apache-tomcat-9.0.91\conf\logging.properties
15-Jul-2024 17:07:52.000 INFO [main] org.apache.catalina.startup.VersionLoggerListener.log Command line argument: -Djava.util.logging.manager=org.apache.juli.ClassLoaderLogManager
15-Jul-2024 17:07:52.001 INFO [main] org.apache.catalina.startup.VersionLoggerListener.log Command line argument: -Djdk.tls.ephemeralDHKeySize=2048
15-Jul-2024 17:07:52.004 INFO [main] org.apache.catalina.startup.VersionLoggerListener.log Command line argument: -Djava.protocol.handler.pkgs=org.apache.catalina.webresources
15-Jul-2024 17:07:52.004 INFO [main] org.apache.catalina.startup.VersionLoggerListener.log Command line argument: -Dignore.endorsed.dirs=
15-Jul-2024 17:07:52.004 INFO [main] org.apache.catalina.startup.VersionLoggerListener.log Command line argument: -Dcatalina.base=C:\Users\Admin\Desktop\y_lab_homework\homework4\apache-tomcat-9.0.91
15-Jul-2024 17:07:52.004 INFO [main] org.apache.catalina.startup.VersionLoggerListener.log Command line argument: -Dcatalina.home=C:\Users\Admin\Desktop\y_lab_homework\homework4\apache-tomcat-9.0.91
15-Jul-2024 17:07:52.005 INFO [main] org.apache.catalina.startup.VersionLoggerListener.log Command line argument: -Djava.io.tmpdir=C:\Users\Admin\Desktop\y_lab_homework\homework4\apache-tomcat-9.0.91\temp
15-Jul-2024 17:07:52.015 INFO [main] org.apache.catalina.core.AprLifecycleListener.lifecycleEvent The Apache Tomcat Native library which allows using OpenSSL was not found on the java.library.path: [C:\Program Files\Java\jdk-20\bin;C:\WINDOWS\Sun\Java\bin;C:\WINDOWS\system32;C:\WINDOWS;C:\Program Files (x86)\NVIDIA Corporation\PhysX\Common;C:\Windows\system32;C:\Windows;C:\Windows\System32\Wbem;C:\Windows\System32\WindowsPowerShell\v1.0\;C:\Windows\System32\OpenSSH\;C:\Program Files\apache-maven-3.8.6\bin;C:\Program Files\dotnet\;C:\Program Files\Microsoft SQL Server\150\Tools\Binn\;C:\Program Files\Microsoft\Web Platform Installer\;C:\Program Files (x86)\Microsoft ASP.NET\ASP.NET Web Pages\v1.0\;C:\Program Files\Microsoft SQL Server\110\Tools\Binn\;C:\Program Files\MySQL\MySQL Server 8.0\bin;C:\Program Files\Android\CL\cmdline-tools\bin;C:\Program Files\gradle-7.6\bin;C:\Program Files\nodejs\;C:\Program Files\PuTTY\;C:\WINDOWS\system32;C:\WINDOWS;C:\WINDOWS\System32\Wbem;C:\WINDOWS\System32\WindowsPowerShell\v1.0\;C:\WINDOWS\System32\OpenSSH\;C:\Program Files (x86)\mingw64\bin;C:\Users\Admin\AppData\Local\bin\NASM;C:\Program Files\PostgreSQL\15\pgAdmin 4\runtime\;C:\Users\Admin\AppData\Local\Programs\Python\Python311;C:\Program Files\Git\cmd;C:\Program Files\GitHub CLI\;C:\Program Files\Java\jdk-20\bin;C:\Users\Admin\AppData\Local\Microsoft\WinGet\Packages\Genymobile.scrcpy_Microsoft.Winget.Source_8wekyb3d8bbwe\scrcpy-win64-v2.1.1;C:\Program Files\WireGuard\;C:\masm32\bin;C:\Program Files\NASM;C:\Program Files\Docker\Docker\resources\bin;C:\Program Files\Docker\cli-plugins;C:\Program Files\MySQL\MySQL Shell 8.0\bin\;C:\Users\Admin\AppData\Local\Programs\Python\Python311\Scripts\;C:\Users\Admin\AppData\Local\Programs\Python\Python311\;C:\Users\Admin\AppData\Local\Microsoft\WindowsApps;C:\Program Files\Java\jdk-20\bin;C:\Users\Admin\AppData\Local\Programs\MiKTeX\miktex\bin\x64\;C:\Users\Admin\AppData\Local\Programs\Microsoft VS Code\bin;C:\Users\Admin\.dotnet\tools;C:\Program Files\gcc-12.2.0-no-debug\bin;C:\Users\Admin\AppData\Roaming\npm;C:\Program Files\JetBrains\IntelliJ IDEA Community Edition 2023.1.1\bin;;C:\Users\Admin\AppData\Local\Microsoft\WinGet\Packages\Genymobile.scrcpy_Microsoft.Winget.Source_8wekyb3d8bbwe\scrcpy-win64-v2.1.1;;C:\Program Files\liquibase;.]
15-Jul-2024 17:07:52.437 INFO [main] org.apache.coyote.AbstractProtocol.init Инициализация ProtocolHandler ["http-nio-8080"]
15-Jul-2024 17:07:52.468 INFO [main] org.apache.catalina.startup.Catalina.load Server initialization in [755] milliseconds
15-Jul-2024 17:07:52.573 INFO [main] org.apache.catalina.core.StandardService.startInternal Starting service [Catalina]
15-Jul-2024 17:07:52.573 INFO [main] org.apache.catalina.core.StandardEngine.startInternal Starting Servlet engine: [Apache Tomcat/9.0.91]
15-Jul-2024 17:07:52.581 INFO [main] org.apache.catalina.startup.HostConfig.deployDirectory Установка веб приложения в папку [C:\Users\Admin\Desktop\y_lab_homework\homework4\apache-tomcat-9.0.91\webapps\docs]
15-Jul-2024 17:07:52.929 INFO [main] org.apache.catalina.startup.HostConfig.deployDirectory Deployment of web application directory [C:\Users\Admin\Desktop\y_lab_homework\homework4\apache-tomcat-9.0.91\webapps\docs] has finished in [344] ms
15-Jul-2024 17:07:52.929 INFO [main] org.apache.catalina.startup.HostConfig.deployDirectory Установка веб приложения в папку [C:\Users\Admin\Desktop\y_lab_homework\homework4\apache-tomcat-9.0.91\webapps\examples]
15-Jul-2024 17:07:53.408 INFO [main] org.apache.catalina.startup.HostConfig.deployDirectory Deployment of web application directory [C:\Users\Admin\Desktop\y_lab_homework\homework4\apache-tomcat-9.0.91\webapps\examples] has finished in [479] ms
15-Jul-2024 17:07:53.409 INFO [main] org.apache.catalina.startup.HostConfig.deployDirectory Установка веб приложения в папку [C:\Users\Admin\Desktop\y_lab_homework\homework4\apache-tomcat-9.0.91\webapps\homework4]
15-Jul-2024 17:07:53.585 WARNING [main] org.apache.tomcat.util.descriptor.web.WebXml.setVersion Unknown version string [5.0]. Default version will be used.
15-Jul-2024 17:07:55.742 INFO [main] org.apache.jasper.servlet.TldScanner.scanJars At least one JAR was scanned for TLDs yet contained no TLDs. Enable debug logging for this logger for a complete list of JARs that were scanned but no TLDs were found in them. Skipping unneeded JARs during scanning can improve startup time and JSP compilation time.
15-Jul-2024 17:07:55.837 INFO [main] org.apache.catalina.startup.HostConfig.deployDirectory Deployment of web application directory [C:\Users\Admin\Desktop\y_lab_homework\homework4\apache-tomcat-9.0.91\webapps\homework4] has finished in [2 428] ms
15-Jul-2024 17:07:55.838 INFO [main] org.apache.catalina.startup.HostConfig.deployDirectory Установка веб приложения в папку [C:\Users\Admin\Desktop\y_lab_homework\homework4\apache-tomcat-9.0.91\webapps\host-manager]
15-Jul-2024 17:07:55.910 INFO [main] org.apache.catalina.startup.HostConfig.deployDirectory Deployment of web application directory [C:\Users\Admin\Desktop\y_lab_homework\homework4\apache-tomcat-9.0.91\webapps\host-manager] has finished in [72] ms
15-Jul-2024 17:07:55.912 INFO [main] org.apache.catalina.startup.HostConfig.deployDirectory Установка веб приложения в папку [C:\Users\Admin\Desktop\y_lab_homework\homework4\apache-tomcat-9.0.91\webapps\manager]
15-Jul-2024 17:07:55.981 INFO [main] org.apache.catalina.startup.HostConfig.deployDirectory Deployment of web application directory [C:\Users\Admin\Desktop\y_lab_homework\homework4\apache-tomcat-9.0.91\webapps\manager] has finished in [68] ms
15-Jul-2024 17:07:55.982 INFO [main] org.apache.catalina.startup.HostConfig.deployDirectory Установка веб приложения в папку [C:\Users\Admin\Desktop\y_lab_homework\homework4\apache-tomcat-9.0.91\webapps\ROOT]
15-Jul-2024 17:07:56.022 INFO [main] org.apache.catalina.startup.HostConfig.deployDirectory Deployment of web application directory [C:\Users\Admin\Desktop\y_lab_homework\homework4\apache-tomcat-9.0.91\webapps\ROOT] has finished in [39] ms
15-Jul-2024 17:07:56.030 INFO [main] org.apache.coyote.AbstractProtocol.start Starting ProtocolHandler ["http-nio-8080"]
15-Jul-2024 17:07:56.084 INFO [main] org.apache.catalina.startup.Catalina.start Server startup in [3609] milliseconds
15-Jul-2024 17:09:55.384 INFO [http-nio-8080-exec-1] org.apache.coyote.http11.Http11Processor.service Error parsing HTTP request header
 Note: further occurrences of HTTP request parsing errors will be logged at DEBUG level.
	java.lang.IllegalArgumentException: Invalid character found in method name [0x160x030x010x060xe00x010x000x060xdc0x030x030xd2W0x97I:P80x010x93Z0xeaE0xdd6A0xa50x0d0xf80x9b0x04O0x800x800x070xe10xd80xb00x8c^q0xba0xa0 ]. HTTP method names must be tokens
		at org.apache.coyote.http11.Http11InputBuffer.parseRequestLine(Http11InputBuffer.java:407)
		at org.apache.coyote.http11.Http11Processor.service(Http11Processor.java:261)
		at org.apache.coyote.AbstractProcessorLight.process(AbstractProcessorLight.java:63)
		at org.apache.coyote.AbstractProtocol$ConnectionHandler.process(AbstractProtocol.java:936)
		at org.apache.tomcat.util.net.NioEndpoint$SocketProcessor.doRun(NioEndpoint.java:1791)
		at org.apache.tomcat.util.net.SocketProcessorBase.run(SocketProcessorBase.java:52)
		at org.apache.tomcat.util.threads.ThreadPoolExecutor.runWorker(ThreadPoolExecutor.java:1190)
		at org.apache.tomcat.util.threads.ThreadPoolExecutor$Worker.run(ThreadPoolExecutor.java:659)
		at org.apache.tomcat.util.threads.TaskThread$WrappingRunnable.run(TaskThread.java:63)
		at java.base/java.lang.Thread.run(Thread.java:1623)
15-Jul-2024 17:09:55.424 INFO [http-nio-8080-exec-2] org.apache.coyote.http11.Http11Processor.service Error parsing HTTP request header
 Note: further occurrences of HTTP request parsing errors will be logged at DEBUG level.
	java.lang.IllegalArgumentException: Invalid character found in method name [0x160x030x010x070x000x010x000x060xfc0x030x030x1c0xae80xd40x9b0x1f'@80xc3I0xcb60xf40x8b)0xfa0xd0L0xf3r`0x87P]0x880x90kb0xfa0xe7M ]. HTTP method names must be tokens
		at org.apache.coyote.http11.Http11InputBuffer.parseRequestLine(Http11InputBuffer.java:407)
		at org.apache.coyote.http11.Http11Processor.service(Http11Processor.java:261)
		at org.apache.coyote.AbstractProcessorLight.process(AbstractProcessorLight.java:63)
		at org.apache.coyote.AbstractProtocol$ConnectionHandler.process(AbstractProtocol.java:936)
		at org.apache.tomcat.util.net.NioEndpoint$SocketProcessor.doRun(NioEndpoint.java:1791)
		at org.apache.tomcat.util.net.SocketProcessorBase.run(SocketProcessorBase.java:52)
		at org.apache.tomcat.util.threads.ThreadPoolExecutor.runWorker(ThreadPoolExecutor.java:1190)
		at org.apache.tomcat.util.threads.ThreadPoolExecutor$Worker.run(ThreadPoolExecutor.java:659)
		at org.apache.tomcat.util.threads.TaskThread$WrappingRunnable.run(TaskThread.java:63)
		at java.base/java.lang.Thread.run(Thread.java:1623)
