05-Jul-2024 23:15:02.241 INFO [main] org.apache.catalina.startup.VersionLoggerListener.log Имя версии сервера:    Apache Tomcat/10.1.25
05-Jul-2024 23:15:02.249 INFO [main] org.apache.catalina.startup.VersionLoggerListener.log Сервер собран:         Jun 14 2024 19:31:59 UTC
05-Jul-2024 23:15:02.250 INFO [main] org.apache.catalina.startup.VersionLoggerListener.log Номер версии сервера:  10.1.25.0
05-Jul-2024 23:15:02.251 INFO [main] org.apache.catalina.startup.VersionLoggerListener.log OS Name:               Windows 11
05-Jul-2024 23:15:02.251 INFO [main] org.apache.catalina.startup.VersionLoggerListener.log Версия ОС:             10.0
05-Jul-2024 23:15:02.253 INFO [main] org.apache.catalina.startup.VersionLoggerListener.log Архитектура:           amd64
05-Jul-2024 23:15:02.253 INFO [main] org.apache.catalina.startup.VersionLoggerListener.log Java Home:             C:\Program Files\Java\jdk-20
05-Jul-2024 23:15:02.253 INFO [main] org.apache.catalina.startup.VersionLoggerListener.log Версия JVM:            20.0.1+9-29
05-Jul-2024 23:15:02.255 INFO [main] org.apache.catalina.startup.VersionLoggerListener.log Производитель JVM:     Oracle Corporation
05-Jul-2024 23:15:02.255 INFO [main] org.apache.catalina.startup.VersionLoggerListener.log CATALINA_BASE:         C:\Users\Admin\Downloads\apache-tomcat-10.1.25
05-Jul-2024 23:15:02.255 INFO [main] org.apache.catalina.startup.VersionLoggerListener.log CATALINA_HOME:         C:\Users\Admin\Downloads\apache-tomcat-10.1.25
05-Jul-2024 23:15:02.267 INFO [main] org.apache.catalina.startup.VersionLoggerListener.log Command line argument: -Djava.util.logging.config.file=C:\Users\Admin\Downloads\apache-tomcat-10.1.25\conf\logging.properties
05-Jul-2024 23:15:02.267 INFO [main] org.apache.catalina.startup.VersionLoggerListener.log Command line argument: -Djava.util.logging.manager=org.apache.juli.ClassLoaderLogManager
05-Jul-2024 23:15:02.267 INFO [main] org.apache.catalina.startup.VersionLoggerListener.log Command line argument: -Djdk.tls.ephemeralDHKeySize=2048
05-Jul-2024 23:15:02.267 INFO [main] org.apache.catalina.startup.VersionLoggerListener.log Command line argument: -Djava.protocol.handler.pkgs=org.apache.catalina.webresources
05-Jul-2024 23:15:02.268 INFO [main] org.apache.catalina.startup.VersionLoggerListener.log Command line argument: --add-opens=java.base/java.lang=ALL-UNNAMED
05-Jul-2024 23:15:02.268 INFO [main] org.apache.catalina.startup.VersionLoggerListener.log Command line argument: --add-opens=java.base/java.io=ALL-UNNAMED
05-Jul-2024 23:15:02.268 INFO [main] org.apache.catalina.startup.VersionLoggerListener.log Command line argument: --add-opens=java.base/java.util=ALL-UNNAMED
05-Jul-2024 23:15:02.268 INFO [main] org.apache.catalina.startup.VersionLoggerListener.log Command line argument: --add-opens=java.base/java.util.concurrent=ALL-UNNAMED
05-Jul-2024 23:15:02.268 INFO [main] org.apache.catalina.startup.VersionLoggerListener.log Command line argument: --add-opens=java.rmi/sun.rmi.transport=ALL-UNNAMED
05-Jul-2024 23:15:02.268 INFO [main] org.apache.catalina.startup.VersionLoggerListener.log Command line argument: -Dcatalina.base=C:\Users\Admin\Downloads\apache-tomcat-10.1.25
05-Jul-2024 23:15:02.269 INFO [main] org.apache.catalina.startup.VersionLoggerListener.log Command line argument: -Dcatalina.home=C:\Users\Admin\Downloads\apache-tomcat-10.1.25
05-Jul-2024 23:15:02.269 INFO [main] org.apache.catalina.startup.VersionLoggerListener.log Command line argument: -Djava.io.tmpdir=C:\Users\Admin\Downloads\apache-tomcat-10.1.25\temp
05-Jul-2024 23:15:02.275 INFO [main] org.apache.catalina.core.AprLifecycleListener.lifecycleEvent Loaded Apache Tomcat Native library [2.0.7] using APR version [1.7.4].
05-Jul-2024 23:15:02.299 INFO [main] org.apache.catalina.core.AprLifecycleListener.initializeSSL OpenSSL successfully initialized [OpenSSL 3.0.13 30 Jan 2024]
05-Jul-2024 23:15:02.680 INFO [main] org.apache.coyote.AbstractProtocol.init Инициализация ProtocolHandler ["http-nio-8080"]
05-Jul-2024 23:15:02.713 INFO [main] org.apache.catalina.startup.Catalina.load Server initialization in [714] milliseconds
05-Jul-2024 23:15:02.820 INFO [main] org.apache.catalina.core.StandardService.startInternal Starting service [Catalina]
05-Jul-2024 23:15:02.821 INFO [main] org.apache.catalina.core.StandardEngine.startInternal Starting Servlet engine: [Apache Tomcat/10.1.25]
05-Jul-2024 23:15:02.837 INFO [main] org.apache.catalina.startup.HostConfig.deployDirectory Установка веб приложения в папку [C:\Users\Admin\Downloads\apache-tomcat-10.1.25\webapps\docs]
05-Jul-2024 23:15:03.313 INFO [main] org.apache.catalina.startup.HostConfig.deployDirectory Deployment of web application directory [C:\Users\Admin\Downloads\apache-tomcat-10.1.25\webapps\docs] has finished in [472] ms
05-Jul-2024 23:15:03.313 INFO [main] org.apache.catalina.startup.HostConfig.deployDirectory Установка веб приложения в папку [C:\Users\Admin\Downloads\apache-tomcat-10.1.25\webapps\examples]
05-Jul-2024 23:15:03.895 INFO [main] org.apache.catalina.startup.HostConfig.deployDirectory Deployment of web application directory [C:\Users\Admin\Downloads\apache-tomcat-10.1.25\webapps\examples] has finished in [582] ms
05-Jul-2024 23:15:03.895 INFO [main] org.apache.catalina.startup.HostConfig.deployDirectory Установка веб приложения в папку [C:\Users\Admin\Downloads\apache-tomcat-10.1.25\webapps\homework3]
05-Jul-2024 23:15:04.330 SEVERE [main] org.apache.catalina.startup.HostConfig.deployDirectory Error deploying web application directory [C:\Users\Admin\Downloads\apache-tomcat-10.1.25\webapps\homework3]
	java.lang.IllegalStateException: Error starting child
		at org.apache.catalina.core.ContainerBase.addChildInternal(ContainerBase.java:602)
		at org.apache.catalina.core.ContainerBase.addChild(ContainerBase.java:571)
		at org.apache.catalina.core.StandardHost.addChild(StandardHost.java:654)
		at org.apache.catalina.startup.HostConfig.deployDirectory(HostConfig.java:1130)
		at org.apache.catalina.startup.HostConfig$DeployDirectory.run(HostConfig.java:1933)
		at java.base/java.util.concurrent.Executors$RunnableAdapter.call(Executors.java:577)
		at java.base/java.util.concurrent.FutureTask.run(FutureTask.java:317)
		at org.apache.tomcat.util.threads.InlineExecutorService.execute(InlineExecutorService.java:75)
		at java.base/java.util.concurrent.AbstractExecutorService.submit(AbstractExecutorService.java:123)
		at org.apache.catalina.startup.HostConfig.deployDirectories(HostConfig.java:1041)
		at org.apache.catalina.startup.HostConfig.deployApps(HostConfig.java:425)
		at org.apache.catalina.startup.HostConfig.start(HostConfig.java:1629)
		at org.apache.catalina.startup.HostConfig.lifecycleEvent(HostConfig.java:303)
		at org.apache.catalina.util.LifecycleBase.fireLifecycleEvent(LifecycleBase.java:109)
		at org.apache.catalina.util.LifecycleBase.setStateInternal(LifecycleBase.java:385)
		at org.apache.catalina.util.LifecycleBase.setState(LifecycleBase.java:332)
		at org.apache.catalina.core.ContainerBase.startInternal(ContainerBase.java:776)
		at org.apache.catalina.core.StandardHost.startInternal(StandardHost.java:772)
		at org.apache.catalina.util.LifecycleBase.start(LifecycleBase.java:164)
		at org.apache.catalina.core.ContainerBase$StartChild.call(ContainerBase.java:1203)
		at org.apache.catalina.core.ContainerBase$StartChild.call(ContainerBase.java:1193)
		at java.base/java.util.concurrent.FutureTask.run(FutureTask.java:317)
		at org.apache.tomcat.util.threads.InlineExecutorService.execute(InlineExecutorService.java:75)
		at java.base/java.util.concurrent.AbstractExecutorService.submit(AbstractExecutorService.java:145)
		at org.apache.catalina.core.ContainerBase.startInternal(ContainerBase.java:749)
		at org.apache.catalina.core.StandardEngine.startInternal(StandardEngine.java:203)
		at org.apache.catalina.util.LifecycleBase.start(LifecycleBase.java:164)
		at org.apache.catalina.core.StandardService.startInternal(StandardService.java:415)
		at org.apache.catalina.util.LifecycleBase.start(LifecycleBase.java:164)
		at org.apache.catalina.core.StandardServer.startInternal(StandardServer.java:874)
		at org.apache.catalina.util.LifecycleBase.start(LifecycleBase.java:164)
		at org.apache.catalina.startup.Catalina.start(Catalina.java:757)
		at java.base/jdk.internal.reflect.DirectMethodHandleAccessor.invoke(DirectMethodHandleAccessor.java:104)
		at java.base/java.lang.reflect.Method.invoke(Method.java:578)
		at org.apache.catalina.startup.Bootstrap.start(Bootstrap.java:345)
		at org.apache.catalina.startup.Bootstrap.main(Bootstrap.java:473)
	Caused by: org.apache.catalina.LifecycleException: Failed to start component [StandardEngine[Catalina].StandardHost[localhost].StandardContext[/homework3]]
		at org.apache.catalina.util.LifecycleBase.handleSubClassException(LifecycleBase.java:402)
		at org.apache.catalina.util.LifecycleBase.start(LifecycleBase.java:179)
		at org.apache.catalina.core.ContainerBase.addChildInternal(ContainerBase.java:599)
		... 35 more
	Caused by: java.lang.IllegalArgumentException: Invalid <url-pattern> [user] in servlet mapping
		at org.apache.catalina.core.StandardContext.addServletMappingDecoded(StandardContext.java:2840)
		at org.apache.catalina.Context.addServletMappingDecoded(Context.java:882)
		at org.apache.catalina.startup.ContextConfig.configureContext(ContextConfig.java:1500)
		at org.apache.catalina.startup.ContextConfig.webConfig(ContextConfig.java:1287)
		at org.apache.catalina.startup.ContextConfig.configureStart(ContextConfig.java:961)
		at org.apache.catalina.startup.ContextConfig.lifecycleEvent(ContextConfig.java:290)
		at org.apache.catalina.util.LifecycleBase.fireLifecycleEvent(LifecycleBase.java:109)
		at org.apache.catalina.core.StandardContext.startInternal(StandardContext.java:4330)
		at org.apache.catalina.util.LifecycleBase.start(LifecycleBase.java:164)
		... 36 more
05-Jul-2024 23:15:04.332 INFO [main] org.apache.catalina.startup.HostConfig.deployDirectory Deployment of web application directory [C:\Users\Admin\Downloads\apache-tomcat-10.1.25\webapps\homework3] has finished in [437] ms
05-Jul-2024 23:15:04.333 INFO [main] org.apache.catalina.startup.HostConfig.deployDirectory Установка веб приложения в папку [C:\Users\Admin\Downloads\apache-tomcat-10.1.25\webapps\host-manager]
05-Jul-2024 23:15:04.384 INFO [main] org.apache.catalina.startup.HostConfig.deployDirectory Deployment of web application directory [C:\Users\Admin\Downloads\apache-tomcat-10.1.25\webapps\host-manager] has finished in [51] ms
05-Jul-2024 23:15:04.385 INFO [main] org.apache.catalina.startup.HostConfig.deployDirectory Установка веб приложения в папку [C:\Users\Admin\Downloads\apache-tomcat-10.1.25\webapps\manager]
05-Jul-2024 23:15:04.445 INFO [main] org.apache.catalina.startup.HostConfig.deployDirectory Deployment of web application directory [C:\Users\Admin\Downloads\apache-tomcat-10.1.25\webapps\manager] has finished in [60] ms
05-Jul-2024 23:15:04.446 INFO [main] org.apache.catalina.startup.HostConfig.deployDirectory Установка веб приложения в папку [C:\Users\Admin\Downloads\apache-tomcat-10.1.25\webapps\ROOT]
05-Jul-2024 23:15:04.488 INFO [main] org.apache.catalina.startup.HostConfig.deployDirectory Deployment of web application directory [C:\Users\Admin\Downloads\apache-tomcat-10.1.25\webapps\ROOT] has finished in [42] ms
05-Jul-2024 23:15:04.495 INFO [main] org.apache.coyote.AbstractProtocol.start Starting ProtocolHandler ["http-nio-8080"]
05-Jul-2024 23:15:04.563 INFO [main] org.apache.catalina.startup.Catalina.start Server startup in [1847] milliseconds
05-Jul-2024 23:17:48.551 INFO [Thread-1] org.apache.coyote.AbstractProtocol.pause Pausing ProtocolHandler ["http-nio-8080"]
05-Jul-2024 23:17:48.795 INFO [Thread-1] org.apache.catalina.core.StandardService.stopInternal Stopping service [Catalina]
05-Jul-2024 23:17:48.825 INFO [Thread-1] org.apache.coyote.AbstractProtocol.stop Stopping ProtocolHandler ["http-nio-8080"]
05-Jul-2024 23:17:48.832 INFO [Thread-1] org.apache.coyote.AbstractProtocol.destroy Destroying ProtocolHandler ["http-nio-8080"]
05-Jul-2024 23:18:15.182 SEVERE [main] org.apache.catalina.startup.Catalina.stopServer Could not contact [localhost:8005] (base port [8005] and offset [0]). Tomcat may not be running.
05-Jul-2024 23:18:15.185 SEVERE [main] org.apache.catalina.startup.Catalina.stopServer Error stopping Catalina
	java.net.ConnectException: Connection refused: connect
		at java.base/sun.nio.ch.Net.connect0(Native Method)
		at java.base/sun.nio.ch.Net.connect(Net.java:580)
		at java.base/sun.nio.ch.Net.connect(Net.java:569)
		at java.base/sun.nio.ch.NioSocketImpl.connect(NioSocketImpl.java:576)
		at java.base/java.net.SocksSocketImpl.connect(SocksSocketImpl.java:327)
		at java.base/java.net.Socket.connect(Socket.java:666)
		at java.base/java.net.Socket.connect(Socket.java:600)
		at java.base/java.net.Socket.<init>(Socket.java:509)
		at java.base/java.net.Socket.<init>(Socket.java:289)
		at org.apache.catalina.startup.Catalina.stopServer(Catalina.java:653)
		at java.base/jdk.internal.reflect.DirectMethodHandleAccessor.invoke(DirectMethodHandleAccessor.java:104)
		at java.base/java.lang.reflect.Method.invoke(Method.java:578)
		at org.apache.catalina.startup.Bootstrap.stopServer(Bootstrap.java:393)
		at org.apache.catalina.startup.Bootstrap.main(Bootstrap.java:478)
05-Jul-2024 23:19:21.407 INFO [main] org.apache.catalina.startup.VersionLoggerListener.log Имя версии сервера:    Apache Tomcat/10.1.25
05-Jul-2024 23:19:21.411 INFO [main] org.apache.catalina.startup.VersionLoggerListener.log Сервер собран:         Jun 14 2024 19:31:59 UTC
05-Jul-2024 23:19:21.412 INFO [main] org.apache.catalina.startup.VersionLoggerListener.log Номер версии сервера:  10.1.25.0
05-Jul-2024 23:19:21.412 INFO [main] org.apache.catalina.startup.VersionLoggerListener.log OS Name:               Windows 11
05-Jul-2024 23:19:21.412 INFO [main] org.apache.catalina.startup.VersionLoggerListener.log Версия ОС:             10.0
05-Jul-2024 23:19:21.412 INFO [main] org.apache.catalina.startup.VersionLoggerListener.log Архитектура:           amd64
05-Jul-2024 23:19:21.412 INFO [main] org.apache.catalina.startup.VersionLoggerListener.log Java Home:             C:\Program Files\Java\jdk-20
05-Jul-2024 23:19:21.413 INFO [main] org.apache.catalina.startup.VersionLoggerListener.log Версия JVM:            20.0.1+9-29
05-Jul-2024 23:19:21.413 INFO [main] org.apache.catalina.startup.VersionLoggerListener.log Производитель JVM:     Oracle Corporation
05-Jul-2024 23:19:21.413 INFO [main] org.apache.catalina.startup.VersionLoggerListener.log CATALINA_BASE:         C:\Users\Admin\Downloads\apache-tomcat-10.1.25
05-Jul-2024 23:19:21.413 INFO [main] org.apache.catalina.startup.VersionLoggerListener.log CATALINA_HOME:         C:\Users\Admin\Downloads\apache-tomcat-10.1.25
05-Jul-2024 23:19:21.420 INFO [main] org.apache.catalina.startup.VersionLoggerListener.log Command line argument: -Djava.util.logging.config.file=C:\Users\Admin\Downloads\apache-tomcat-10.1.25\conf\logging.properties
05-Jul-2024 23:19:21.421 INFO [main] org.apache.catalina.startup.VersionLoggerListener.log Command line argument: -Djava.util.logging.manager=org.apache.juli.ClassLoaderLogManager
05-Jul-2024 23:19:21.421 INFO [main] org.apache.catalina.startup.VersionLoggerListener.log Command line argument: -Djdk.tls.ephemeralDHKeySize=2048
05-Jul-2024 23:19:21.421 INFO [main] org.apache.catalina.startup.VersionLoggerListener.log Command line argument: -Djava.protocol.handler.pkgs=org.apache.catalina.webresources
05-Jul-2024 23:19:21.421 INFO [main] org.apache.catalina.startup.VersionLoggerListener.log Command line argument: --add-opens=java.base/java.lang=ALL-UNNAMED
05-Jul-2024 23:19:21.421 INFO [main] org.apache.catalina.startup.VersionLoggerListener.log Command line argument: --add-opens=java.base/java.io=ALL-UNNAMED
05-Jul-2024 23:19:21.422 INFO [main] org.apache.catalina.startup.VersionLoggerListener.log Command line argument: --add-opens=java.base/java.util=ALL-UNNAMED
05-Jul-2024 23:19:21.422 INFO [main] org.apache.catalina.startup.VersionLoggerListener.log Command line argument: --add-opens=java.base/java.util.concurrent=ALL-UNNAMED
05-Jul-2024 23:19:21.422 INFO [main] org.apache.catalina.startup.VersionLoggerListener.log Command line argument: --add-opens=java.rmi/sun.rmi.transport=ALL-UNNAMED
05-Jul-2024 23:19:21.422 INFO [main] org.apache.catalina.startup.VersionLoggerListener.log Command line argument: -Dcatalina.base=C:\Users\Admin\Downloads\apache-tomcat-10.1.25
05-Jul-2024 23:19:21.422 INFO [main] org.apache.catalina.startup.VersionLoggerListener.log Command line argument: -Dcatalina.home=C:\Users\Admin\Downloads\apache-tomcat-10.1.25
05-Jul-2024 23:19:21.423 INFO [main] org.apache.catalina.startup.VersionLoggerListener.log Command line argument: -Djava.io.tmpdir=C:\Users\Admin\Downloads\apache-tomcat-10.1.25\temp
05-Jul-2024 23:19:21.425 INFO [main] org.apache.catalina.core.AprLifecycleListener.lifecycleEvent Loaded Apache Tomcat Native library [2.0.7] using APR version [1.7.4].
05-Jul-2024 23:19:21.429 INFO [main] org.apache.catalina.core.AprLifecycleListener.initializeSSL OpenSSL successfully initialized [OpenSSL 3.0.13 30 Jan 2024]
05-Jul-2024 23:19:21.706 INFO [main] org.apache.coyote.AbstractProtocol.init Инициализация ProtocolHandler ["http-nio-8080"]
05-Jul-2024 23:19:21.732 INFO [main] org.apache.catalina.startup.Catalina.load Server initialization in [540] milliseconds
05-Jul-2024 23:19:21.798 INFO [main] org.apache.catalina.core.StandardService.startInternal Starting service [Catalina]
05-Jul-2024 23:19:21.798 INFO [main] org.apache.catalina.core.StandardEngine.startInternal Starting Servlet engine: [Apache Tomcat/10.1.25]
05-Jul-2024 23:19:21.810 INFO [main] org.apache.catalina.startup.HostConfig.deployDirectory Установка веб приложения в папку [C:\Users\Admin\Downloads\apache-tomcat-10.1.25\webapps\docs]
05-Jul-2024 23:19:22.198 INFO [main] org.apache.catalina.startup.HostConfig.deployDirectory Deployment of web application directory [C:\Users\Admin\Downloads\apache-tomcat-10.1.25\webapps\docs] has finished in [386] ms
05-Jul-2024 23:19:22.198 INFO [main] org.apache.catalina.startup.HostConfig.deployDirectory Установка веб приложения в папку [C:\Users\Admin\Downloads\apache-tomcat-10.1.25\webapps\examples]
05-Jul-2024 23:19:22.664 INFO [main] org.apache.catalina.startup.HostConfig.deployDirectory Deployment of web application directory [C:\Users\Admin\Downloads\apache-tomcat-10.1.25\webapps\examples] has finished in [466] ms
05-Jul-2024 23:19:22.665 INFO [main] org.apache.catalina.startup.HostConfig.deployDirectory Установка веб приложения в папку [C:\Users\Admin\Downloads\apache-tomcat-10.1.25\webapps\homework3]
05-Jul-2024 23:19:23.179 INFO [main] org.apache.jasper.servlet.TldScanner.scanJars At least one JAR was scanned for TLDs yet contained no TLDs. Enable debug logging for this logger for a complete list of JARs that were scanned but no TLDs were found in them. Skipping unneeded JARs during scanning can improve startup time and JSP compilation time.
05-Jul-2024 23:19:23.191 INFO [main] org.apache.catalina.startup.HostConfig.deployDirectory Deployment of web application directory [C:\Users\Admin\Downloads\apache-tomcat-10.1.25\webapps\homework3] has finished in [527] ms
05-Jul-2024 23:19:23.191 INFO [main] org.apache.catalina.startup.HostConfig.deployDirectory Установка веб приложения в папку [C:\Users\Admin\Downloads\apache-tomcat-10.1.25\webapps\host-manager]
05-Jul-2024 23:19:23.255 INFO [main] org.apache.catalina.startup.HostConfig.deployDirectory Deployment of web application directory [C:\Users\Admin\Downloads\apache-tomcat-10.1.25\webapps\host-manager] has finished in [64] ms
05-Jul-2024 23:19:23.255 INFO [main] org.apache.catalina.startup.HostConfig.deployDirectory Установка веб приложения в папку [C:\Users\Admin\Downloads\apache-tomcat-10.1.25\webapps\manager]
05-Jul-2024 23:19:23.308 INFO [main] org.apache.catalina.startup.HostConfig.deployDirectory Deployment of web application directory [C:\Users\Admin\Downloads\apache-tomcat-10.1.25\webapps\manager] has finished in [53] ms
05-Jul-2024 23:19:23.316 INFO [main] org.apache.catalina.startup.HostConfig.deployDirectory Установка веб приложения в папку [C:\Users\Admin\Downloads\apache-tomcat-10.1.25\webapps\ROOT]
05-Jul-2024 23:19:23.390 INFO [main] org.apache.catalina.startup.HostConfig.deployDirectory Deployment of web application directory [C:\Users\Admin\Downloads\apache-tomcat-10.1.25\webapps\ROOT] has finished in [74] ms
05-Jul-2024 23:19:23.399 INFO [main] org.apache.coyote.AbstractProtocol.start Starting ProtocolHandler ["http-nio-8080"]
05-Jul-2024 23:19:23.500 INFO [main] org.apache.catalina.startup.Catalina.start Server startup in [1764] milliseconds
05-Jul-2024 23:21:22.190 INFO [Thread-1] org.apache.coyote.AbstractProtocol.pause Pausing ProtocolHandler ["http-nio-8080"]
05-Jul-2024 23:21:22.410 INFO [Thread-1] org.apache.catalina.core.StandardService.stopInternal Stopping service [Catalina]
05-Jul-2024 23:21:22.445 INFO [Thread-1] org.apache.coyote.AbstractProtocol.stop Stopping ProtocolHandler ["http-nio-8080"]
05-Jul-2024 23:21:22.463 INFO [Thread-1] org.apache.coyote.AbstractProtocol.destroy Destroying ProtocolHandler ["http-nio-8080"]
05-Jul-2024 23:21:33.785 SEVERE [main] org.apache.catalina.startup.Catalina.stopServer Could not contact [localhost:8005] (base port [8005] and offset [0]). Tomcat may not be running.
05-Jul-2024 23:21:33.789 SEVERE [main] org.apache.catalina.startup.Catalina.stopServer Error stopping Catalina
	java.net.ConnectException: Connection refused: connect
		at java.base/sun.nio.ch.Net.connect0(Native Method)
		at java.base/sun.nio.ch.Net.connect(Net.java:580)
		at java.base/sun.nio.ch.Net.connect(Net.java:569)
		at java.base/sun.nio.ch.NioSocketImpl.connect(NioSocketImpl.java:576)
		at java.base/java.net.SocksSocketImpl.connect(SocksSocketImpl.java:327)
		at java.base/java.net.Socket.connect(Socket.java:666)
		at java.base/java.net.Socket.connect(Socket.java:600)
		at java.base/java.net.Socket.<init>(Socket.java:509)
		at java.base/java.net.Socket.<init>(Socket.java:289)
		at org.apache.catalina.startup.Catalina.stopServer(Catalina.java:653)
		at java.base/jdk.internal.reflect.DirectMethodHandleAccessor.invoke(DirectMethodHandleAccessor.java:104)
		at java.base/java.lang.reflect.Method.invoke(Method.java:578)
		at org.apache.catalina.startup.Bootstrap.stopServer(Bootstrap.java:393)
		at org.apache.catalina.startup.Bootstrap.main(Bootstrap.java:478)
05-Jul-2024 23:23:02.905 INFO [main] org.apache.catalina.startup.VersionLoggerListener.log Имя версии сервера:    Apache Tomcat/10.1.25
05-Jul-2024 23:23:02.905 INFO [main] org.apache.catalina.startup.VersionLoggerListener.log Сервер собран:         Jun 14 2024 19:31:59 UTC
05-Jul-2024 23:23:02.905 INFO [main] org.apache.catalina.startup.VersionLoggerListener.log Номер версии сервера:  10.1.25.0
05-Jul-2024 23:23:02.905 INFO [main] org.apache.catalina.startup.VersionLoggerListener.log OS Name:               Windows 11
05-Jul-2024 23:23:02.905 INFO [main] org.apache.catalina.startup.VersionLoggerListener.log Версия ОС:             10.0
05-Jul-2024 23:23:02.905 INFO [main] org.apache.catalina.startup.VersionLoggerListener.log Архитектура:           amd64
05-Jul-2024 23:23:02.905 INFO [main] org.apache.catalina.startup.VersionLoggerListener.log Java Home:             C:\Program Files\Java\jdk-20
05-Jul-2024 23:23:02.905 INFO [main] org.apache.catalina.startup.VersionLoggerListener.log Версия JVM:            20.0.1+9-29
05-Jul-2024 23:23:02.905 INFO [main] org.apache.catalina.startup.VersionLoggerListener.log Производитель JVM:     Oracle Corporation
05-Jul-2024 23:23:02.905 INFO [main] org.apache.catalina.startup.VersionLoggerListener.log CATALINA_BASE:         C:\Users\Admin\Downloads\apache-tomcat-10.1.25
05-Jul-2024 23:23:02.905 INFO [main] org.apache.catalina.startup.VersionLoggerListener.log CATALINA_HOME:         C:\Users\Admin\Downloads\apache-tomcat-10.1.25
05-Jul-2024 23:23:02.921 INFO [main] org.apache.catalina.startup.VersionLoggerListener.log Command line argument: -Djava.util.logging.config.file=C:\Users\Admin\Downloads\apache-tomcat-10.1.25\conf\logging.properties
05-Jul-2024 23:23:02.921 INFO [main] org.apache.catalina.startup.VersionLoggerListener.log Command line argument: -Djava.util.logging.manager=org.apache.juli.ClassLoaderLogManager
05-Jul-2024 23:23:02.921 INFO [main] org.apache.catalina.startup.VersionLoggerListener.log Command line argument: -Djdk.tls.ephemeralDHKeySize=2048
05-Jul-2024 23:23:02.921 INFO [main] org.apache.catalina.startup.VersionLoggerListener.log Command line argument: -Djava.protocol.handler.pkgs=org.apache.catalina.webresources
05-Jul-2024 23:23:02.921 INFO [main] org.apache.catalina.startup.VersionLoggerListener.log Command line argument: --add-opens=java.base/java.lang=ALL-UNNAMED
05-Jul-2024 23:23:02.921 INFO [main] org.apache.catalina.startup.VersionLoggerListener.log Command line argument: --add-opens=java.base/java.io=ALL-UNNAMED
05-Jul-2024 23:23:02.921 INFO [main] org.apache.catalina.startup.VersionLoggerListener.log Command line argument: --add-opens=java.base/java.util=ALL-UNNAMED
05-Jul-2024 23:23:02.921 INFO [main] org.apache.catalina.startup.VersionLoggerListener.log Command line argument: --add-opens=java.base/java.util.concurrent=ALL-UNNAMED
05-Jul-2024 23:23:02.921 INFO [main] org.apache.catalina.startup.VersionLoggerListener.log Command line argument: --add-opens=java.rmi/sun.rmi.transport=ALL-UNNAMED
05-Jul-2024 23:23:02.921 INFO [main] org.apache.catalina.startup.VersionLoggerListener.log Command line argument: -Dcatalina.base=C:\Users\Admin\Downloads\apache-tomcat-10.1.25
05-Jul-2024 23:23:02.921 INFO [main] org.apache.catalina.startup.VersionLoggerListener.log Command line argument: -Dcatalina.home=C:\Users\Admin\Downloads\apache-tomcat-10.1.25
05-Jul-2024 23:23:02.921 INFO [main] org.apache.catalina.startup.VersionLoggerListener.log Command line argument: -Djava.io.tmpdir=C:\Users\Admin\Downloads\apache-tomcat-10.1.25\temp
05-Jul-2024 23:23:02.921 INFO [main] org.apache.catalina.core.AprLifecycleListener.lifecycleEvent Loaded Apache Tomcat Native library [2.0.7] using APR version [1.7.4].
05-Jul-2024 23:23:02.937 INFO [main] org.apache.catalina.core.AprLifecycleListener.initializeSSL OpenSSL successfully initialized [OpenSSL 3.0.13 30 Jan 2024]
05-Jul-2024 23:23:03.272 INFO [main] org.apache.coyote.AbstractProtocol.init Инициализация ProtocolHandler ["http-nio-8080"]
05-Jul-2024 23:23:03.316 INFO [main] org.apache.catalina.startup.Catalina.load Server initialization in [621] milliseconds
05-Jul-2024 23:23:03.410 INFO [main] org.apache.catalina.core.StandardService.startInternal Starting service [Catalina]
05-Jul-2024 23:23:03.418 INFO [main] org.apache.catalina.core.StandardEngine.startInternal Starting Servlet engine: [Apache Tomcat/10.1.25]
05-Jul-2024 23:23:03.435 INFO [main] org.apache.catalina.startup.HostConfig.deployDirectory Установка веб приложения в папку [C:\Users\Admin\Downloads\apache-tomcat-10.1.25\webapps\docs]
05-Jul-2024 23:23:03.899 INFO [main] org.apache.catalina.startup.HostConfig.deployDirectory Deployment of web application directory [C:\Users\Admin\Downloads\apache-tomcat-10.1.25\webapps\docs] has finished in [464] ms
05-Jul-2024 23:23:03.899 INFO [main] org.apache.catalina.startup.HostConfig.deployDirectory Установка веб приложения в папку [C:\Users\Admin\Downloads\apache-tomcat-10.1.25\webapps\examples]
05-Jul-2024 23:23:04.405 INFO [main] org.apache.catalina.startup.HostConfig.deployDirectory Deployment of web application directory [C:\Users\Admin\Downloads\apache-tomcat-10.1.25\webapps\examples] has finished in [506] ms
05-Jul-2024 23:23:04.405 INFO [main] org.apache.catalina.startup.HostConfig.deployDirectory Установка веб приложения в папку [C:\Users\Admin\Downloads\apache-tomcat-10.1.25\webapps\homework3]
05-Jul-2024 23:23:04.890 INFO [main] org.apache.jasper.servlet.TldScanner.scanJars At least one JAR was scanned for TLDs yet contained no TLDs. Enable debug logging for this logger for a complete list of JARs that were scanned but no TLDs were found in them. Skipping unneeded JARs during scanning can improve startup time and JSP compilation time.
05-Jul-2024 23:23:04.906 INFO [main] org.apache.catalina.startup.HostConfig.deployDirectory Deployment of web application directory [C:\Users\Admin\Downloads\apache-tomcat-10.1.25\webapps\homework3] has finished in [501] ms
05-Jul-2024 23:23:04.906 INFO [main] org.apache.catalina.startup.HostConfig.deployDirectory Установка веб приложения в папку [C:\Users\Admin\Downloads\apache-tomcat-10.1.25\webapps\host-manager]
05-Jul-2024 23:23:04.953 INFO [main] org.apache.catalina.startup.HostConfig.deployDirectory Deployment of web application directory [C:\Users\Admin\Downloads\apache-tomcat-10.1.25\webapps\host-manager] has finished in [47] ms
05-Jul-2024 23:23:04.953 INFO [main] org.apache.catalina.startup.HostConfig.deployDirectory Установка веб приложения в папку [C:\Users\Admin\Downloads\apache-tomcat-10.1.25\webapps\manager]
05-Jul-2024 23:23:05.000 INFO [main] org.apache.catalina.startup.HostConfig.deployDirectory Deployment of web application directory [C:\Users\Admin\Downloads\apache-tomcat-10.1.25\webapps\manager] has finished in [47] ms
05-Jul-2024 23:23:05.000 INFO [main] org.apache.catalina.startup.HostConfig.deployDirectory Установка веб приложения в папку [C:\Users\Admin\Downloads\apache-tomcat-10.1.25\webapps\ROOT]
05-Jul-2024 23:23:05.032 INFO [main] org.apache.catalina.startup.HostConfig.deployDirectory Deployment of web application directory [C:\Users\Admin\Downloads\apache-tomcat-10.1.25\webapps\ROOT] has finished in [32] ms
05-Jul-2024 23:23:05.045 INFO [main] org.apache.coyote.AbstractProtocol.start Starting ProtocolHandler ["http-nio-8080"]
05-Jul-2024 23:23:05.086 INFO [main] org.apache.catalina.startup.Catalina.start Server startup in [1761] milliseconds
05-Jul-2024 23:24:39.204 INFO [main] org.apache.catalina.core.StandardServer.await A valid shutdown command was received via the shutdown port. Stopping the Server instance.
05-Jul-2024 23:24:39.205 INFO [main] org.apache.coyote.AbstractProtocol.pause Pausing ProtocolHandler ["http-nio-8080"]
05-Jul-2024 23:24:39.477 INFO [main] org.apache.catalina.core.StandardService.stopInternal Stopping service [Catalina]
05-Jul-2024 23:24:39.518 INFO [main] org.apache.coyote.AbstractProtocol.stop Stopping ProtocolHandler ["http-nio-8080"]
05-Jul-2024 23:24:39.544 INFO [main] org.apache.coyote.AbstractProtocol.destroy Destroying ProtocolHandler ["http-nio-8080"]
05-Jul-2024 23:25:16.636 INFO [main] org.apache.catalina.startup.VersionLoggerListener.log Имя версии сервера:    Apache Tomcat/10.1.25
05-Jul-2024 23:25:16.640 INFO [main] org.apache.catalina.startup.VersionLoggerListener.log Сервер собран:         Jun 14 2024 19:31:59 UTC
05-Jul-2024 23:25:16.640 INFO [main] org.apache.catalina.startup.VersionLoggerListener.log Номер версии сервера:  10.1.25.0
05-Jul-2024 23:25:16.640 INFO [main] org.apache.catalina.startup.VersionLoggerListener.log OS Name:               Windows 11
05-Jul-2024 23:25:16.641 INFO [main] org.apache.catalina.startup.VersionLoggerListener.log Версия ОС:             10.0
05-Jul-2024 23:25:16.641 INFO [main] org.apache.catalina.startup.VersionLoggerListener.log Архитектура:           amd64
05-Jul-2024 23:25:16.641 INFO [main] org.apache.catalina.startup.VersionLoggerListener.log Java Home:             C:\Program Files\Java\jdk-20
05-Jul-2024 23:25:16.641 INFO [main] org.apache.catalina.startup.VersionLoggerListener.log Версия JVM:            20.0.1+9-29
05-Jul-2024 23:25:16.641 INFO [main] org.apache.catalina.startup.VersionLoggerListener.log Производитель JVM:     Oracle Corporation
05-Jul-2024 23:25:16.641 INFO [main] org.apache.catalina.startup.VersionLoggerListener.log CATALINA_BASE:         C:\Users\Admin\Downloads\apache-tomcat-10.1.25
05-Jul-2024 23:25:16.643 INFO [main] org.apache.catalina.startup.VersionLoggerListener.log CATALINA_HOME:         C:\Users\Admin\Downloads\apache-tomcat-10.1.25
05-Jul-2024 23:25:16.653 INFO [main] org.apache.catalina.startup.VersionLoggerListener.log Command line argument: -Djava.util.logging.config.file=C:\Users\Admin\Downloads\apache-tomcat-10.1.25\conf\logging.properties
05-Jul-2024 23:25:16.653 INFO [main] org.apache.catalina.startup.VersionLoggerListener.log Command line argument: -Djava.util.logging.manager=org.apache.juli.ClassLoaderLogManager
05-Jul-2024 23:25:16.653 INFO [main] org.apache.catalina.startup.VersionLoggerListener.log Command line argument: -Djdk.tls.ephemeralDHKeySize=2048
05-Jul-2024 23:25:16.653 INFO [main] org.apache.catalina.startup.VersionLoggerListener.log Command line argument: -Djava.protocol.handler.pkgs=org.apache.catalina.webresources
05-Jul-2024 23:25:16.653 INFO [main] org.apache.catalina.startup.VersionLoggerListener.log Command line argument: --add-opens=java.base/java.lang=ALL-UNNAMED
05-Jul-2024 23:25:16.654 INFO [main] org.apache.catalina.startup.VersionLoggerListener.log Command line argument: --add-opens=java.base/java.io=ALL-UNNAMED
05-Jul-2024 23:25:16.654 INFO [main] org.apache.catalina.startup.VersionLoggerListener.log Command line argument: --add-opens=java.base/java.util=ALL-UNNAMED
05-Jul-2024 23:25:16.654 INFO [main] org.apache.catalina.startup.VersionLoggerListener.log Command line argument: --add-opens=java.base/java.util.concurrent=ALL-UNNAMED
05-Jul-2024 23:25:16.655 INFO [main] org.apache.catalina.startup.VersionLoggerListener.log Command line argument: --add-opens=java.rmi/sun.rmi.transport=ALL-UNNAMED
05-Jul-2024 23:25:16.656 INFO [main] org.apache.catalina.startup.VersionLoggerListener.log Command line argument: -Dcatalina.base=C:\Users\Admin\Downloads\apache-tomcat-10.1.25
05-Jul-2024 23:25:16.656 INFO [main] org.apache.catalina.startup.VersionLoggerListener.log Command line argument: -Dcatalina.home=C:\Users\Admin\Downloads\apache-tomcat-10.1.25
05-Jul-2024 23:25:16.656 INFO [main] org.apache.catalina.startup.VersionLoggerListener.log Command line argument: -Djava.io.tmpdir=C:\Users\Admin\Downloads\apache-tomcat-10.1.25\temp
05-Jul-2024 23:25:16.659 INFO [main] org.apache.catalina.core.AprLifecycleListener.lifecycleEvent Loaded Apache Tomcat Native library [2.0.7] using APR version [1.7.4].
05-Jul-2024 23:25:16.663 INFO [main] org.apache.catalina.core.AprLifecycleListener.initializeSSL OpenSSL successfully initialized [OpenSSL 3.0.13 30 Jan 2024]
05-Jul-2024 23:25:16.962 INFO [main] org.apache.coyote.AbstractProtocol.init Инициализация ProtocolHandler ["http-nio-8080"]
05-Jul-2024 23:25:16.989 INFO [main] org.apache.catalina.startup.Catalina.load Server initialization in [550] milliseconds
05-Jul-2024 23:25:17.054 INFO [main] org.apache.catalina.core.StandardService.startInternal Starting service [Catalina]
05-Jul-2024 23:25:17.054 INFO [main] org.apache.catalina.core.StandardEngine.startInternal Starting Servlet engine: [Apache Tomcat/10.1.25]
05-Jul-2024 23:25:17.068 INFO [main] org.apache.catalina.startup.HostConfig.deployDirectory Установка веб приложения в папку [C:\Users\Admin\Downloads\apache-tomcat-10.1.25\webapps\docs]
05-Jul-2024 23:25:17.439 INFO [main] org.apache.catalina.startup.HostConfig.deployDirectory Deployment of web application directory [C:\Users\Admin\Downloads\apache-tomcat-10.1.25\webapps\docs] has finished in [370] ms
05-Jul-2024 23:25:17.440 INFO [main] org.apache.catalina.startup.HostConfig.deployDirectory Установка веб приложения в папку [C:\Users\Admin\Downloads\apache-tomcat-10.1.25\webapps\examples]
05-Jul-2024 23:25:17.849 INFO [main] org.apache.catalina.startup.HostConfig.deployDirectory Deployment of web application directory [C:\Users\Admin\Downloads\apache-tomcat-10.1.25\webapps\examples] has finished in [410] ms
05-Jul-2024 23:25:17.850 INFO [main] org.apache.catalina.startup.HostConfig.deployDirectory Установка веб приложения в папку [C:\Users\Admin\Downloads\apache-tomcat-10.1.25\webapps\homework3]
05-Jul-2024 23:25:18.285 INFO [main] org.apache.jasper.servlet.TldScanner.scanJars At least one JAR was scanned for TLDs yet contained no TLDs. Enable debug logging for this logger for a complete list of JARs that were scanned but no TLDs were found in them. Skipping unneeded JARs during scanning can improve startup time and JSP compilation time.
05-Jul-2024 23:25:18.295 INFO [main] org.apache.catalina.startup.HostConfig.deployDirectory Deployment of web application directory [C:\Users\Admin\Downloads\apache-tomcat-10.1.25\webapps\homework3] has finished in [444] ms
05-Jul-2024 23:25:18.295 INFO [main] org.apache.catalina.startup.HostConfig.deployDirectory Установка веб приложения в папку [C:\Users\Admin\Downloads\apache-tomcat-10.1.25\webapps\host-manager]
05-Jul-2024 23:25:18.337 INFO [main] org.apache.catalina.startup.HostConfig.deployDirectory Deployment of web application directory [C:\Users\Admin\Downloads\apache-tomcat-10.1.25\webapps\host-manager] has finished in [42] ms
05-Jul-2024 23:25:18.337 INFO [main] org.apache.catalina.startup.HostConfig.deployDirectory Установка веб приложения в папку [C:\Users\Admin\Downloads\apache-tomcat-10.1.25\webapps\manager]
05-Jul-2024 23:25:18.376 INFO [main] org.apache.catalina.startup.HostConfig.deployDirectory Deployment of web application directory [C:\Users\Admin\Downloads\apache-tomcat-10.1.25\webapps\manager] has finished in [38] ms
05-Jul-2024 23:25:18.376 INFO [main] org.apache.catalina.startup.HostConfig.deployDirectory Установка веб приложения в папку [C:\Users\Admin\Downloads\apache-tomcat-10.1.25\webapps\ROOT]
05-Jul-2024 23:25:18.400 INFO [main] org.apache.catalina.startup.HostConfig.deployDirectory Deployment of web application directory [C:\Users\Admin\Downloads\apache-tomcat-10.1.25\webapps\ROOT] has finished in [24] ms
05-Jul-2024 23:25:18.409 INFO [main] org.apache.coyote.AbstractProtocol.start Starting ProtocolHandler ["http-nio-8080"]
05-Jul-2024 23:25:18.453 INFO [main] org.apache.catalina.startup.Catalina.start Server startup in [1459] milliseconds
