06-Jul-2024 20:27:56.204 INFO [main] org.apache.catalina.core.ApplicationContext.log ContextListener: contextInitialized()
06-Jul-2024 20:27:56.204 INFO [main] org.apache.catalina.core.ApplicationContext.log SessionListener: contextInitialized()
06-Jul-2024 20:27:56.207 INFO [main] org.apache.catalina.core.ApplicationContext.log ContextListener: attributeAdded('StockTicker', 'async.Stockticker@76c7beb3')
06-Jul-2024 20:28:08.715 SEVERE [http-nio-8080-exec-2] org.apache.catalina.core.StandardWrapperValve.invoke Servlet.service() для сервлета [userServlet] в контексте с путем [/homework3] выбросил исключение [Servlet execution threw an exception] с первопричиной
	java.lang.NoSuchMethodError: 'void ru.homework.DTO.User.<init>(java.lang.Long, java.lang.String, java.lang.String, java.util.List, ru.homework.DTO.Workspace)'
		at ru.homework.servlet.controller.UserControllerServlet.doGet(UserControllerServlet.java:33)
		at jakarta.servlet.http.HttpServlet.service(HttpServlet.java:564)
		at jakarta.servlet.http.HttpServlet.service(HttpServlet.java:658)
		at org.apache.catalina.core.ApplicationFilterChain.internalDoFilter(ApplicationFilterChain.java:195)
		at org.apache.catalina.core.ApplicationFilterChain.doFilter(ApplicationFilterChain.java:140)
		at org.apache.tomcat.websocket.server.WsFilter.doFilter(WsFilter.java:51)
		at org.apache.catalina.core.ApplicationFilterChain.internalDoFilter(ApplicationFilterChain.java:164)
		at org.apache.catalina.core.ApplicationFilterChain.doFilter(ApplicationFilterChain.java:140)
		at org.apache.catalina.core.StandardWrapperValve.invoke(StandardWrapperValve.java:167)
		at org.apache.catalina.core.StandardContextValve.invoke(StandardContextValve.java:90)
		at org.apache.catalina.authenticator.AuthenticatorBase.invoke(AuthenticatorBase.java:482)
		at org.apache.catalina.core.StandardHostValve.invoke(StandardHostValve.java:115)
		at org.apache.catalina.valves.ErrorReportValve.invoke(ErrorReportValve.java:93)
		at org.apache.catalina.valves.AbstractAccessLogValve.invoke(AbstractAccessLogValve.java:663)
		at org.apache.catalina.core.StandardEngineValve.invoke(StandardEngineValve.java:74)
		at org.apache.catalina.connector.CoyoteAdapter.service(CoyoteAdapter.java:344)
		at org.apache.coyote.http11.Http11Processor.service(Http11Processor.java:389)
		at org.apache.coyote.AbstractProcessorLight.process(AbstractProcessorLight.java:63)
		at org.apache.coyote.AbstractProtocol$ConnectionHandler.process(AbstractProtocol.java:904)
		at org.apache.tomcat.util.net.NioEndpoint$SocketProcessor.doRun(NioEndpoint.java:1741)
		at org.apache.tomcat.util.net.SocketProcessorBase.run(SocketProcessorBase.java:52)
		at org.apache.tomcat.util.threads.ThreadPoolExecutor.runWorker(ThreadPoolExecutor.java:1190)
		at org.apache.tomcat.util.threads.ThreadPoolExecutor$Worker.run(ThreadPoolExecutor.java:659)
		at org.apache.tomcat.util.threads.TaskThread$WrappingRunnable.run(TaskThread.java:63)
		at java.base/java.lang.Thread.run(Thread.java:1623)
06-Jul-2024 20:36:49.670 INFO [Thread-1] org.apache.catalina.core.ApplicationContext.log SessionListener: contextDestroyed()
06-Jul-2024 20:36:49.670 INFO [Thread-1] org.apache.catalina.core.ApplicationContext.log ContextListener: contextDestroyed()
06-Jul-2024 20:37:13.079 INFO [main] org.apache.catalina.core.ApplicationContext.log ContextListener: contextInitialized()
06-Jul-2024 20:37:13.079 INFO [main] org.apache.catalina.core.ApplicationContext.log SessionListener: contextInitialized()
06-Jul-2024 20:37:13.084 INFO [main] org.apache.catalina.core.ApplicationContext.log ContextListener: attributeAdded('StockTicker', 'async.Stockticker@751d3241')
06-Jul-2024 20:40:41.643 SEVERE [http-nio-8080-exec-4] org.apache.catalina.core.StandardWrapperValve.invoke Servlet.service() для сервлета [userServlet] в контексте с путем [/homework3] выбросил исключение [Servlet execution threw an exception] с первопричиной
	java.lang.NoSuchMethodError: 'void ru.homework.DTO.User.<init>(java.lang.Long, java.lang.String, java.lang.String, java.util.List, ru.homework.DTO.Workspace)'
		at ru.homework.servlet.controller.UserControllerServlet.doGet(UserControllerServlet.java:33)
		at jakarta.servlet.http.HttpServlet.service(HttpServlet.java:564)
		at jakarta.servlet.http.HttpServlet.service(HttpServlet.java:658)
		at org.apache.catalina.core.ApplicationFilterChain.internalDoFilter(ApplicationFilterChain.java:195)
		at org.apache.catalina.core.ApplicationFilterChain.doFilter(ApplicationFilterChain.java:140)
		at org.apache.tomcat.websocket.server.WsFilter.doFilter(WsFilter.java:51)
		at org.apache.catalina.core.ApplicationFilterChain.internalDoFilter(ApplicationFilterChain.java:164)
		at org.apache.catalina.core.ApplicationFilterChain.doFilter(ApplicationFilterChain.java:140)
		at org.apache.catalina.core.StandardWrapperValve.invoke(StandardWrapperValve.java:167)
		at org.apache.catalina.core.StandardContextValve.invoke(StandardContextValve.java:90)
		at org.apache.catalina.authenticator.AuthenticatorBase.invoke(AuthenticatorBase.java:482)
		at org.apache.catalina.core.StandardHostValve.invoke(StandardHostValve.java:115)
		at org.apache.catalina.valves.ErrorReportValve.invoke(ErrorReportValve.java:93)
		at org.apache.catalina.valves.AbstractAccessLogValve.invoke(AbstractAccessLogValve.java:663)
		at org.apache.catalina.core.StandardEngineValve.invoke(StandardEngineValve.java:74)
		at org.apache.catalina.connector.CoyoteAdapter.service(CoyoteAdapter.java:344)
		at org.apache.coyote.http11.Http11Processor.service(Http11Processor.java:389)
		at org.apache.coyote.AbstractProcessorLight.process(AbstractProcessorLight.java:63)
		at org.apache.coyote.AbstractProtocol$ConnectionHandler.process(AbstractProtocol.java:904)
		at org.apache.tomcat.util.net.NioEndpoint$SocketProcessor.doRun(NioEndpoint.java:1741)
		at org.apache.tomcat.util.net.SocketProcessorBase.run(SocketProcessorBase.java:52)
		at org.apache.tomcat.util.threads.ThreadPoolExecutor.runWorker(ThreadPoolExecutor.java:1190)
		at org.apache.tomcat.util.threads.ThreadPoolExecutor$Worker.run(ThreadPoolExecutor.java:659)
		at org.apache.tomcat.util.threads.TaskThread$WrappingRunnable.run(TaskThread.java:63)
		at java.base/java.lang.Thread.run(Thread.java:1623)
06-Jul-2024 20:47:50.018 INFO [Thread-1] org.apache.catalina.core.ApplicationContext.log SessionListener: contextDestroyed()
06-Jul-2024 20:47:50.018 INFO [Thread-1] org.apache.catalina.core.ApplicationContext.log ContextListener: contextDestroyed()
06-Jul-2024 20:47:56.237 INFO [main] org.apache.catalina.core.ApplicationContext.log ContextListener: contextInitialized()
06-Jul-2024 20:47:56.237 INFO [main] org.apache.catalina.core.ApplicationContext.log SessionListener: contextInitialized()
06-Jul-2024 20:47:56.241 INFO [main] org.apache.catalina.core.ApplicationContext.log ContextListener: attributeAdded('StockTicker', 'async.Stockticker@76c7beb3')
06-Jul-2024 20:48:04.991 INFO [main] org.apache.catalina.core.ApplicationContext.log ContextListener: contextInitialized()
06-Jul-2024 20:48:04.992 INFO [main] org.apache.catalina.core.ApplicationContext.log SessionListener: contextInitialized()
06-Jul-2024 20:48:04.995 INFO [main] org.apache.catalina.core.ApplicationContext.log ContextListener: attributeAdded('StockTicker', 'async.Stockticker@d5ae57e')
06-Jul-2024 20:48:05.816 INFO [main] org.apache.catalina.core.ApplicationContext.log SessionListener: contextDestroyed()
06-Jul-2024 20:48:05.816 INFO [main] org.apache.catalina.core.ApplicationContext.log ContextListener: contextDestroyed()
06-Jul-2024 20:48:10.706 INFO [Thread-1] org.apache.catalina.core.ApplicationContext.log SessionListener: contextDestroyed()
06-Jul-2024 20:48:10.706 INFO [Thread-1] org.apache.catalina.core.ApplicationContext.log ContextListener: contextDestroyed()
06-Jul-2024 20:48:15.695 INFO [main] org.apache.catalina.core.ApplicationContext.log ContextListener: contextInitialized()
06-Jul-2024 20:48:15.696 INFO [main] org.apache.catalina.core.ApplicationContext.log SessionListener: contextInitialized()
06-Jul-2024 20:48:15.699 INFO [main] org.apache.catalina.core.ApplicationContext.log ContextListener: attributeAdded('StockTicker', 'async.Stockticker@751d3241')
06-Jul-2024 20:48:24.492 SEVERE [http-nio-8080-exec-1] org.apache.catalina.core.StandardWrapperValve.invoke Servlet.service() для сервлета [userServlet] в контексте с путем [/homework3] выбросил исключение [Servlet execution threw an exception] с первопричиной
	java.lang.NoSuchMethodError: 'void ru.homework.DTO.User.<init>(java.lang.Long, java.lang.String, java.lang.String, java.util.List, ru.homework.DTO.Workspace)'
		at ru.homework.servlet.controller.UserControllerServlet.doGet(UserControllerServlet.java:30)
		at jakarta.servlet.http.HttpServlet.service(HttpServlet.java:564)
		at jakarta.servlet.http.HttpServlet.service(HttpServlet.java:658)
		at org.apache.catalina.core.ApplicationFilterChain.internalDoFilter(ApplicationFilterChain.java:195)
		at org.apache.catalina.core.ApplicationFilterChain.doFilter(ApplicationFilterChain.java:140)
		at org.apache.tomcat.websocket.server.WsFilter.doFilter(WsFilter.java:51)
		at org.apache.catalina.core.ApplicationFilterChain.internalDoFilter(ApplicationFilterChain.java:164)
		at org.apache.catalina.core.ApplicationFilterChain.doFilter(ApplicationFilterChain.java:140)
		at org.apache.catalina.core.StandardWrapperValve.invoke(StandardWrapperValve.java:167)
		at org.apache.catalina.core.StandardContextValve.invoke(StandardContextValve.java:90)
		at org.apache.catalina.authenticator.AuthenticatorBase.invoke(AuthenticatorBase.java:482)
		at org.apache.catalina.core.StandardHostValve.invoke(StandardHostValve.java:115)
		at org.apache.catalina.valves.ErrorReportValve.invoke(ErrorReportValve.java:93)
		at org.apache.catalina.valves.AbstractAccessLogValve.invoke(AbstractAccessLogValve.java:663)
		at org.apache.catalina.core.StandardEngineValve.invoke(StandardEngineValve.java:74)
		at org.apache.catalina.connector.CoyoteAdapter.service(CoyoteAdapter.java:344)
		at org.apache.coyote.http11.Http11Processor.service(Http11Processor.java:389)
		at org.apache.coyote.AbstractProcessorLight.process(AbstractProcessorLight.java:63)
		at org.apache.coyote.AbstractProtocol$ConnectionHandler.process(AbstractProtocol.java:904)
		at org.apache.tomcat.util.net.NioEndpoint$SocketProcessor.doRun(NioEndpoint.java:1741)
		at org.apache.tomcat.util.net.SocketProcessorBase.run(SocketProcessorBase.java:52)
		at org.apache.tomcat.util.threads.ThreadPoolExecutor.runWorker(ThreadPoolExecutor.java:1190)
		at org.apache.tomcat.util.threads.ThreadPoolExecutor$Worker.run(ThreadPoolExecutor.java:659)
		at org.apache.tomcat.util.threads.TaskThread$WrappingRunnable.run(TaskThread.java:63)
		at java.base/java.lang.Thread.run(Thread.java:1623)
06-Jul-2024 20:54:35.828 INFO [Thread-1] org.apache.catalina.core.ApplicationContext.log SessionListener: contextDestroyed()
06-Jul-2024 20:54:35.828 INFO [Thread-1] org.apache.catalina.core.ApplicationContext.log ContextListener: contextDestroyed()
06-Jul-2024 20:54:42.048 INFO [main] org.apache.catalina.core.ApplicationContext.log ContextListener: contextInitialized()
06-Jul-2024 20:54:42.050 INFO [main] org.apache.catalina.core.ApplicationContext.log SessionListener: contextInitialized()
06-Jul-2024 20:54:42.054 INFO [main] org.apache.catalina.core.ApplicationContext.log ContextListener: attributeAdded('StockTicker', 'async.Stockticker@2cf92cc7')
06-Jul-2024 22:55:36.809 INFO [Thread-1] org.apache.catalina.core.ApplicationContext.log SessionListener: contextDestroyed()
06-Jul-2024 22:55:36.809 INFO [Thread-1] org.apache.catalina.core.ApplicationContext.log ContextListener: contextDestroyed()
06-Jul-2024 22:58:27.610 INFO [main] org.apache.catalina.core.ApplicationContext.log ContextListener: contextInitialized()
06-Jul-2024 22:58:27.610 INFO [main] org.apache.catalina.core.ApplicationContext.log SessionListener: contextInitialized()
06-Jul-2024 22:58:27.614 INFO [main] org.apache.catalina.core.ApplicationContext.log ContextListener: attributeAdded('StockTicker', 'async.Stockticker@3f2ef586')
06-Jul-2024 22:59:49.972 INFO [Thread-1] org.apache.catalina.core.ApplicationContext.log SessionListener: contextDestroyed()
06-Jul-2024 22:59:49.972 INFO [Thread-1] org.apache.catalina.core.ApplicationContext.log ContextListener: contextDestroyed()
06-Jul-2024 22:59:56.898 INFO [main] org.apache.catalina.core.ApplicationContext.log ContextListener: contextInitialized()
06-Jul-2024 22:59:56.898 INFO [main] org.apache.catalina.core.ApplicationContext.log SessionListener: contextInitialized()
06-Jul-2024 22:59:56.902 INFO [main] org.apache.catalina.core.ApplicationContext.log ContextListener: attributeAdded('StockTicker', 'async.Stockticker@756cf158')
06-Jul-2024 23:02:47.707 INFO [Thread-1] org.apache.catalina.core.ApplicationContext.log SessionListener: contextDestroyed()
06-Jul-2024 23:02:47.707 INFO [Thread-1] org.apache.catalina.core.ApplicationContext.log ContextListener: contextDestroyed()
06-Jul-2024 23:02:54.229 INFO [main] org.apache.catalina.core.ApplicationContext.log ContextListener: contextInitialized()
06-Jul-2024 23:02:54.229 INFO [main] org.apache.catalina.core.ApplicationContext.log SessionListener: contextInitialized()
06-Jul-2024 23:02:54.234 INFO [main] org.apache.catalina.core.ApplicationContext.log ContextListener: attributeAdded('StockTicker', 'async.Stockticker@64337702')
06-Jul-2024 23:14:38.263 INFO [Thread-1] org.apache.catalina.core.ApplicationContext.log SessionListener: contextDestroyed()
06-Jul-2024 23:14:38.263 INFO [Thread-1] org.apache.catalina.core.ApplicationContext.log ContextListener: contextDestroyed()
06-Jul-2024 23:29:00.340 INFO [main] org.apache.catalina.core.ApplicationContext.log ContextListener: contextInitialized()
06-Jul-2024 23:29:00.341 INFO [main] org.apache.catalina.core.ApplicationContext.log SessionListener: contextInitialized()
06-Jul-2024 23:29:00.343 INFO [main] org.apache.catalina.core.ApplicationContext.log ContextListener: attributeAdded('StockTicker', 'async.Stockticker@76c7beb3')
06-Jul-2024 23:30:35.672 INFO [main] org.apache.catalina.core.ApplicationContext.log ContextListener: contextInitialized()
06-Jul-2024 23:30:35.672 INFO [main] org.apache.catalina.core.ApplicationContext.log SessionListener: contextInitialized()
06-Jul-2024 23:30:35.674 INFO [main] org.apache.catalina.core.ApplicationContext.log ContextListener: attributeAdded('StockTicker', 'async.Stockticker@592e843a')
06-Jul-2024 23:30:36.271 INFO [main] org.apache.catalina.core.ApplicationContext.log SessionListener: contextDestroyed()
06-Jul-2024 23:30:36.271 INFO [main] org.apache.catalina.core.ApplicationContext.log ContextListener: contextDestroyed()
06-Jul-2024 23:30:43.144 INFO [Thread-1] org.apache.catalina.core.ApplicationContext.log SessionListener: contextDestroyed()
06-Jul-2024 23:30:43.144 INFO [Thread-1] org.apache.catalina.core.ApplicationContext.log ContextListener: contextDestroyed()
06-Jul-2024 23:30:48.494 INFO [main] org.apache.catalina.core.ApplicationContext.log ContextListener: contextInitialized()
06-Jul-2024 23:30:48.495 INFO [main] org.apache.catalina.core.ApplicationContext.log SessionListener: contextInitialized()
06-Jul-2024 23:30:48.499 INFO [main] org.apache.catalina.core.ApplicationContext.log ContextListener: attributeAdded('StockTicker', 'async.Stockticker@2cf92cc7')
06-Jul-2024 23:31:48.880 INFO [Thread-1] org.apache.catalina.core.ApplicationContext.log SessionListener: contextDestroyed()
06-Jul-2024 23:31:48.880 INFO [Thread-1] org.apache.catalina.core.ApplicationContext.log ContextListener: contextDestroyed()
06-Jul-2024 23:32:33.350 INFO [main] org.apache.catalina.core.ApplicationContext.log ContextListener: contextInitialized()
06-Jul-2024 23:32:33.351 INFO [main] org.apache.catalina.core.ApplicationContext.log SessionListener: contextInitialized()
06-Jul-2024 23:32:33.353 INFO [main] org.apache.catalina.core.ApplicationContext.log ContextListener: attributeAdded('StockTicker', 'async.Stockticker@60d8c0dc')
